<?xml version="1.0" encoding="UTF-8" ?>
<testsuite errors="35" failures="1" hostname="Casca-PC" name="Logica.ControladorTest" skipped="0" tests="39" time="75.262" timestamp="2017-10-24T00:30:44">
  <properties>
    <property name="libs.jsp-compiler.javadoc" value="" />
    <property name="netbeans.autoupdate.country" value="ES" />
    <property name="javac.test.classpath" value="C:\Program Files\NetBeans 8.2\java\modules\ext\eclipselink\eclipselink.jar;C:\Program Files\NetBeans 8.2\java\modules\ext\eclipselink\javax.persistence_2.1.0.v201304241213.jar;C:\Program Files\NetBeans 8.2\java\modules\ext\eclipselink\org.eclipse.persistence.jpa.jpql_2.5.2.v20140319-9ad6abd.jar:C:\Program Files\Java\jdk1.8.0_144\db\lib\derby.jar;C:\Program Files\Java\jdk1.8.0_144\db\lib\derbyclient.jar;C:\Program Files\Java\jdk1.8.0_144\db\lib\derbynet.jar:C:\Users\Usuario\Desktop\derby.jar:C:\Users\Usuario\Desktop\derbyclient.jar:C:\Program Files\NetBeans 8.2\java\modules\ext\AbsoluteLayout.jar:build/classes:C:\Program Files\NetBeans 8.2\platform\modules\ext\junit-4.12.jar:C:\Program Files\NetBeans 8.2\platform\modules\ext\hamcrest-core-1.3.jar" />
    <property name="libs.jsf20.maven-pom" value="" />
    <property name="libs.spring-webmvc4.0.src" value="" />
    <property name="ant.core.lib" value="C:\Program Files\NetBeans 8.2\extide\ant\lib\ant.jar" />
    <property name="javadoc.windowtitle" value="" />
    <property name="libs.jsp-compilation.javadoc" value="" />
    <property name="user.dir" value="I:\Gian\Coding\Instituto\Laboratorio_PA_SJ" />
    <property name="libs.javaee-api-7.0.src" value="" />
    <property name="java.vm.version" value="25.144-b01" />
    <property name="libs.MySQLDriver.classpath" value="C:\Program Files\NetBeans 8.2\ide\modules\ext\mysql-connector-java-5.1.23-bin.jar" />
    <property name="libs.eclipselinkmodelgen.src" value="" />
    <property name="javadoc.notree" value="false" />
    <property name="netbeans.autoupdate.version" value="1.23" />
    <property name="libs.EclipseLink-GlassFish-v3.classpath" value="C:\Program Files\glassfish-4.1.1\glassfish\modules\org.eclipse.persistence.antlr.jar;C:\Program Files\glassfish-4.1.1\glassfish\modules\org.eclipse.persistence.asm.jar;C:\Program Files\glassfish-4.1.1\glassfish\modules\org.eclipse.persistence.core.jar;C:\Program Files\glassfish-4.1.1\glassfish\modules\org.eclipse.persistence.dbws.jar;C:\Program Files\glassfish-4.1.1\glassfish\modules\org.eclipse.persistence.jpa.jar;C:\Program Files\glassfish-4.1.1\glassfish\modules\org.eclipse.persistence.jpa.jpql.jar;C:\Program Files\glassfish-4.1.1\glassfish\modules\org.eclipse.persistence.jpa.modelgen.processor.jar;C:\Program Files\glassfish-4.1.1\glassfish\modules\org.eclipse.persistence.moxy.jar;C:\Program Files\glassfish-4.1.1\glassfish\modules\org.eclipse.persistence.oracle.jar;C:\Program Files\glassfish-4.1.1\glassfish\modules\javax.persistence.jar" />
    <property name="libs.javaee-web-api-6.0.classpath" value="C:\Program Files\NetBeans 8.2\enterprise\modules\ext\javaee-web-api-6.0.jar" />
    <property name="libs.Java-EE-GlassFish-v3-Prelude.javadoc" value="C:\Program Files\NetBeans 8.2\enterprise\docs\javaee-doc-api.jar" />
    <property name="javac.profile.cmd.line.arg" value="" />
    <property name="jdk.home" value="C:\Program Files\Java\jdk1.8.0_144" />
    <property name="libs.javac-api.src" value="" />
    <property name="javadoc.noindex" value="false" />
    <property name="libs.jpa2-persistence.classpath" value="C:\Program Files\NetBeans 8.2\java\modules\ext\hibernate4\hibernate-jpa-2.1-api-1.0.0.Final.jar" />
    <property name="sun.os.patch.level" value="Service Pack 1" />
    <property name="libs.Java-EE-GlassFish-v3-Prelude.src" value="" />
    <property name="do.archive+manifest.available" value="true" />
    <property name="java.vm.specification.name" value="Java Virtual Machine Specification" />
    <property name="nb.show.statistics.ui" value="usageStatisticsEnabled" />
    <property name="ant.file.type.Lab_Pro_Apl-impl" value="file" />
    <property name="netbeans.autoupdate.variant" value="" />
    <property name="have.tests" value="true" />
    <property name="org.xml.sax.driver" value="com.sun.org.apache.xerces.internal.jaxp.SAXParserImpl$JAXPSAXParser" />
    <property name="libs.hamcrest.classpath" value="C:\Program Files\NetBeans 8.2\platform\modules\ext\hamcrest-core-1.3.jar" />
    <property name="libs.javac-api.javadoc" value="" />
    <property name="os.name" value="Windows 7" />
    <property name="libs.beans-binding.classpath" value="C:\Program Files\NetBeans 8.2\java\modules\ext\beansbinding-1.2.1.jar" />
    <property name="libs.javaee-endorsed-api-7.0.maven-pom" value="" />
    <property name="ap.proc.none.internal" value="" />
    <property name="libs.restapi.javadoc" value="" />
    <property name="libs.JWSAntTasks.maven-pom" value="" />
    <property name="libs.jstl.classpath" value="C:\Program Files\NetBeans 8.2\enterprise\modules\ext\jstl-impl.jar;C:\Program Files\NetBeans 8.2\enterprise\modules\ext\jstl-api.jar" />
    <property name="libs.testng.src" value="" />
    <property name="libs.spring-webmvc3.0.src" value="" />
    <property name="libs.restapi.classpath" value="C:\Program Files\NetBeans 8.2\enterprise\modules\ext\jaxrs-2.0\javax.ws.rs-api-2.0.jar" />
    <property name="java.vendor.url.bug" value="http://bugreport.sun.com/bugreport/" />
    <property name="libs.jaxb.maven-pom" value="" />
    <property name="os.arch" value="amd64" />
    <property name="libs.eclipselink.src" value="" />
    <property name="user.name" value="Casca" />
    <property name="libs.jsf12.javadoc" value="C:\Program Files\NetBeans 8.2\enterprise\docs\javaee-doc-api.jar" />
    <property name="libs.Comet-GlassFish-v3.javadoc" value="" />
    <property name="copylibs.rebase" value="true" />
    <property name="libs.spring-webmvc3.0.maven-pom" value="" />
    <property name="libs.swing-layout.maven-pom" value="" />
    <property name="sun.java.command" value="org.apache.tools.ant.taskdefs.optional.junit.JUnitTestRunner Logica.ControladorTest skipNonTests=false filtertrace=true haltOnError=false haltOnFailure=false showoutput=true outputtoformatters=true logfailedtests=true threadid=0 logtestlistenerevents=true formatter=org.apache.tools.ant.taskdefs.optional.junit.BriefJUnitResultFormatter formatter=org.apache.tools.ant.taskdefs.optional.junit.XMLJUnitResultFormatter,I:\Gian\Coding\Instituto\Laboratorio_PA_SJ\build\test\results\TEST-Logica.ControladorTest.xml crashfile=I:\Gian\Coding\Instituto\Laboratorio_PA_SJ\build\junitvmwatcher6280985824233064724.properties propsfile=I:\Gian\Coding\Instituto\Laboratorio_PA_SJ\build\junit2437591239833828101.properties" />
    <property name="build.classes.dir" value="build/classes" />
    <property name="netbeans.accept_license_class" value="org.netbeans.license.AcceptLicense" />
    <property name="build.sysclasspath" value="ignore" />
    <property name="manifest.encoding" value="UTF-8" />
    <property name="ap.supported.internal" value="true" />
    <property name="java.failonerror" value="true" />
    <property name="libs.javaee-endorsed-api-7.0.javadoc" value="C:\Program Files\NetBeans 8.2\enterprise\docs\javaee-doc-api.jar" />
    <property name="libs.jaxws21.javadoc" value="C:\Program Files\NetBeans 8.2\java\docs\jaxws-api-doc.zip" />
    <property name="libs.spring-webmvc4.0.javadoc" value="" />
    <property name="includes" value="**" />
    <property name="ant.file.type.Lab_Pro_Apl" value="file" />
    <property name="user.country" value="ES" />
    <property name="manifest.file" value="manifest.mf" />
    <property name="javadoc.encoding" value="UTF-8" />
    <property name="javac.classpath" value="C:\Program Files\NetBeans 8.2\java\modules\ext\eclipselink\eclipselink.jar;C:\Program Files\NetBeans 8.2\java\modules\ext\eclipselink\javax.persistence_2.1.0.v201304241213.jar;C:\Program Files\NetBeans 8.2\java\modules\ext\eclipselink\org.eclipse.persistence.jpa.jpql_2.5.2.v20140319-9ad6abd.jar:C:\Program Files\Java\jdk1.8.0_144\db\lib\derby.jar;C:\Program Files\Java\jdk1.8.0_144\db\lib\derbyclient.jar;C:\Program Files\Java\jdk1.8.0_144\db\lib\derbynet.jar:C:\Users\Usuario\Desktop\derby.jar:C:\Users\Usuario\Desktop\derbyclient.jar:C:\Program Files\NetBeans 8.2\java\modules\ext\AbsoluteLayout.jar" />
    <property name="libs.jsp-compilation-syscp.src" value="" />
    <property name="libs.JAVADB_DRIVER_LABEL.src" value="" />
    <property name="libs.spring-framework400.classpath" value="C:\Program Files\NetBeans 8.2\ide\modules\org-apache-commons-logging.jar;C:\Program Files\NetBeans 8.2\java\modules\ext\cglib-2.2.jar;C:\Program Files\NetBeans 8.2\java\modules\ext\spring-4\spring-aop-4.0.1.RELEASE.jar;C:\Program Files\NetBeans 8.2\java\modules\ext\spring-4\spring-aspects-4.0.1.RELEASE.jar;C:\Program Files\NetBeans 8.2\java\modules\ext\spring-4\spring-beans-4.0.1.RELEASE.jar;C:\Program Files\NetBeans 8.2\java\modules\ext\spring-4\spring-build-src-4.0.1.RELEASE.jar;C:\Program Files\NetBeans 8.2\java\modules\ext\spring-4\spring-context-4.0.1.RELEASE.jar;C:\Program Files\NetBeans 8.2\java\modules\ext\spring-4\spring-context-support-4.0.1.RELEASE.jar;C:\Program Files\NetBeans 8.2\java\modules\ext\spring-4\spring-core-4.0.1.RELEASE.jar;C:\Program Files\NetBeans 8.2\java\modules\ext\spring-4\spring-expression-4.0.1.RELEASE.jar;C:\Program Files\NetBeans 8.2\java\modules\ext\spring-4\spring-framework-bom-4.0.1.RELEASE.jar;C:\Program Files\NetBeans 8.2\java\modules\ext\spring-4\spring-instrument-4.0.1.RELEASE.jar;C:\Program Files\NetBeans 8.2\java\modules\ext\spring-4\spring-instrument-tomcat-4.0.1.RELEASE.jar;C:\Program Files\NetBeans 8.2\java\modules\ext\spring-4\spring-jdbc-4.0.1.RELEASE.jar;C:\Program Files\NetBeans 8.2\java\modules\ext\spring-4\spring-jms-4.0.1.RELEASE.jar;C:\Program Files\NetBeans 8.2\java\modules\ext\spring-4\spring-messaging-4.0.1.RELEASE.jar;C:\Program Files\NetBeans 8.2\java\modules\ext\spring-4\spring-orm-4.0.1.RELEASE.jar;C:\Program Files\NetBeans 8.2\java\modules\ext\spring-4\spring-oxm-4.0.1.RELEASE.jar;C:\Program Files\NetBeans 8.2\java\modules\ext\spring-4\spring-test-4.0.1.RELEASE.jar;C:\Program Files\NetBeans 8.2\java\modules\ext\spring-4\spring-tx-4.0.1.RELEASE.jar;C:\Program Files\NetBeans 8.2\java\modules\ext\spring-4\spring-web-4.0.1.RELEASE.jar;C:\Program Files\NetBeans 8.2\java\modules\ext\spring-4\spring-webmvc-4.0.1.RELEASE.jar;C:\Program Files\NetBeans 8.2\java\modules\ext\spring-4\spring-webmvc-portlet-4.0.1.RELEASE.jar;C:\Program Files\NetBeans 8.2\java\modules\ext\spring-4\spring-websocket-4.0.1.RELEASE.jar" />
    <property name="debug-transport" value="dt_shmem" />
    <property name="netbeans.home" value="C:\Program Files\NetBeans 8.2\platform" />
    <property name="build.compiler.emacs" value="true" />
    <property name="libs.javaee-web-api-6.0.src" value="" />
    <property name="libs.jsp-compilation-syscp.classpath" value="C:\Program Files\NetBeans 8.2\extide\ant\lib\ant.jar;C:\Program Files\NetBeans 8.2\enterprise\modules\ext\servlet3.1-jsp2.3-api.jar;C:\Program Files\NetBeans 8.2\enterprise\modules\ext\glassfish-jspparser-4.0.jar;C:\Program Files\NetBeans 8.2\enterprise\modules\ext\jstl-impl.jar;C:\Program Files\NetBeans 8.2\enterprise\modules\ext\jsf-2_2\javax.faces.jar" />
    <property name="java.endorsed.dirs" value="C:\Program Files\Java\jdk1.8.0_144\jre\lib\endorsed" />
    <property name="libs.Comet-GlassFish-v3.maven-pom" value="" />
    <property name="netbeans.dynamic.classpath" value="C:\Program Files\NetBeans 8.2\platform\core\asm-all-5.0.1.jar;C:\Program Files\NetBeans 8.2\platform\core\core-base.jar;C:\Program Files\NetBeans 8.2\platform\core\core.jar;C:\Program Files\NetBeans 8.2\platform\core\org-netbeans-libs-asm.jar;C:\Program Files\NetBeans 8.2\platform\core\org-openide-filesystems-compat8.jar;C:\Program Files\NetBeans 8.2\platform\core\org-openide-filesystems.jar;C:\Program Files\NetBeans 8.2\platform\core\locale\core-base_ja.jar;C:\Program Files\NetBeans 8.2\platform\core\locale\core-base_pt_BR.jar;C:\Program Files\NetBeans 8.2\platform\core\locale\core-base_ru.jar;C:\Program Files\NetBeans 8.2\platform\core\locale\core-base_zh_CN.jar;C:\Program Files\NetBeans 8.2\platform\core\locale\core_ja.jar;C:\Program Files\NetBeans 8.2\platform\core\locale\core_pt_BR.jar;C:\Program Files\NetBeans 8.2\platform\core\locale\core_ru.jar;C:\Program Files\NetBeans 8.2\platform\core\locale\core_zh_CN.jar;C:\Program Files\NetBeans 8.2\platform\core\locale\org-netbeans-libs-asm_ja.jar;C:\Program Files\NetBeans 8.2\platform\core\locale\org-netbeans-libs-asm_pt_BR.jar;C:\Program Files\NetBeans 8.2\platform\core\locale\org-netbeans-libs-asm_ru.jar;C:\Program Files\NetBeans 8.2\platform\core\locale\org-netbeans-libs-asm_zh_CN.jar;C:\Program Files\NetBeans 8.2\platform\core\locale\org-openide-filesystems-compat8_ja.jar;C:\Program Files\NetBeans 8.2\platform\core\locale\org-openide-filesystems-compat8_pt_BR.jar;C:\Program Files\NetBeans 8.2\platform\core\locale\org-openide-filesystems-compat8_ru.jar;C:\Program Files\NetBeans 8.2\platform\core\locale\org-openide-filesystems-compat8_zh_CN.jar;C:\Program Files\NetBeans 8.2\platform\core\locale\org-openide-filesystems_ja.jar;C:\Program Files\NetBeans 8.2\platform\core\locale\org-openide-filesystems_pt_BR.jar;C:\Program Files\NetBeans 8.2\platform\core\locale\org-openide-filesystems_ru.jar;C:\Program Files\NetBeans 8.2\platform\core\locale\org-openide-filesystems_zh_CN.jar;C:\Program Files\NetBeans 8.2\nb\core\org-netbeans-upgrader.jar;C:\Program Files\NetBeans 8.2\nb\core\locale\core_nb.jar;C:\Program Files\NetBeans 8.2\nb\core\locale\core_nb_ja.jar;C:\Program Files\NetBeans 8.2\nb\core\locale\core_nb_pt_BR.jar;C:\Program Files\NetBeans 8.2\nb\core\locale\core_nb_ru.jar;C:\Program Files\NetBeans 8.2\nb\core\locale\core_nb_zh_CN.jar;C:\Program Files\NetBeans 8.2\nb\core\locale\org-netbeans-upgrader_ja.jar;C:\Program Files\NetBeans 8.2\nb\core\locale\org-netbeans-upgrader_pt_BR.jar;C:\Program Files\NetBeans 8.2\nb\core\locale\org-netbeans-upgrader_ru.jar;C:\Program Files\NetBeans 8.2\nb\core\locale\org-netbeans-upgrader_zh_CN.jar" />
    <property name="java.vm.specification.version" value="1.8" />
    <property name="libs.hibernate4-support.src" value="" />
    <property name="libs.primefaces.classpath" value="C:\Program Files\NetBeans 8.2\enterprise\modules\ext\primefaces\primefaces-5.0.jar" />
    <property name="libs.javaee-api-6.0.classpath" value="C:\Program Files\NetBeans 8.2\enterprise\modules\ext\javaee-api-6.0.jar" />
    <property name="netbeans.productversion" value="NetBeans IDE 8.2 (Build 201609300101)" />
    <property name="libs.jaxws21.src" value="" />
    <property name="application.title" value="Lab_Pro_Apl" />
    <property name="do.archive" value="true" />
    <property name="netbeans.autoupdate.language" value="es" />
    <property name="java.vendor" value="Oracle Corporation" />
    <property name="libs.javaee-api-6.0.javadoc" value="C:\Program Files\NetBeans 8.2\enterprise\docs\javaee-doc-api.jar" />
    <property name="jar.index.metainf" value="false" />
    <property name="javac.debug" value="true" />
    <property name="javadoc.splitindex" value="true" />
    <property name="file.separator" value="\" />
    <property name="libs.Java-EE-GlassFish-v3-Prelude.maven-pom" value="" />
    <property name="libs.junit_4.maven-pom" value="" />
    <property name="mkdist.disabled" value="false" />
    <property name="javac.test.processorpath" value="C:\Program Files\NetBeans 8.2\java\modules\ext\eclipselink\eclipselink.jar;C:\Program Files\NetBeans 8.2\java\modules\ext\eclipselink\javax.persistence_2.1.0.v201304241213.jar;C:\Program Files\NetBeans 8.2\java\modules\ext\eclipselink\org.eclipse.persistence.jpa.jpql_2.5.2.v20140319-9ad6abd.jar:C:\Program Files\Java\jdk1.8.0_144\db\lib\derby.jar;C:\Program Files\Java\jdk1.8.0_144\db\lib\derbyclient.jar;C:\Program Files\Java\jdk1.8.0_144\db\lib\derbynet.jar:C:\Users\Usuario\Desktop\derby.jar:C:\Users\Usuario\Desktop\derbyclient.jar:C:\Program Files\NetBeans 8.2\java\modules\ext\AbsoluteLayout.jar:build/classes:C:\Program Files\NetBeans 8.2\platform\modules\ext\junit-4.12.jar:C:\Program Files\NetBeans 8.2\platform\modules\ext\hamcrest-core-1.3.jar" />
    <property name="netbeans.buildnumber" value="201609300101" />
    <property name="libs.JWSAntTasks.javadoc" value="" />
    <property name="build.generated.sources.dir" value="build/generated-sources" />
    <property name="user.variant" value="" />
    <property name="libs.eclipselinkmodelgen.classpath" value="C:\Program Files\NetBeans 8.2\java\modules\ext\eclipselink\org.eclipse.persistence.jpa.modelgen_2.5.2.v20140319-9ad6abd.jar" />
    <property name="libs.javaee-endorsed-api-7.0.src" value="" />
    <property name="sun.java.launcher" value="SUN_STANDARD" />
    <property name="libs.hibernate4-persistencemodelgen.javadoc" value="" />
    <property name="libs.jaxb.javadoc" value="C:\Program Files\NetBeans 8.2\ide\docs\jaxb-api-doc.zip" />
    <property name="libs.struts.classpath" value="C:\Program Files\NetBeans 8.2\enterprise\modules\ext\struts\antlr-2.7.2.jar;C:\Program Files\NetBeans 8.2\enterprise\modules\ext\struts\bsf-2.3.0.jar;C:\Program Files\NetBeans 8.2\enterprise\modules\ext\struts\commons-beanutils-1.8.0.jar;C:\Program Files\NetBeans 8.2\enterprise\modules\ext\struts\commons-chain-1.2.jar;C:\Program Files\NetBeans 8.2\enterprise\modules\ext\struts\commons-digester-1.8.jar;C:\Program Files\NetBeans 8.2\enterprise\modules\ext\struts\commons-fileupload-1.1.1.jar;C:\Program Files\NetBeans 8.2\enterprise\modules\ext\struts\commons-io-1.1.jar;C:\Program Files\NetBeans 8.2\enterprise\modules\ext\struts\commons-logging-1.0.4.jar;C:\Program Files\NetBeans 8.2\enterprise\modules\ext\struts\commons-validator-1.3.1.jar;C:\Program Files\NetBeans 8.2\enterprise\modules\ext\struts\jstl-1.0.2.jar;C:\Program Files\NetBeans 8.2\enterprise\modules\ext\struts\oro-2.0.8.jar;C:\Program Files\NetBeans 8.2\enterprise\modules\ext\struts\standard-1.0.6.jar;C:\Program Files\NetBeans 8.2\enterprise\modules\ext\struts\struts-core-1.3.10.jar;C:\Program Files\NetBeans 8.2\enterprise\modules\ext\struts\struts-el-1.3.10.jar;C:\Program Files\NetBeans 8.2\enterprise\modules\ext\struts\struts-extras-1.3.10.jar;C:\Program Files\NetBeans 8.2\enterprise\modules\ext\struts\struts-faces-1.3.10.jar;C:\Program Files\NetBeans 8.2\enterprise\modules\ext\struts\struts-mailreader-dao-1.3.10.jar;C:\Program Files\NetBeans 8.2\enterprise\modules\ext\struts\struts-scripting-1.3.10.jar;C:\Program Files\NetBeans 8.2\enterprise\modules\ext\struts\struts-taglib-1.3.10.jar;C:\Program Files\NetBeans 8.2\enterprise\modules\ext\struts\struts-tiles-1.3.10.jar" />
    <property name="ant.home" value="C:\Program Files\NetBeans 8.2\extide\ant" />
    <property name="libs.junit_4.src" value="C:\Program Files\NetBeans 8.2\platform\docs\junit-4.12-sources.jar" />
    <property name="libs.testng.classpath" value="C:\Program Files\NetBeans 8.2\platform\modules\ext\testng-6.8.1-dist.jar" />
    <property name="libs.absolutelayout.maven-pom" value="" />
    <property name="ant.java.version" value="1.8" />
    <property name="java.library.path" value="C:\Program Files\Java\jdk1.8.0_144\jre\bin;C:\Windows\Sun\Java\bin;C:\Windows\system32;C:\Windows;C:\ProgramData\Oracle\Java\javapath;C:\Windows\system32;C:\Windows;C:\Windows\System32\Wbem;C:\Windows\System32\WindowsPowerShell\v1.0\;C:\Program Files (x86)\NVIDIA Corporation\PhysX\Common;C:\Program Files (x86)\ZeroTier\One\;C:\Users\Casca\AppData\Local\Programs\Python\Python36-32\Scripts\;C:\Users\Casca\AppData\Local\Programs\Python\Python36-32\;." />
    <property name="javadoc.author" value="false" />
    <property name="ant.file.Lab_Pro_Apl-impl" value="I:\Gian\Coding\Instituto\Laboratorio_PA_SJ\nbproject\build-impl.xml" />
    <property name="libs.metro.maven-pom" value="" />
    <property name="libs.EclipseLink-GlassFish-v3.src" value="" />
    <property name="java.util.logging.config.class" value="org.netbeans.core.startup.TopLogging" />
    <property name="libs.spring-framework400.src" value="" />
    <property name="libs.PostgreSQLDriver.src" value="" />
    <property name="sun.arch.data.model" value="64" />
    <property name="basedir" value="I:\Gian\Coding\Instituto\Laboratorio_PA_SJ" />
    <property name="libs.jpa20-persistence.maven-pom" value="" />
    <property name="jar.compress" value="false" />
    <property name="libs.javaee-web-api-7.0.classpath" value="C:\Program Files\NetBeans 8.2\enterprise\modules\ext\javaee-web-api-7.0.jar" />
    <property name="path.separator" value=";" />
    <property name="libs.javaee-web-api-6.0.javadoc" value="C:\Program Files\NetBeans 8.2\enterprise\docs\javaee-doc-api.jar" />
    <property name="ant.junit.enabletestlistenerevents" value="true" />
    <property name="sun.io.unicode.encoding" value="UnicodeLittle" />
    <property name="libs.jaxws21.classpath" value="C:\Program Files\NetBeans 8.2\ide\modules\ext\jaxb\jaxb-impl.jar;C:\Program Files\NetBeans 8.2\ide\modules\ext\jaxb\jaxb-xjc.jar;C:\Program Files\NetBeans 8.2\java\modules\ext\jaxws22\FastInfoset.jar;C:\Program Files\NetBeans 8.2\java\modules\ext\jaxws22\gmbal-api-only.jar;C:\Program Files\NetBeans 8.2\java\modules\ext\jaxws22\ha-api.jar;C:\Program Files\NetBeans 8.2\java\modules\ext\jaxws22\javax.mail_1.4.jar;C:\Program Files\NetBeans 8.2\java\modules\ext\jaxws22\jaxws-rt.jar;C:\Program Files\NetBeans 8.2\java\modules\ext\jaxws22\jaxws-tools.jar;C:\Program Files\NetBeans 8.2\java\modules\ext\jaxws22\management-api.jar;C:\Program Files\NetBeans 8.2\java\modules\ext\jaxws22\mimepull.jar;C:\Program Files\NetBeans 8.2\java\modules\ext\jaxws22\policy.jar;C:\Program Files\NetBeans 8.2\java\modules\ext\jaxws22\saaj-impl.jar;C:\Program Files\NetBeans 8.2\java\modules\ext\jaxws22\stax-ex.jar;C:\Program Files\NetBeans 8.2\java\modules\ext\jaxws22\stax2-api.jar;C:\Program Files\NetBeans 8.2\java\modules\ext\jaxws22\streambuffer.jar;C:\Program Files\NetBeans 8.2\java\modules\ext\jaxws22\woodstox-core-asl.jar;C:\Program Files\NetBeans 8.2\java\modules\ext\jaxws22\api\jaxws-api.jar;C:\Program Files\NetBeans 8.2\java\modules\ext\jaxws22\api\jsr181-api.jar;C:\Program Files\NetBeans 8.2\java\modules\ext\jaxws22\api\javax.annotation.jar;C:\Program Files\NetBeans 8.2\java\modules\ext\jaxws22\api\saaj-api.jar;C:\Program Files\NetBeans 8.2\ide\modules\ext\jaxb\activation.jar;C:\Program Files\NetBeans 8.2\ide\modules\ext\jaxb\api\jaxb-api.jar;C:\Program Files\NetBeans 8.2\ide\modules\ext\jaxb\api\jsr173_1.0_api.jar" />
    <property name="libs.struts.src" value="" />
    <property name="compile.on.save" value="true" />
    <property name="apple.awt.graphics.UseQuartz" value="true" />
    <property name="user.language" value="es" />
    <property name="testng.mode" value="testng" />
    <property name="libs.JAXB-ENDORSED.maven-pom" value="" />
    <property name="libs.eclipselink.maven-pom" value="" />
    <property name="application.vendor" value="Casca" />
    <property name="test.binaryincludes" value="&lt;nothing&gt;" />
    <property name="manifest.available" value="true" />
    <property name="libs.primefaces.javadoc" value="" />
    <property name="libs.spring-framework300.maven-pom" value="" />
    <property name="run.test.classpath" value="C:\Program Files\NetBeans 8.2\java\modules\ext\eclipselink\eclipselink.jar;C:\Program Files\NetBeans 8.2\java\modules\ext\eclipselink\javax.persistence_2.1.0.v201304241213.jar;C:\Program Files\NetBeans 8.2\java\modules\ext\eclipselink\org.eclipse.persistence.jpa.jpql_2.5.2.v20140319-9ad6abd.jar:C:\Program Files\Java\jdk1.8.0_144\db\lib\derby.jar;C:\Program Files\Java\jdk1.8.0_144\db\lib\derbyclient.jar;C:\Program Files\Java\jdk1.8.0_144\db\lib\derbynet.jar:C:\Users\Usuario\Desktop\derby.jar:C:\Users\Usuario\Desktop\derbyclient.jar:C:\Program Files\NetBeans 8.2\java\modules\ext\AbsoluteLayout.jar:build/classes:C:\Program Files\NetBeans 8.2\platform\modules\ext\junit-4.12.jar:C:\Program Files\NetBeans 8.2\platform\modules\ext\hamcrest-core-1.3.jar:build/test/classes" />
    <property name="ant.project.invoked-targets" value="test" />
    <property name="test.binaryexcludes" value="" />
    <property name="libs.swing-layout.javadoc" value="C:\Program Files\NetBeans 8.2\platform\docs\swing-layout-1.0.4-doc.zip" />
    <property name="sun.java2d.dpiaware" value="true" />
    <property name="libs.hibernate4-persistence.maven-pom" value="" />
    <property name="https.nonProxyHosts" value="localhost|127.0.0.1|Casca-PC" />
    <property name="libs.PostgreSQLDriver.maven-pom" value="" />
    <property name="java.class.version" value="52.0" />
    <property name="libs.JAVADB_DRIVER_LABEL.classpath" value="C:\Program Files\Java\jdk1.8.0_144\db\lib\derby.jar;C:\Program Files\Java\jdk1.8.0_144\db\lib\derbyclient.jar;C:\Program Files\Java\jdk1.8.0_144\db\lib\derbynet.jar" />
    <property name="libs.hibernate4-persistencemodelgen.maven-pom" value="" />
    <property name="libs.javaee-endorsed-api-6.0.src" value="" />
    <property name="libs.eclipselink.javadoc" value="C:\Program Files\NetBeans 8.2\java\modules\ext\docs\javax.persistence-2.1.0-doc.zip" />
    <property name="libs.jsp-compilation.maven-pom" value="" />
    <property name="user.properties.file" value="C:\Users\Casca\AppData\Roaming\NetBeans\8.2\build.properties" />
    <property name="runtime.encoding" value="UTF-8" />
    <property name="libs.javac-api.maven-pom" value="" />
    <property name="file.encoding.pkg" value="sun.io" />
    <property name="sun.cpu.endian" value="little" />
    <property name="libs.JAXB-ENDORSED.javadoc" value="" />
    <property name="libs.JWSAntTasks.classpath" value="C:\Program Files\NetBeans 8.2\java\ant\extra\org-netbeans-modules-javawebstart-anttasks.jar" />
    <property name="libs.spring-webmvc4.0.maven-pom" value="" />
    <property name="libs.spring-framework300.src" value="" />
    <property name="file.reference.derbyclient.jar" value="C:\Users\Usuario\Desktop\derbyclient.jar" />
    <property name="libs.jstl.src" value="" />
    <property name="empty.dir" value="I:\Gian\Coding\Instituto\Laboratorio_PA_SJ\build\empty" />
    <property name="version-output" value="java version &quot;1.8" />
    <property name="test.binarytestincludes" value="" />
    <property name="libs.hibernate4-persistencemodelgen.src" value="" />
    <property name="javadoc.preview" value="true" />
    <property name="libs.jpa20-persistence.javadoc" value="C:\Program Files\NetBeans 8.2\java\modules\ext\docs\javax.persistence-2.1.0-doc.zip" />
    <property name="java.home" value="C:\Program Files\Java\jdk1.8.0_144\jre" />
    <property name="libs.jsp-compilation.src" value="" />
    <property name="debug.test.classpath" value="C:\Program Files\NetBeans 8.2\java\modules\ext\eclipselink\eclipselink.jar;C:\Program Files\NetBeans 8.2\java\modules\ext\eclipselink\javax.persistence_2.1.0.v201304241213.jar;C:\Program Files\NetBeans 8.2\java\modules\ext\eclipselink\org.eclipse.persistence.jpa.jpql_2.5.2.v20140319-9ad6abd.jar:C:\Program Files\Java\jdk1.8.0_144\db\lib\derby.jar;C:\Program Files\Java\jdk1.8.0_144\db\lib\derbyclient.jar;C:\Program Files\Java\jdk1.8.0_144\db\lib\derbynet.jar:C:\Users\Usuario\Desktop\derby.jar:C:\Users\Usuario\Desktop\derbyclient.jar:C:\Program Files\NetBeans 8.2\java\modules\ext\AbsoluteLayout.jar:build/classes:C:\Program Files\NetBeans 8.2\platform\modules\ext\junit-4.12.jar:C:\Program Files\NetBeans 8.2\platform\modules\ext\hamcrest-core-1.3.jar:build/test/classes" />
    <property name="libs.javaee-endorsed-api-6.0.classpath" value="C:\Program Files\NetBeans 8.2\enterprise\modules\ext\javaee6-endorsed\javax.annotation.jar;C:\Program Files\NetBeans 8.2\enterprise\modules\ext\javaee6-endorsed\jaxb-api-osgi.jar;C:\Program Files\NetBeans 8.2\enterprise\modules\ext\javaee6-endorsed\webservices-api-osgi.jar" />
    <property name="libs.javaee-api-6.0.src" value="" />
    <property name="netbeans.importclass" value="org.netbeans.upgrade.AutoUpgrade" />
    <property name="ant.project.default-target" value="default" />
    <property name="annotation.processing.run.all.processors" value="true" />
    <property name="libs.PostgreSQLDriver.javadoc" value="" />
    <property name="libs.restlib.classpath" value="C:\Program Files\NetBeans 8.2\enterprise\modules\ext\jersey2\ext\asm-all-repackaged-2.2.0-b21.jar;C:\Program Files\NetBeans 8.2\enterprise\modules\ext\jersey2\ext\cglib-2.2.0-b21.jar;C:\Program Files\NetBeans 8.2\enterprise\modules\ext\jersey2\ext\guava-14.0.1.jar;C:\Program Files\NetBeans 8.2\enterprise\modules\ext\jersey2\ext\hk2-api-2.2.0-b21.jar;C:\Program Files\NetBeans 8.2\enterprise\modules\ext\jersey2\ext\hk2-locator-2.2.0-b21.jar;C:\Program Files\NetBeans 8.2\enterprise\modules\ext\jersey2\ext\hk2-utils-2.2.0-b21.jar;C:\Program Files\NetBeans 8.2\enterprise\modules\ext\jersey2\ext\javax.annotation-api-1.2.jar;C:\Program Files\NetBeans 8.2\enterprise\modules\ext\jersey2\ext\javax.inject-2.2.0-b21.jar;C:\Program Files\NetBeans 8.2\enterprise\modules\ext\jersey2\ext\javax.servlet-api-3.0.1.jar;C:\Program Files\NetBeans 8.2\enterprise\modules\ext\jersey2\ext\jaxb-api-2.2.7.jar;C:\Program Files\NetBeans 8.2\enterprise\modules\ext\jersey2\ext\jersey-entity-filtering-2.5.1.jar;C:\Program Files\NetBeans 8.2\enterprise\modules\ext\jersey2\ext\jersey-media-moxy-2.5.1.jar;C:\Program Files\NetBeans 8.2\enterprise\modules\ext\jersey2\ext\org.osgi.core-4.2.0.jar;C:\Program Files\NetBeans 8.2\enterprise\modules\ext\jersey2\ext\osgi-resource-locator-1.0.1.jar;C:\Program Files\NetBeans 8.2\enterprise\modules\ext\jersey2\ext\persistence-api-1.0.jar;C:\Program Files\NetBeans 8.2\enterprise\modules\ext\jersey2\ext\validation-api-1.1.0.Final.jar;C:\Program Files\NetBeans 8.2\enterprise\modules\ext\jersey2\jersey-client.jar;C:\Program Files\NetBeans 8.2\enterprise\modules\ext\jersey2\jersey-common.jar;C:\Program Files\NetBeans 8.2\enterprise\modules\ext\jersey2\jersey-container-servlet.jar;C:\Program Files\NetBeans 8.2\enterprise\modules\ext\jersey2\jersey-container-servlet-core.jar;C:\Program Files\NetBeans 8.2\enterprise\modules\ext\jersey2\jersey-server.jar;C:\Program Files\NetBeans 8.2\java\modules\ext\eclipselink\eclipselink.jar" />
    <property name="libs.MySQLDriver.maven-pom" value="" />
    <property name="libs.hibernate4-persistence.javadoc" value="C:\Program Files\NetBeans 8.2\java\modules\ext\docs\javax.persistence-2.1.0-doc.zip" />
    <property name="http.nonProxyHosts" value="localhost|127.0.0.1|Casca-PC" />
    <property name="libs.junit_4.javadoc" value="C:\Program Files\NetBeans 8.2\platform\docs\junit-4.12-javadoc.jar" />
    <property name="libs.EclipseLink-GlassFish-v3.maven-pom" value="" />
    <property name="libs.javaee-web-api-6.0.maven-pom" value="" />
    <property name="run.classpath" value="C:\Program Files\NetBeans 8.2\java\modules\ext\eclipselink\eclipselink.jar;C:\Program Files\NetBeans 8.2\java\modules\ext\eclipselink\javax.persistence_2.1.0.v201304241213.jar;C:\Program Files\NetBeans 8.2\java\modules\ext\eclipselink\org.eclipse.persistence.jpa.jpql_2.5.2.v20140319-9ad6abd.jar:C:\Program Files\Java\jdk1.8.0_144\db\lib\derby.jar;C:\Program Files\Java\jdk1.8.0_144\db\lib\derbyclient.jar;C:\Program Files\Java\jdk1.8.0_144\db\lib\derbynet.jar:C:\Users\Usuario\Desktop\derby.jar:C:\Users\Usuario\Desktop\derbyclient.jar:C:\Program Files\NetBeans 8.2\java\modules\ext\AbsoluteLayout.jar:build/classes" />
    <property name="jna.boot.library.name" value="jnidispatch-422" />
    <property name="libs.javaee-endorsed-api-6.0.javadoc" value="C:\Program Files\NetBeans 8.2\enterprise\docs\javaee-doc-api.jar" />
    <property name="libs.javaee-api-7.0.classpath" value="C:\Program Files\NetBeans 8.2\enterprise\modules\ext\javaee-api-7.0.jar" />
    <property name="sun.awt.datatransfer.timeout" value="1000" />
    <property name="libs.spring-webmvc3.0.javadoc" value="" />
    <property name="libs.jpa2-persistence.maven-pom" value="" />
    <property name="annotation.processing.enabled.in.editor" value="false" />
    <property name="libs.hibernate4-support.classpath" value="C:\Program Files\NetBeans 8.2\java\modules\ext\hibernate4\antlr-2.7.7.jar;C:\Program Files\NetBeans 8.2\java\modules\ext\hibernate4\c3p0-0.9.2.1.jar;C:\Program Files\NetBeans 8.2\java\modules\ext\hibernate4\hibernate-c3p0-4.3.1.Final.jar;C:\Program Files\NetBeans 8.2\java\modules\ext\hibernate4\mchange-commons-java-0.2.3.4.jar;C:\Program Files\NetBeans 8.2\java\modules\ext\hibernate4\dom4j-1.6.1.jar;C:\Program Files\NetBeans 8.2\java\modules\ext\hibernate4\ehcache-core-2.4.3.jar;C:\Program Files\NetBeans 8.2\java\modules\ext\hibernate4\hibernate-ehcache-4.3.1.Final.jar;C:\Program Files\NetBeans 8.2\java\modules\ext\hibernate4\hibernate-core-4.3.1.Final.jar;C:\Program Files\NetBeans 8.2\java\modules\ext\hibernate4\jboss-logging-3.1.3.GA.jar;C:\Program Files\NetBeans 8.2\java\modules\ext\hibernate4\hibernate-commons-annotations-4.0.4.Final.jar;C:\Program Files\NetBeans 8.2\java\modules\ext\hibernate4\hibernate-entitymanager-4.3.1.Final.jar;C:\Program Files\NetBeans 8.2\java\modules\ext\hibernate4\javassist-3.18.1-GA.jar;C:\Program Files\NetBeans 8.2\java\modules\ext\hibernate4\jboss-transaction-api_1.2_spec-1.0.0.Final.jar;C:\Program Files\NetBeans 8.2\java\modules\ext\hibernate4\slf4j-api-1.6.1.jar;C:\Program Files\NetBeans 8.2\java\modules\ext\hibernate4\slf4j-simple-1.6.1.jar" />
    <property name="nb.native.filechooser" value="false" />
    <property name="libs.restapi.src" value="" />
    <property name="sun.management.compiler" value="HotSpot 64-Bit Tiered Compilers" />
    <property name="javac.deprecation" value="false" />
    <property name="javadoc.use" value="true" />
    <property name="sun.java2d.noddraw" value="true" />
    <property name="libs.jsp-compiler.classpath" value="C:\Program Files\NetBeans 8.2\enterprise\ant\extra\jspcompile.jar" />
    <property name="javac.processorpath" value="C:\Program Files\NetBeans 8.2\java\modules\ext\eclipselink\eclipselink.jar;C:\Program Files\NetBeans 8.2\java\modules\ext\eclipselink\javax.persistence_2.1.0.v201304241213.jar;C:\Program Files\NetBeans 8.2\java\modules\ext\eclipselink\org.eclipse.persistence.jpa.jpql_2.5.2.v20140319-9ad6abd.jar:C:\Program Files\Java\jdk1.8.0_144\db\lib\derby.jar;C:\Program Files\Java\jdk1.8.0_144\db\lib\derbyclient.jar;C:\Program Files\Java\jdk1.8.0_144\db\lib\derbynet.jar:C:\Users\Usuario\Desktop\derby.jar:C:\Users\Usuario\Desktop\derbyclient.jar:C:\Program Files\NetBeans 8.2\java\modules\ext\AbsoluteLayout.jar:C:\Program Files\NetBeans 8.2\java\modules\ext\eclipselink\org.eclipse.persistence.jpa.modelgen_2.5.2.v20140319-9ad6abd.jar" />
    <property name="libs.hamcrest.maven-pom" value="" />
    <property name="javac.compilerargs" value="" />
    <property name="ant.file" value="I:\Gian\Coding\Instituto\Laboratorio_PA_SJ\build.xml" />
    <property name="libs.beans-binding.maven-pom" value="" />
    <property name="libs.hibernate4-support.javadoc" value="C:\Program Files\NetBeans 8.2\java\modules\ext\docs\javax.persistence-2.1.0-doc.zip" />
    <property name="libs.jsf12.classpath" value="C:\Program Files\NetBeans 8.2\enterprise\modules\ext\jsf-1_2\commons-beanutils.jar;C:\Program Files\NetBeans 8.2\enterprise\modules\ext\jsf-1_2\commons-collections.jar;C:\Program Files\NetBeans 8.2\enterprise\modules\ext\jsf-1_2\commons-digester.jar;C:\Program Files\NetBeans 8.2\enterprise\modules\ext\jsf-1_2\commons-logging.jar;C:\Program Files\NetBeans 8.2\enterprise\modules\ext\jsf-1_2\jsf-api.jar;C:\Program Files\NetBeans 8.2\enterprise\modules\ext\jsf-1_2\jsf-impl.jar" />
    <property name="libs.Java-EE-GlassFish-v3-Prelude.classpath" value="C:\Program Files\glassfish-4.1.1\glassfish\modules\endorsed\javax.annotation-api.jar;C:\Program Files\glassfish-4.1.1\glassfish\modules\endorsed\jaxb-api.jar;C:\Program Files\glassfish-4.1.1\glassfish\modules\endorsed\webservices-api-osgi.jar;C:\Program Files\glassfish-4.1.1\glassfish\modules\bean-validator.jar;C:\Program Files\glassfish-4.1.1\glassfish\modules\cdi-api.jar;C:\Program Files\glassfish-4.1.1\glassfish\modules\javax.batch-api.jar;C:\Program Files\glassfish-4.1.1\glassfish\modules\javax.ejb-api.jar;C:\Program Files\glassfish-4.1.1\glassfish\modules\javax.el.jar;C:\Program Files\glassfish-4.1.1\glassfish\modules\javax.enterprise.concurrent-api.jar;C:\Program Files\glassfish-4.1.1\glassfish\modules\javax.enterprise.concurrent.jar;C:\Program Files\glassfish-4.1.1\glassfish\modules\javax.enterprise.deploy-api.jar;C:\Program Files\glassfish-4.1.1\glassfish\modules\javax.faces.jar;C:\Program Files\glassfish-4.1.1\glassfish\modules\javax.inject.jar;C:\Program Files\glassfish-4.1.1\glassfish\modules\javax.interceptor-api.jar;C:\Program Files\glassfish-4.1.1\glassfish\modules\javax.jms-api.jar;C:\Program Files\glassfish-4.1.1\glassfish\modules\javax.json.jar;C:\Program Files\glassfish-4.1.1\glassfish\modules\javax.mail.jar;C:\Program Files\glassfish-4.1.1\glassfish\modules\javax.management.j2ee-api.jar;C:\Program Files\glassfish-4.1.1\glassfish\modules\javax.persistence.jar;C:\Program Files\glassfish-4.1.1\glassfish\modules\javax.resource-api.jar;C:\Program Files\glassfish-4.1.1\glassfish\modules\javax.security.auth.message-api.jar;C:\Program Files\glassfish-4.1.1\glassfish\modules\javax.security.jacc-api.jar;C:\Program Files\glassfish-4.1.1\glassfish\modules\javax.servlet-api.jar;C:\Program Files\glassfish-4.1.1\glassfish\modules\javax.servlet.jsp-api.jar;C:\Program Files\glassfish-4.1.1\glassfish\modules\javax.servlet.jsp.jar;C:\Program Files\glassfish-4.1.1\glassfish\modules\javax.servlet.jsp.jstl-api.jar;C:\Program Files\glassfish-4.1.1\glassfish\modules\javax.servlet.jsp.jstl.jar;C:\Program Files\glassfish-4.1.1\glassfish\modules\javax.transaction-api.jar;C:\Program Files\glassfish-4.1.1\glassfish\modules\javax.websocket-api.jar;C:\Program Files\glassfish-4.1.1\glassfish\modules\javax.ws.rs-api.jar;C:\Program Files\glassfish-4.1.1\glassfish\modules\javax.xml.registry-api.jar;C:\Program Files\glassfish-4.1.1\glassfish\modules\javax.xml.rpc-api.jar;C:\Program Files\glassfish-4.1.1\glassfish\modules\jaxb-osgi.jar;C:\Program Files\glassfish-4.1.1\glassfish\modules\webservices-osgi.jar;C:\Program Files\glassfish-4.1.1\glassfish\modules\weld-osgi-bundle.jar;C:\Program Files\glassfish-4.1.1\mq\lib\jaxm-api.jar" />
    <property name="libs.jstl.maven-pom" value="" />
    <property name="libs.restapi.maven-pom" value="" />
    <property name="libs.beans-binding.src" value="" />
    <property name="java.vm.specification.vendor" value="Oracle Corporation" />
    <property name="libs.swing-layout.src" value="C:\Program Files\NetBeans 8.2\platform\docs\swing-layout-1.0.4-src.zip" />
    <property name="org.openide.major.version" value="IDE/1" />
    <property name="java.vm.name" value="Java HotSpot(TM) 64-Bit Server VM" />
    <property name="netbeans.user" value="C:\Users\Casca\AppData\Roaming\NetBeans\8.2" />
    <property name="javadoc.additionalparam" value="" />
    <property name="java.io.tmpdir" value="C:\Users\Casca\AppData\Local\Temp\" />
    <property name="java.vendor.url" value="http://java.oracle.com/" />
    <property name="endorsed.classpath.cmd.line.arg" value="" />
    <property name="jna.loaded" value="true" />
    <property name="junit.available" value="true" />
    <property name="libs.jsp-compiler.src" value="" />
    <property name="org.openide.awt.ActionReference.completion" value="org.netbeans.modules.apisupport.project.layers.PathCompletions" />
    <property name="sun.boot.library.path" value="C:\Program Files\Java\jdk1.8.0_144\jre\bin" />
    <property name="have.sources" value="true" />
    <property name="libs.hamcrest.javadoc" value="" />
    <property name="debug.classpath" value="C:\Program Files\NetBeans 8.2\java\modules\ext\eclipselink\eclipselink.jar;C:\Program Files\NetBeans 8.2\java\modules\ext\eclipselink\javax.persistence_2.1.0.v201304241213.jar;C:\Program Files\NetBeans 8.2\java\modules\ext\eclipselink\org.eclipse.persistence.jpa.jpql_2.5.2.v20140319-9ad6abd.jar:C:\Program Files\Java\jdk1.8.0_144\db\lib\derby.jar;C:\Program Files\Java\jdk1.8.0_144\db\lib\derbyclient.jar;C:\Program Files\Java\jdk1.8.0_144\db\lib\derbynet.jar:C:\Users\Usuario\Desktop\derby.jar:C:\Users\Usuario\Desktop\derbyclient.jar:C:\Program Files\NetBeans 8.2\java\modules\ext\AbsoluteLayout.jar:build/classes" />
    <property name="javac.external.vm" value="true" />
    <property name="javadoc.private" value="false" />
    <property name="test.src.dir" value="test" />
    <property name="libs.jsf20.classpath" value="C:\Program Files\NetBeans 8.2\enterprise\modules\ext\jsf-2_2\javax.faces.jar" />
    <property name="ap.processors.internal" value="" />
    <property name="meta.inf.dir" value="src/META-INF" />
    <property name="javadoc.encoding.used" value="UTF-8" />
    <property name="dist.jar" value="dist/Lab_Pro_Apl.jar" />
    <property name="libs.spring-framework400.maven-pom" value="" />
    <property name="java.runtime.name" value="Java(TM) SE Runtime Environment" />
    <property name="ant.project.name" value="Lab_Pro_Apl" />
    <property name="netbeans.hash.code" value="unique=NB_EXTIDE_GFMOD_JAVA_TOMCAT_WEBCOMMON_WEBEE048a7099e-fa94-49ca-8d07-9eaa06231ff8_ad8b7cc1-8623-4248-90ee-510047c41e16" />
    <property name="netbeans.default_userdir_root" value="C:\Users\Casca\AppData\Roaming\NetBeans" />
    <property name="libs.jsp-compilation-syscp.maven-pom" value="" />
    <property name="sun.cpu.isalist" value="amd64" />
    <property name="libs.spring-framework400.javadoc" value="" />
    <property name="libs.CopyLibs.javadoc" value="" />
    <property name="org.openide.specification.version" value="6.2" />
    <property name="user.home" value="C:\Users\Casca" />
    <property name="annotation.processing.processors.list" value="" />
    <property name="libs.primefaces.maven-pom" value="" />
    <property name="debug-args-line" value="-Xdebug" />
    <property name="libs.javaee-api-6.0.maven-pom" value="" />
    <property name="libs.JWSAntTasks.src" value="" />
    <property name="jar.index" value="false" />
    <property name="libs.CopyLibs.maven-pom" value="" />
    <property name="libs.spring-framework300.javadoc" value="" />
    <property name="libs.absolutelayout.javadoc" value="" />
    <property name="java.specification.name" value="Java Platform API Specification" />
    <property name="do.archive+main.class.available" value="true" />
    <property name="java.specification.vendor" value="Oracle Corporation" />
    <property name="libs.javac-api.classpath" value="C:\Program Files\NetBeans 8.2\java\modules\ext\nb-javac-api.jar" />
    <property name="java.version" value="1.8.0_144" />
    <property name="run.jvmargs.ide" value="" />
    <property name="javadoc.version" value="false" />
    <property name="libs.MySQLDriver.javadoc" value="" />
    <property name="org.openide.version" value="deprecated" />
    <property name="platform.java" value="C:\Program Files\Java\jdk1.8.0_144\jre/bin/java" />
    <property name="source.encoding" value="UTF-8" />
    <property name="ap.cmd.line.internal" value="" />
    <property name="ant.file.Lab_Pro_Apl" value="I:\Gian\Coding\Instituto\Laboratorio_PA_SJ\build.xml" />
    <property name="libs.eclipselinkmodelgen.maven-pom" value="" />
    <property name="libs.jsp-compilation-syscp.javadoc" value="" />
    <property name="libs.eclipselinkmodelgen.javadoc" value="" />
    <property name="libs.javaee-endorsed-api-7.0.classpath" value="C:\Program Files\NetBeans 8.2\enterprise\modules\ext\javaee7-endorsed\javax.annotation-api.jar;C:\Program Files\NetBeans 8.2\enterprise\modules\ext\javaee7-endorsed\javax.xml.soap-api.jar;C:\Program Files\NetBeans 8.2\enterprise\modules\ext\javaee7-endorsed\jaxb-api-osgi.jar;C:\Program Files\NetBeans 8.2\enterprise\modules\ext\javaee7-endorsed\jaxws-api.jar;C:\Program Files\NetBeans 8.2\enterprise\modules\ext\javaee7-endorsed\jsr181-api.jar" />
    <property name="libs.metro.javadoc" value="C:\Program Files\NetBeans 8.2\enterprise\docs\metro-1.4-doc.zip" />
    <property name="libs.struts.maven-pom" value="" />
    <property name="netbeans.home+have.tests" value="true" />
    <property name="annotation.processing.processor.options" value="-Aeclipselink.canonicalmodel.use_static_factory=false" />
    <property name="libs.testng.maven-pom" value="" />
    <property name="libs.jaxb.src" value="" />
    <property name="jdk.launcher.addexports.5" value="java.management/sun.management=ALL-UNNAMED" />
    <property name="jdk.launcher.addexports.4" value="java.desktop/com.sun.java.swing.plaf.windows=ALL-UNNAMED" />
    <property name="jdk.launcher.addexports.3" value="java.desktop/sun.awt.im=ALL-UNNAMED" />
    <property name="work.dir" value="I:\Gian\Coding\Instituto\Laboratorio_PA_SJ" />
    <property name="libs.jaxb.classpath" value="C:\Program Files\NetBeans 8.2\ide\modules\ext\jaxb\jaxb-impl.jar;C:\Program Files\NetBeans 8.2\ide\modules\ext\jaxb\jaxb-xjc.jar;C:\Program Files\NetBeans 8.2\ide\modules\ext\jaxb\jaxb1-impl.jar;C:\Program Files\NetBeans 8.2\ide\modules\ext\jaxb\activation.jar;C:\Program Files\NetBeans 8.2\ide\modules\ext\jaxb\api\jaxb-api.jar;C:\Program Files\NetBeans 8.2\ide\modules\ext\jaxb\api\jsr173_1.0_api.jar" />
    <property name="jdk.launcher.addexports.2" value="java.desktop/java.awt.peer=ALL-UNNAMED" />
    <property name="jdk.launcher.addexports.1" value="java.base/jdk.internal.jrtfs=ALL-UNNAMED" />
    <property name="jdk.launcher.addexports.0" value="java.desktop/sun.awt=ALL-UNNAMED" />
    <property name="do.depend" value="false" />
    <property name="has.persistence.xml" value="true" />
    <property name="dist.javadoc.dir" value="dist/javadoc" />
    <property name="libs.spring-webmvc3.0.classpath" value="C:\Program Files\NetBeans 8.2\java\modules\ext\spring-3.0\spring-webmvc-3.2.7.RELEASE.jar" />
    <property name="libs.swing-layout.classpath" value="C:\Program Files\NetBeans 8.2\platform\modules\ext\swing-layout-1.0.4.jar" />
    <property name="libs.javaee-web-api-7.0.maven-pom" value="" />
    <property name="libs.restlib.src" value="" />
    <property name="javac.source" value="1.8" />
    <property name="build.generated.dir" value="build/generated" />
    <property name="line.separator" value="&#xd;&#xa;" />
    <property name="java.specification.version" value="1.8" />
    <property name="java.vm.info" value="mixed mode" />
    <property name="libs.jaxws21.maven-pom" value="" />
    <property name="nb.junit.batch" value="true" />
    <property name="junit.forkmode" value="perTest" />
    <property name="sun.boot.class.path" value="C:\Program Files\Java\jdk1.8.0_144\jre\lib\resources.jar;C:\Program Files\Java\jdk1.8.0_144\jre\lib\rt.jar;C:\Program Files\Java\jdk1.8.0_144\jre\lib\sunrsasign.jar;C:\Program Files\Java\jdk1.8.0_144\jre\lib\jsse.jar;C:\Program Files\Java\jdk1.8.0_144\jre\lib\jce.jar;C:\Program Files\Java\jdk1.8.0_144\jre\lib\charsets.jar;C:\Program Files\Java\jdk1.8.0_144\jre\lib\jfr.jar;C:\Program Files\Java\jdk1.8.0_144\jre\classes" />
    <property name="javac.target" value="1.8" />
    <property name="built-jar.properties" value="I:\Gian\Coding\Instituto\Laboratorio_PA_SJ\build\built-jar.properties" />
    <property name="build.test.classes.dir" value="build/test/classes" />
    <property name="src.dir" value="src" />
    <property name="sun.awt.keepWorkingSetOnMinimize" value="true" />
    <property name="libs.jpa2-persistence.src" value="" />
    <property name="annotation.processing.enabled" value="true" />
    <property name="libs.jsf20.src" value="" />
    <property name="libs.jpa20-persistence.src" value="" />
    <property name="libs.jsf12.src" value="" />
    <property name="libs.JAVADB_DRIVER_LABEL.maven-pom" value="" />
    <property name="libs.struts.javadoc" value="C:\Program Files\NetBeans 8.2\enterprise\docs\struts-1.3.10-javadoc.zip" />
    <property name="libs.Comet-GlassFish-v3.classpath" value="" />
    <property name="libs.javaee-web-api-7.0.src" value="" />
    <property name="libs.primefaces.src" value="" />
    <property name="dist.dir" value="dist" />
    <property name="testng.debug.mode" value="" />
    <property name="javac.fork" value="true" />
    <property name="java.awt.printerjob" value="sun.awt.windows.WPrinterJob" />
    <property name="default.javac.source" value="1.8" />
    <property name="debug-transport-by-os" value="dt_shmem" />
    <property name="libs.MySQLDriver.src" value="" />
    <property name="sun.jnu.encoding" value="MS932" />
    <property name="build.test.results.dir" value="build/test/results" />
    <property name="java.runtime.version" value="1.8.0_144-b01" />
    <property name="default.javac.target" value="1.8" />
    <property name="libs.junit_4.classpath" value="C:\Program Files\NetBeans 8.2\platform\modules\ext\junit-4.12.jar" />
    <property name="user.timezone" value="" />
    <property name="nb.junit.single" value="false" />
    <property name="do.jar" value="true" />
    <property name="libs.JAVADB_DRIVER_LABEL.javadoc" value="" />
    <property name="libs.javaee-endorsed-api-6.0.maven-pom" value="" />
    <property name="netbeans.dirs" value="C:\Program Files\NetBeans 8.2\nb;C:\Program Files\NetBeans 8.2\ergonomics;C:\Program Files\NetBeans 8.2\ide;C:\Program Files\NetBeans 8.2\extide;C:\Program Files\NetBeans 8.2\java;C:\Program Files\NetBeans 8.2\apisupport;C:\Program Files\NetBeans 8.2\webcommon;C:\Program Files\NetBeans 8.2\websvccommon;C:\Program Files\NetBeans 8.2\enterprise;C:\Program Files\NetBeans 8.2\mobility;C:\Program Files\NetBeans 8.2\profiler;C:\Program Files\NetBeans 8.2\python;C:\Program Files\NetBeans 8.2\php;C:\Program Files\NetBeans 8.2\identity;C:\Program Files\NetBeans 8.2\harness;C:\Program Files\NetBeans 8.2\cnd;C:\Program Files\NetBeans 8.2\cndext;C:\Program Files\NetBeans 8.2\dlight;C:\Program Files\NetBeans 8.2\groovy;C:\Program Files\NetBeans 8.2\extra;C:\Program Files\NetBeans 8.2\javacard;C:\Program Files\NetBeans 8.2\javafx" />
    <property name="libs.jsf20.javadoc" value="C:\Program Files\NetBeans 8.2\enterprise\docs\javaee-doc-api.jar" />
    <property name="libs.jstl.javadoc" value="C:\Program Files\NetBeans 8.2\enterprise\docs\javaee-doc-api.jar" />
    <property name="java.ext.dirs" value="C:\Program Files\Java\jdk1.8.0_144\jre\lib\ext;C:\Windows\Sun\Java\lib\ext" />
    <property name="libs.metro.src" value="" />
    <property name="endorsed.classpath" value="" />
    <property name="libs.absolutelayout.classpath" value="C:\Program Files\NetBeans 8.2\java\modules\ext\AbsoluteLayout.jar" />
    <property name="excludes" value="" />
    <property name="libs.metro.classpath" value="C:\Program Files\NetBeans 8.2\ide\modules\ext\jaxb\activation.jar;C:\Program Files\NetBeans 8.2\enterprise\modules\ext\metro\webservices-api.jar;C:\Program Files\NetBeans 8.2\enterprise\modules\ext\metro\webservices-extra-api.jar;C:\Program Files\NetBeans 8.2\enterprise\modules\ext\metro\webservices-extra.jar;C:\Program Files\NetBeans 8.2\enterprise\modules\ext\metro\webservices-rt.jar;C:\Program Files\NetBeans 8.2\enterprise\modules\ext\metro\webservices-tools.jar" />
    <property name="libs.restlib.maven-pom" value="" />
    <property name="libs.jpa2-persistence.javadoc" value="C:\Program Files\NetBeans 8.2\java\modules\ext\docs\javax.persistence-2.1.0-doc.zip" />
    <property name="apple.laf.useScreenMenuBar" value="true" />
    <property name="java.class.path" value="C:\Program Files\NetBeans 8.2\java\modules\ext\eclipselink\eclipselink.jar;C:\Program Files\NetBeans 8.2\java\modules\ext\eclipselink\javax.persistence_2.1.0.v201304241213.jar;C:\Program Files\NetBeans 8.2\java\modules\ext\eclipselink\org.eclipse.persistence.jpa.jpql_2.5.2.v20140319-9ad6abd.jar;C:\Program Files\Java\jdk1.8.0_144\db\lib\derby.jar;C:\Program Files\Java\jdk1.8.0_144\db\lib\derbyclient.jar;C:\Program Files\Java\jdk1.8.0_144\db\lib\derbynet.jar;C:\Program Files\NetBeans 8.2\java\modules\ext\AbsoluteLayout.jar;I:\Gian\Coding\Instituto\Laboratorio_PA_SJ\build\classes;C:\Program Files\NetBeans 8.2\platform\modules\ext\junit-4.12.jar;C:\Program Files\NetBeans 8.2\platform\modules\ext\hamcrest-core-1.3.jar;I:\Gian\Coding\Instituto\Laboratorio_PA_SJ\build\test\classes;C:\Program Files\NetBeans 8.2\extide\ant\lib\ant-launcher.jar;C:\Program Files\NetBeans 8.2\extide\ant\lib\ant.jar;C:\Program Files\NetBeans 8.2\extide\ant\lib\ant-junit.jar;C:\Program Files\NetBeans 8.2\extide\ant\lib\ant-junit4.jar;C:\Users\Casca\AppData\Roaming\NetBeans\8.2\modules\ext\jacocoagent.jar" />
    <property name="do.mkdist" value="true" />
    <property name="libs.absolutelayout.src" value="" />
    <property name="libs.jpa20-persistence.classpath" value="C:\Program Files\NetBeans 8.2\java\modules\ext\eclipselink\javax.persistence_2.1.0.v201304241213.jar" />
    <property name="os.version" value="6.1" />
    <property name="application.args" value="" />
    <property name="libs.EclipseLink-GlassFish-v3.javadoc" value="C:\Program Files\NetBeans 8.2\enterprise\docs\javaee-doc-api.jar" />
    <property name="libs.javaee-api-7.0.maven-pom" value="" />
    <property name="main.class.available" value="true" />
    <property name="sun.awt.enableExtraMouseButtons" value="true" />
    <property name="sun.desktop" value="windows" />
    <property name="libs.hibernate4-persistence.src" value="" />
    <property name="libs.hibernate4-support.maven-pom" value="" />
    <property name="libs.Comet-GlassFish-v3.src" value="" />
    <property name="libs.restlib.javadoc" value="" />
    <property name="libs.JAXB-ENDORSED.classpath" value="C:\Program Files\NetBeans 8.2\ide\modules\ext\jaxb\api\jaxb-api.jar" />
    <property name="libs.eclipselink.classpath" value="C:\Program Files\NetBeans 8.2\java\modules\ext\eclipselink\eclipselink.jar;C:\Program Files\NetBeans 8.2\java\modules\ext\eclipselink\javax.persistence_2.1.0.v201304241213.jar;C:\Program Files\NetBeans 8.2\java\modules\ext\eclipselink\org.eclipse.persistence.jpa.jpql_2.5.2.v20140319-9ad6abd.jar" />
    <property name="libs.javaee-api-7.0.javadoc" value="C:\Program Files\NetBeans 8.2\enterprise\docs\javaee-doc-api.jar" />
    <property name="java.awt.graphicsenv" value="sun.awt.Win32GraphicsEnvironment" />
    <property name="libs.beans-binding.javadoc" value="C:\Program Files\NetBeans 8.2\java\docs\beansbinding-1.2.1-doc.zip" />
    <property name="java.vm.vendor" value="Oracle Corporation" />
    <property name="libs.CopyLibs.classpath" value="C:\Program Files\NetBeans 8.2\java\ant\extra\org-netbeans-modules-java-j2seproject-copylibstask.jar" />
    <property name="libs.spring-framework300.classpath" value="C:\Program Files\NetBeans 8.2\ide\modules\org-apache-commons-logging.jar;C:\Program Files\NetBeans 8.2\java\modules\ext\cglib-2.2.jar;C:\Program Files\NetBeans 8.2\java\modules\ext\spring-3.0\spring-aop-3.2.7.RELEASE.jar;C:\Program Files\NetBeans 8.2\java\modules\ext\spring-3.0\spring-aspects-3.2.7.RELEASE.jar;C:\Program Files\NetBeans 8.2\java\modules\ext\spring-3.0\spring-beans-3.2.7.RELEASE.jar;C:\Program Files\NetBeans 8.2\java\modules\ext\spring-3.0\spring-build-src-3.2.7.RELEASE.jar;C:\Program Files\NetBeans 8.2\java\modules\ext\spring-3.0\spring-context-3.2.7.RELEASE.jar;C:\Program Files\NetBeans 8.2\java\modules\ext\spring-3.0\spring-context-support-3.2.7.RELEASE.jar;C:\Program Files\NetBeans 8.2\java\modules\ext\spring-3.0\spring-core-3.2.7.RELEASE.jar;C:\Program Files\NetBeans 8.2\java\modules\ext\spring-3.0\spring-expression-3.2.7.RELEASE.jar;C:\Program Files\NetBeans 8.2\java\modules\ext\spring-3.0\spring-framework-bom-3.2.7.RELEASE.jar;C:\Program Files\NetBeans 8.2\java\modules\ext\spring-3.0\spring-instrument-3.2.7.RELEASE.jar;C:\Program Files\NetBeans 8.2\java\modules\ext\spring-3.0\spring-instrument-tomcat-3.2.7.RELEASE.jar;C:\Program Files\NetBeans 8.2\java\modules\ext\spring-3.0\spring-jdbc-3.2.7.RELEASE.jar;C:\Program Files\NetBeans 8.2\java\modules\ext\spring-3.0\spring-jms-3.2.7.RELEASE.jar;C:\Program Files\NetBeans 8.2\java\modules\ext\spring-3.0\spring-orm-3.2.7.RELEASE.jar;C:\Program Files\NetBeans 8.2\java\modules\ext\spring-3.0\spring-oxm-3.2.7.RELEASE.jar;C:\Program Files\NetBeans 8.2\java\modules\ext\spring-3.0\spring-struts-3.2.7.RELEASE.jar;C:\Program Files\NetBeans 8.2\java\modules\ext\spring-3.0\spring-test-3.2.7.RELEASE.jar;C:\Program Files\NetBeans 8.2\java\modules\ext\spring-3.0\spring-tx-3.2.7.RELEASE.jar;C:\Program Files\NetBeans 8.2\java\modules\ext\spring-3.0\spring-web-3.2.7.RELEASE.jar;C:\Program Files\NetBeans 8.2\java\modules\ext\spring-3.0\spring-webmvc-3.2.7.RELEASE.jar;C:\Program Files\NetBeans 8.2\java\modules\ext\spring-3.0\spring-webmvc-portlet-3.2.7.RELEASE.jar" />
    <property name="libs.jsp-compiler.maven-pom" value="" />
    <property name="libs.hamcrest.src" value="" />
    <property name="run.jvmargs" value="  -javaagent:&quot;C:\Users\Casca\AppData\Roaming\NetBeans\8.2\modules\ext\jacocoagent.jar&quot;=includes=Logica.*:META-INF.*:Presentacion.*,destfile=&quot;I:\Gian\Coding\Instituto\Laboratorio_PA_SJ\jacoco.exec-31654853984770&quot;" />
    <property name="libs.hibernate4-persistence.classpath" value="C:\Program Files\NetBeans 8.2\java\modules\ext\hibernate4\antlr-2.7.7.jar;C:\Program Files\NetBeans 8.2\java\modules\ext\hibernate4\c3p0-0.9.2.1.jar;C:\Program Files\NetBeans 8.2\java\modules\ext\hibernate4\hibernate-c3p0-4.3.1.Final.jar;C:\Program Files\NetBeans 8.2\java\modules\ext\hibernate4\mchange-commons-java-0.2.3.4.jar;C:\Program Files\NetBeans 8.2\java\modules\ext\hibernate4\dom4j-1.6.1.jar;C:\Program Files\NetBeans 8.2\java\modules\ext\hibernate4\ehcache-core-2.4.3.jar;C:\Program Files\NetBeans 8.2\java\modules\ext\hibernate4\hibernate-ehcache-4.3.1.Final.jar;C:\Program Files\NetBeans 8.2\java\modules\ext\hibernate4\hibernate-core-4.3.1.Final.jar;C:\Program Files\NetBeans 8.2\java\modules\ext\hibernate4\jboss-logging-3.1.3.GA.jar;C:\Program Files\NetBeans 8.2\java\modules\ext\hibernate4\hibernate-commons-annotations-4.0.4.Final.jar;C:\Program Files\NetBeans 8.2\java\modules\ext\hibernate4\hibernate-entitymanager-4.3.1.Final.jar;C:\Program Files\NetBeans 8.2\java\modules\ext\hibernate4\javassist-3.18.1-GA.jar;C:\Program Files\NetBeans 8.2\java\modules\ext\hibernate4\jboss-transaction-api_1.2_spec-1.0.0.Final.jar;C:\Program Files\NetBeans 8.2\java\modules\ext\hibernate4\slf4j-api-1.6.1.jar;C:\Program Files\NetBeans 8.2\java\modules\ext\hibernate4\slf4j-simple-1.6.1.jar;C:\Program Files\NetBeans 8.2\java\modules\ext\hibernate4\hibernate-jpa-2.1-api-1.0.0.Final.jar" />
    <property name="libs.JAXB-ENDORSED.src" value="" />
    <property name="dist.archive.excludes" value="" />
    <property name="libs.testng.javadoc" value="C:\Program Files\NetBeans 8.2\platform\docs\testng-6.8.1-javadoc.zip" />
    <property name="user.script" value="" />
    <property name="libs.PostgreSQLDriver.classpath" value="C:\Program Files\NetBeans 8.2\ide\modules\ext\postgresql-9.4.1209.jar" />
    <property name="libs.jsf12.maven-pom" value="" />
    <property name="libs.hibernate4-persistencemodelgen.classpath" value="C:\Program Files\NetBeans 8.2\java\modules\ext\hibernate4\hibernate-jpamodelgen-4.3.1.Final.jar" />
    <property name="annotation.processing.source.output" value="build/generated-sources/ap-source-output" />
    <property name="main.class" value="Presentacion.Main" />
    <property name="libs.CopyLibs.src" value="" />
    <property name="build.dir" value="build" />
    <property name="libs.jsp-compilation.classpath" value="C:\Program Files\NetBeans 8.2\extide\ant\lib\ant.jar;C:\Program Files\NetBeans 8.2\enterprise\modules\ext\servlet3.1-jsp2.3-api.jar;C:\Program Files\NetBeans 8.2\enterprise\modules\ext\glassfish-jspparser-4.0.jar;C:\Program Files\NetBeans 8.2\enterprise\modules\ext\jsf-2_2\javax.faces.jar;C:\Program Files\NetBeans 8.2\enterprise\modules\ext\jstl-api.jar;C:\Program Files\NetBeans 8.2\extide\ant\lib\ant-launcher.jar" />
    <property name="ant.version" value="Apache Ant(TM) version 1.9.7 compiled on April 9 2016" />
    <property name="file.reference.derby.jar" value="C:\Users\Usuario\Desktop\derby.jar" />
    <property name="file.encoding" value="MS932" />
    <property name="build.classes.excludes" value="**/*.java,**/*.form" />
    <property name="javadoc.nonavbar" value="false" />
    <property name="jdkBug6558476" value="false" />
    <property name="libs.spring-webmvc4.0.classpath" value="C:\Program Files\NetBeans 8.2\java\modules\ext\spring-4\spring-webmvc-4.0.1.RELEASE.jar" />
    <property name="platform.active" value="default_platform" />
    <property name="awt.toolkit" value="sun.awt.windows.WToolkit" />
    <property name="libs.javaee-web-api-7.0.javadoc" value="C:\Program Files\NetBeans 8.2\enterprise\docs\javaee-doc-api.jar" />
  </properties>
  <testcase classname="Logica.ControladorTest" name="testConfigTemporalAlbum" time="4.383">
    <error message="Exception [EclipseLink-4002] (Eclipse Persistence Services - 2.5.2.v20140319-9ad6abd): org.eclipse.persistence.exceptions.DatabaseException&#xd;&#xa;Internal Exception: java.sql.SQLNonTransientConnectionException: java.net.ConnectException: Error al conectarse al servidor localhost en el puerto 1.527 con el mensaje Connection refused: connect.&#xd;&#xa;Error Code: 40000" type="javax.persistence.PersistenceException">javax.persistence.PersistenceException: Exception [EclipseLink-4002] (Eclipse Persistence Services - 2.5.2.v20140319-9ad6abd): org.eclipse.persistence.exceptions.DatabaseException
Internal Exception: java.sql.SQLNonTransientConnectionException: java.net.ConnectException: Error al conectarse al servidor localhost en el puerto 1.527 con el mensaje Connection refused: connect.
Error Code: 40000
	at org.eclipse.persistence.internal.jpa.EntityManagerSetupImpl.deploy(EntityManagerSetupImpl.java:766)
	at org.eclipse.persistence.internal.jpa.EntityManagerFactoryDelegate.getAbstractSession(EntityManagerFactoryDelegate.java:204)
	at org.eclipse.persistence.internal.jpa.EntityManagerFactoryDelegate.getDatabaseSession(EntityManagerFactoryDelegate.java:182)
	at org.eclipse.persistence.internal.jpa.EntityManagerFactoryImpl.getDatabaseSession(EntityManagerFactoryImpl.java:527)
	at org.eclipse.persistence.jpa.PersistenceProvider.createEntityManagerFactoryImpl(PersistenceProvider.java:140)
	at org.eclipse.persistence.jpa.PersistenceProvider.createEntityManagerFactory(PersistenceProvider.java:177)
	at javax.persistence.Persistence.createEntityManagerFactory(Persistence.java:79)
	at javax.persistence.Persistence.createEntityManagerFactory(Persistence.java:54)
	at Logica.Manejador.&lt;init&gt;(Manejador.java:31)
	at Logica.Manejador.getinstance(Manejador.java:125)
	at Logica.Controlador.configTemporalAlbum(Controlador.java:399)
	at Logica.ControladorTest.testConfigTemporalAlbum(ControladorTest.java:865)
Caused by: Exception [EclipseLink-4002] (Eclipse Persistence Services - 2.5.2.v20140319-9ad6abd): org.eclipse.persistence.exceptions.DatabaseException
Internal Exception: java.sql.SQLNonTransientConnectionException: java.net.ConnectException: Error al conectarse al servidor localhost en el puerto 1.527 con el mensaje Connection refused: connect.
Error Code: 40000
	at org.eclipse.persistence.exceptions.DatabaseException.sqlException(DatabaseException.java:331)
	at org.eclipse.persistence.exceptions.DatabaseException.sqlException(DatabaseException.java:326)
	at org.eclipse.persistence.sessions.DefaultConnector.connect(DefaultConnector.java:138)
	at org.eclipse.persistence.sessions.DatasourceLogin.connectToDatasource(DatasourceLogin.java:162)
	at org.eclipse.persistence.internal.sessions.DatabaseSessionImpl.setOrDetectDatasource(DatabaseSessionImpl.java:204)
	at org.eclipse.persistence.internal.sessions.DatabaseSessionImpl.loginAndDetectDatasource(DatabaseSessionImpl.java:741)
	at org.eclipse.persistence.internal.jpa.EntityManagerFactoryProvider.login(EntityManagerFactoryProvider.java:239)
	at org.eclipse.persistence.internal.jpa.EntityManagerSetupImpl.deploy(EntityManagerSetupImpl.java:685)
Caused by: java.sql.SQLNonTransientConnectionException: java.net.ConnectException: Error al conectarse al servidor localhost en el puerto 1.527 con el mensaje Connection refused: connect.
	at org.apache.derby.client.am.SQLExceptionFactory.getSQLException(Unknown Source)
	at org.apache.derby.client.am.SqlException.getSQLException(Unknown Source)
	at org.apache.derby.jdbc.ClientDriver.connect(Unknown Source)
	at java.sql.DriverManager.getConnection(DriverManager.java:664)
	at java.sql.DriverManager.getConnection(DriverManager.java:208)
	at org.eclipse.persistence.sessions.DefaultConnector.connect(DefaultConnector.java:98)
Caused by: ERROR 08001: java.net.ConnectException: Error al conectarse al servidor localhost en el puerto 1.527 con el mensaje Connection refused: connect.
	at org.apache.derby.client.net.NetAgent.&lt;init&gt;(Unknown Source)
	at org.apache.derby.client.net.NetConnection.newAgent_(Unknown Source)
	at org.apache.derby.client.am.ClientConnection.&lt;init&gt;(Unknown Source)
	at org.apache.derby.client.net.NetConnection.&lt;init&gt;(Unknown Source)
	at org.apache.derby.client.net.ClientJDBCObjectFactoryImpl.newNetConnection(Unknown Source)
Caused by: java.net.ConnectException: Connection refused: connect
	at java.net.DualStackPlainSocketImpl.connect0(Native Method)
	at java.net.DualStackPlainSocketImpl.socketConnect(DualStackPlainSocketImpl.java:79)
	at java.net.AbstractPlainSocketImpl.doConnect(AbstractPlainSocketImpl.java:350)
	at java.net.AbstractPlainSocketImpl.connectToAddress(AbstractPlainSocketImpl.java:206)
	at java.net.AbstractPlainSocketImpl.connect(AbstractPlainSocketImpl.java:188)
	at java.net.PlainSocketImpl.connect(PlainSocketImpl.java:172)
	at java.net.SocksSocketImpl.connect(SocksSocketImpl.java:392)
	at java.net.Socket.connect(Socket.java:589)
	at java.net.Socket.connect(Socket.java:538)
	at java.net.Socket.&lt;init&gt;(Socket.java:434)
	at java.net.Socket.&lt;init&gt;(Socket.java:211)
	at javax.net.DefaultSocketFactory.createSocket(SocketFactory.java:271)
	at org.apache.derby.client.net.OpenSocketAction.run(Unknown Source)
	at org.apache.derby.client.net.OpenSocketAction.run(Unknown Source)
	at java.security.AccessController.doPrivileged(Native Method)
</error>
  </testcase>
  <testcase classname="Logica.ControladorTest" name="testAddToTemporalGenres" time="2.086">
    <error message="Exception [EclipseLink-4002] (Eclipse Persistence Services - 2.5.2.v20140319-9ad6abd): org.eclipse.persistence.exceptions.DatabaseException&#xd;&#xa;Internal Exception: java.sql.SQLNonTransientConnectionException: java.net.ConnectException: Error al conectarse al servidor localhost en el puerto 1.527 con el mensaje Connection refused: connect.&#xd;&#xa;Error Code: 40000" type="javax.persistence.PersistenceException">javax.persistence.PersistenceException: Exception [EclipseLink-4002] (Eclipse Persistence Services - 2.5.2.v20140319-9ad6abd): org.eclipse.persistence.exceptions.DatabaseException
Internal Exception: java.sql.SQLNonTransientConnectionException: java.net.ConnectException: Error al conectarse al servidor localhost en el puerto 1.527 con el mensaje Connection refused: connect.
Error Code: 40000
	at org.eclipse.persistence.internal.jpa.EntityManagerSetupImpl.deploy(EntityManagerSetupImpl.java:766)
	at org.eclipse.persistence.internal.jpa.EntityManagerFactoryDelegate.getAbstractSession(EntityManagerFactoryDelegate.java:204)
	at org.eclipse.persistence.internal.jpa.EntityManagerFactoryDelegate.getDatabaseSession(EntityManagerFactoryDelegate.java:182)
	at org.eclipse.persistence.internal.jpa.EntityManagerFactoryImpl.getDatabaseSession(EntityManagerFactoryImpl.java:527)
	at org.eclipse.persistence.jpa.PersistenceProvider.createEntityManagerFactoryImpl(PersistenceProvider.java:140)
	at org.eclipse.persistence.jpa.PersistenceProvider.createEntityManagerFactory(PersistenceProvider.java:177)
	at javax.persistence.Persistence.createEntityManagerFactory(Persistence.java:79)
	at javax.persistence.Persistence.createEntityManagerFactory(Persistence.java:54)
	at Logica.Manejador.&lt;init&gt;(Manejador.java:31)
	at Logica.Manejador.getinstance(Manejador.java:125)
	at Logica.Controlador.addToTemporalGenres(Controlador.java:424)
	at Logica.ControladorTest.testAddToTemporalGenres(ControladorTest.java:915)
Caused by: Exception [EclipseLink-4002] (Eclipse Persistence Services - 2.5.2.v20140319-9ad6abd): org.eclipse.persistence.exceptions.DatabaseException
Internal Exception: java.sql.SQLNonTransientConnectionException: java.net.ConnectException: Error al conectarse al servidor localhost en el puerto 1.527 con el mensaje Connection refused: connect.
Error Code: 40000
	at org.eclipse.persistence.exceptions.DatabaseException.sqlException(DatabaseException.java:331)
	at org.eclipse.persistence.exceptions.DatabaseException.sqlException(DatabaseException.java:326)
	at org.eclipse.persistence.sessions.DefaultConnector.connect(DefaultConnector.java:138)
	at org.eclipse.persistence.sessions.DatasourceLogin.connectToDatasource(DatasourceLogin.java:162)
	at org.eclipse.persistence.internal.sessions.DatabaseSessionImpl.setOrDetectDatasource(DatabaseSessionImpl.java:204)
	at org.eclipse.persistence.internal.sessions.DatabaseSessionImpl.loginAndDetectDatasource(DatabaseSessionImpl.java:741)
	at org.eclipse.persistence.internal.jpa.EntityManagerFactoryProvider.login(EntityManagerFactoryProvider.java:239)
	at org.eclipse.persistence.internal.jpa.EntityManagerSetupImpl.deploy(EntityManagerSetupImpl.java:685)
Caused by: java.sql.SQLNonTransientConnectionException: java.net.ConnectException: Error al conectarse al servidor localhost en el puerto 1.527 con el mensaje Connection refused: connect.
	at org.apache.derby.client.am.SQLExceptionFactory.getSQLException(Unknown Source)
	at org.apache.derby.client.am.SqlException.getSQLException(Unknown Source)
	at org.apache.derby.jdbc.ClientDriver.connect(Unknown Source)
	at java.sql.DriverManager.getConnection(DriverManager.java:664)
	at java.sql.DriverManager.getConnection(DriverManager.java:208)
	at org.eclipse.persistence.sessions.DefaultConnector.connect(DefaultConnector.java:98)
Caused by: ERROR 08001: java.net.ConnectException: Error al conectarse al servidor localhost en el puerto 1.527 con el mensaje Connection refused: connect.
	at org.apache.derby.client.net.NetAgent.&lt;init&gt;(Unknown Source)
	at org.apache.derby.client.net.NetConnection.newAgent_(Unknown Source)
	at org.apache.derby.client.am.ClientConnection.&lt;init&gt;(Unknown Source)
	at org.apache.derby.client.net.NetConnection.&lt;init&gt;(Unknown Source)
	at org.apache.derby.client.net.ClientJDBCObjectFactoryImpl.newNetConnection(Unknown Source)
Caused by: java.net.ConnectException: Connection refused: connect
	at java.net.DualStackPlainSocketImpl.connect0(Native Method)
	at java.net.DualStackPlainSocketImpl.socketConnect(DualStackPlainSocketImpl.java:79)
	at java.net.AbstractPlainSocketImpl.doConnect(AbstractPlainSocketImpl.java:350)
	at java.net.AbstractPlainSocketImpl.connectToAddress(AbstractPlainSocketImpl.java:206)
	at java.net.AbstractPlainSocketImpl.connect(AbstractPlainSocketImpl.java:188)
	at java.net.PlainSocketImpl.connect(PlainSocketImpl.java:172)
	at java.net.SocksSocketImpl.connect(SocksSocketImpl.java:392)
	at java.net.Socket.connect(Socket.java:589)
	at java.net.Socket.connect(Socket.java:538)
	at java.net.Socket.&lt;init&gt;(Socket.java:434)
	at java.net.Socket.&lt;init&gt;(Socket.java:211)
	at javax.net.DefaultSocketFactory.createSocket(SocketFactory.java:271)
	at org.apache.derby.client.net.OpenSocketAction.run(Unknown Source)
	at org.apache.derby.client.net.OpenSocketAction.run(Unknown Source)
	at java.security.AccessController.doPrivileged(Native Method)
</error>
  </testcase>
  <testcase classname="Logica.ControladorTest" name="testAltaGenero" time="2.075">
    <error message="Exception [EclipseLink-4002] (Eclipse Persistence Services - 2.5.2.v20140319-9ad6abd): org.eclipse.persistence.exceptions.DatabaseException&#xd;&#xa;Internal Exception: java.sql.SQLNonTransientConnectionException: java.net.ConnectException: Error al conectarse al servidor localhost en el puerto 1.527 con el mensaje Connection refused: connect.&#xd;&#xa;Error Code: 40000" type="javax.persistence.PersistenceException">javax.persistence.PersistenceException: Exception [EclipseLink-4002] (Eclipse Persistence Services - 2.5.2.v20140319-9ad6abd): org.eclipse.persistence.exceptions.DatabaseException
Internal Exception: java.sql.SQLNonTransientConnectionException: java.net.ConnectException: Error al conectarse al servidor localhost en el puerto 1.527 con el mensaje Connection refused: connect.
Error Code: 40000
	at org.eclipse.persistence.internal.jpa.EntityManagerSetupImpl.deploy(EntityManagerSetupImpl.java:766)
	at org.eclipse.persistence.internal.jpa.EntityManagerFactoryDelegate.getAbstractSession(EntityManagerFactoryDelegate.java:204)
	at org.eclipse.persistence.internal.jpa.EntityManagerFactoryDelegate.getDatabaseSession(EntityManagerFactoryDelegate.java:182)
	at org.eclipse.persistence.internal.jpa.EntityManagerFactoryImpl.getDatabaseSession(EntityManagerFactoryImpl.java:527)
	at org.eclipse.persistence.jpa.PersistenceProvider.createEntityManagerFactoryImpl(PersistenceProvider.java:140)
	at org.eclipse.persistence.jpa.PersistenceProvider.createEntityManagerFactory(PersistenceProvider.java:177)
	at javax.persistence.Persistence.createEntityManagerFactory(Persistence.java:79)
	at javax.persistence.Persistence.createEntityManagerFactory(Persistence.java:54)
	at Logica.Manejador.&lt;init&gt;(Manejador.java:31)
	at Logica.Manejador.getinstance(Manejador.java:125)
	at Logica.Controlador.AltaGenero(Controlador.java:59)
	at Logica.ControladorTest.testAltaGenero(ControladorTest.java:116)
Caused by: Exception [EclipseLink-4002] (Eclipse Persistence Services - 2.5.2.v20140319-9ad6abd): org.eclipse.persistence.exceptions.DatabaseException
Internal Exception: java.sql.SQLNonTransientConnectionException: java.net.ConnectException: Error al conectarse al servidor localhost en el puerto 1.527 con el mensaje Connection refused: connect.
Error Code: 40000
	at org.eclipse.persistence.exceptions.DatabaseException.sqlException(DatabaseException.java:331)
	at org.eclipse.persistence.exceptions.DatabaseException.sqlException(DatabaseException.java:326)
	at org.eclipse.persistence.sessions.DefaultConnector.connect(DefaultConnector.java:138)
	at org.eclipse.persistence.sessions.DatasourceLogin.connectToDatasource(DatasourceLogin.java:162)
	at org.eclipse.persistence.internal.sessions.DatabaseSessionImpl.setOrDetectDatasource(DatabaseSessionImpl.java:204)
	at org.eclipse.persistence.internal.sessions.DatabaseSessionImpl.loginAndDetectDatasource(DatabaseSessionImpl.java:741)
	at org.eclipse.persistence.internal.jpa.EntityManagerFactoryProvider.login(EntityManagerFactoryProvider.java:239)
	at org.eclipse.persistence.internal.jpa.EntityManagerSetupImpl.deploy(EntityManagerSetupImpl.java:685)
Caused by: java.sql.SQLNonTransientConnectionException: java.net.ConnectException: Error al conectarse al servidor localhost en el puerto 1.527 con el mensaje Connection refused: connect.
	at org.apache.derby.client.am.SQLExceptionFactory.getSQLException(Unknown Source)
	at org.apache.derby.client.am.SqlException.getSQLException(Unknown Source)
	at org.apache.derby.jdbc.ClientDriver.connect(Unknown Source)
	at java.sql.DriverManager.getConnection(DriverManager.java:664)
	at java.sql.DriverManager.getConnection(DriverManager.java:208)
	at org.eclipse.persistence.sessions.DefaultConnector.connect(DefaultConnector.java:98)
Caused by: ERROR 08001: java.net.ConnectException: Error al conectarse al servidor localhost en el puerto 1.527 con el mensaje Connection refused: connect.
	at org.apache.derby.client.net.NetAgent.&lt;init&gt;(Unknown Source)
	at org.apache.derby.client.net.NetConnection.newAgent_(Unknown Source)
	at org.apache.derby.client.am.ClientConnection.&lt;init&gt;(Unknown Source)
	at org.apache.derby.client.net.NetConnection.&lt;init&gt;(Unknown Source)
	at org.apache.derby.client.net.ClientJDBCObjectFactoryImpl.newNetConnection(Unknown Source)
Caused by: java.net.ConnectException: Connection refused: connect
	at java.net.DualStackPlainSocketImpl.connect0(Native Method)
	at java.net.DualStackPlainSocketImpl.socketConnect(DualStackPlainSocketImpl.java:79)
	at java.net.AbstractPlainSocketImpl.doConnect(AbstractPlainSocketImpl.java:350)
	at java.net.AbstractPlainSocketImpl.connectToAddress(AbstractPlainSocketImpl.java:206)
	at java.net.AbstractPlainSocketImpl.connect(AbstractPlainSocketImpl.java:188)
	at java.net.PlainSocketImpl.connect(PlainSocketImpl.java:172)
	at java.net.SocksSocketImpl.connect(SocksSocketImpl.java:392)
	at java.net.Socket.connect(Socket.java:589)
	at java.net.Socket.connect(Socket.java:538)
	at java.net.Socket.&lt;init&gt;(Socket.java:434)
	at java.net.Socket.&lt;init&gt;(Socket.java:211)
	at javax.net.DefaultSocketFactory.createSocket(SocketFactory.java:271)
	at org.apache.derby.client.net.OpenSocketAction.run(Unknown Source)
	at org.apache.derby.client.net.OpenSocketAction.run(Unknown Source)
	at java.security.AccessController.doPrivileged(Native Method)
</error>
  </testcase>
  <testcase classname="Logica.ControladorTest" name="testConsultarArtista1" time="2.062">
    <error message="Exception [EclipseLink-4002] (Eclipse Persistence Services - 2.5.2.v20140319-9ad6abd): org.eclipse.persistence.exceptions.DatabaseException&#xd;&#xa;Internal Exception: java.sql.SQLNonTransientConnectionException: java.net.ConnectException: Error al conectarse al servidor localhost en el puerto 1.527 con el mensaje Connection refused: connect.&#xd;&#xa;Error Code: 40000" type="javax.persistence.PersistenceException">javax.persistence.PersistenceException: Exception [EclipseLink-4002] (Eclipse Persistence Services - 2.5.2.v20140319-9ad6abd): org.eclipse.persistence.exceptions.DatabaseException
Internal Exception: java.sql.SQLNonTransientConnectionException: java.net.ConnectException: Error al conectarse al servidor localhost en el puerto 1.527 con el mensaje Connection refused: connect.
Error Code: 40000
	at org.eclipse.persistence.internal.jpa.EntityManagerSetupImpl.deploy(EntityManagerSetupImpl.java:766)
	at org.eclipse.persistence.internal.jpa.EntityManagerFactoryDelegate.getAbstractSession(EntityManagerFactoryDelegate.java:204)
	at org.eclipse.persistence.internal.jpa.EntityManagerFactoryDelegate.getDatabaseSession(EntityManagerFactoryDelegate.java:182)
	at org.eclipse.persistence.internal.jpa.EntityManagerFactoryImpl.getDatabaseSession(EntityManagerFactoryImpl.java:527)
	at org.eclipse.persistence.jpa.PersistenceProvider.createEntityManagerFactoryImpl(PersistenceProvider.java:140)
	at org.eclipse.persistence.jpa.PersistenceProvider.createEntityManagerFactory(PersistenceProvider.java:177)
	at javax.persistence.Persistence.createEntityManagerFactory(Persistence.java:79)
	at javax.persistence.Persistence.createEntityManagerFactory(Persistence.java:54)
	at Logica.Manejador.&lt;init&gt;(Manejador.java:31)
	at Logica.Manejador.getinstance(Manejador.java:125)
	at Logica.Controlador.registrarArtista(Controlador.java:36)
	at Logica.ControladorTest.testConsultarArtista1(ControladorTest.java:393)
Caused by: Exception [EclipseLink-4002] (Eclipse Persistence Services - 2.5.2.v20140319-9ad6abd): org.eclipse.persistence.exceptions.DatabaseException
Internal Exception: java.sql.SQLNonTransientConnectionException: java.net.ConnectException: Error al conectarse al servidor localhost en el puerto 1.527 con el mensaje Connection refused: connect.
Error Code: 40000
	at org.eclipse.persistence.exceptions.DatabaseException.sqlException(DatabaseException.java:331)
	at org.eclipse.persistence.exceptions.DatabaseException.sqlException(DatabaseException.java:326)
	at org.eclipse.persistence.sessions.DefaultConnector.connect(DefaultConnector.java:138)
	at org.eclipse.persistence.sessions.DatasourceLogin.connectToDatasource(DatasourceLogin.java:162)
	at org.eclipse.persistence.internal.sessions.DatabaseSessionImpl.setOrDetectDatasource(DatabaseSessionImpl.java:204)
	at org.eclipse.persistence.internal.sessions.DatabaseSessionImpl.loginAndDetectDatasource(DatabaseSessionImpl.java:741)
	at org.eclipse.persistence.internal.jpa.EntityManagerFactoryProvider.login(EntityManagerFactoryProvider.java:239)
	at org.eclipse.persistence.internal.jpa.EntityManagerSetupImpl.deploy(EntityManagerSetupImpl.java:685)
Caused by: java.sql.SQLNonTransientConnectionException: java.net.ConnectException: Error al conectarse al servidor localhost en el puerto 1.527 con el mensaje Connection refused: connect.
	at org.apache.derby.client.am.SQLExceptionFactory.getSQLException(Unknown Source)
	at org.apache.derby.client.am.SqlException.getSQLException(Unknown Source)
	at org.apache.derby.jdbc.ClientDriver.connect(Unknown Source)
	at java.sql.DriverManager.getConnection(DriverManager.java:664)
	at java.sql.DriverManager.getConnection(DriverManager.java:208)
	at org.eclipse.persistence.sessions.DefaultConnector.connect(DefaultConnector.java:98)
Caused by: ERROR 08001: java.net.ConnectException: Error al conectarse al servidor localhost en el puerto 1.527 con el mensaje Connection refused: connect.
	at org.apache.derby.client.net.NetAgent.&lt;init&gt;(Unknown Source)
	at org.apache.derby.client.net.NetConnection.newAgent_(Unknown Source)
	at org.apache.derby.client.am.ClientConnection.&lt;init&gt;(Unknown Source)
	at org.apache.derby.client.net.NetConnection.&lt;init&gt;(Unknown Source)
	at org.apache.derby.client.net.ClientJDBCObjectFactoryImpl.newNetConnection(Unknown Source)
Caused by: java.net.ConnectException: Connection refused: connect
	at java.net.DualStackPlainSocketImpl.connect0(Native Method)
	at java.net.DualStackPlainSocketImpl.socketConnect(DualStackPlainSocketImpl.java:79)
	at java.net.AbstractPlainSocketImpl.doConnect(AbstractPlainSocketImpl.java:350)
	at java.net.AbstractPlainSocketImpl.connectToAddress(AbstractPlainSocketImpl.java:206)
	at java.net.AbstractPlainSocketImpl.connect(AbstractPlainSocketImpl.java:188)
	at java.net.PlainSocketImpl.connect(PlainSocketImpl.java:172)
	at java.net.SocksSocketImpl.connect(SocksSocketImpl.java:392)
	at java.net.Socket.connect(Socket.java:589)
	at java.net.Socket.connect(Socket.java:538)
	at java.net.Socket.&lt;init&gt;(Socket.java:434)
	at java.net.Socket.&lt;init&gt;(Socket.java:211)
	at javax.net.DefaultSocketFactory.createSocket(SocketFactory.java:271)
	at org.apache.derby.client.net.OpenSocketAction.run(Unknown Source)
	at org.apache.derby.client.net.OpenSocketAction.run(Unknown Source)
	at java.security.AccessController.doPrivileged(Native Method)
</error>
  </testcase>
  <testcase classname="Logica.ControladorTest" name="testAddListaParticular1" time="2.159">
    <error message="Exception [EclipseLink-4002] (Eclipse Persistence Services - 2.5.2.v20140319-9ad6abd): org.eclipse.persistence.exceptions.DatabaseException&#xd;&#xa;Internal Exception: java.sql.SQLNonTransientConnectionException: java.net.ConnectException: Error al conectarse al servidor localhost en el puerto 1.527 con el mensaje Connection refused: connect.&#xd;&#xa;Error Code: 40000" type="javax.persistence.PersistenceException">javax.persistence.PersistenceException: Exception [EclipseLink-4002] (Eclipse Persistence Services - 2.5.2.v20140319-9ad6abd): org.eclipse.persistence.exceptions.DatabaseException
Internal Exception: java.sql.SQLNonTransientConnectionException: java.net.ConnectException: Error al conectarse al servidor localhost en el puerto 1.527 con el mensaje Connection refused: connect.
Error Code: 40000
	at org.eclipse.persistence.internal.jpa.EntityManagerSetupImpl.deploy(EntityManagerSetupImpl.java:766)
	at org.eclipse.persistence.internal.jpa.EntityManagerFactoryDelegate.getAbstractSession(EntityManagerFactoryDelegate.java:204)
	at org.eclipse.persistence.internal.jpa.EntityManagerFactoryDelegate.getDatabaseSession(EntityManagerFactoryDelegate.java:182)
	at org.eclipse.persistence.internal.jpa.EntityManagerFactoryImpl.getDatabaseSession(EntityManagerFactoryImpl.java:527)
	at org.eclipse.persistence.jpa.PersistenceProvider.createEntityManagerFactoryImpl(PersistenceProvider.java:140)
	at org.eclipse.persistence.jpa.PersistenceProvider.createEntityManagerFactory(PersistenceProvider.java:177)
	at javax.persistence.Persistence.createEntityManagerFactory(Persistence.java:79)
	at javax.persistence.Persistence.createEntityManagerFactory(Persistence.java:54)
	at Logica.Manejador.&lt;init&gt;(Manejador.java:31)
	at Logica.Manejador.getinstance(Manejador.java:125)
	at Logica.Controlador.addListaParticular(Controlador.java:240)
	at Logica.ControladorTest.testAddListaParticular1(ControladorTest.java:553)
Caused by: Exception [EclipseLink-4002] (Eclipse Persistence Services - 2.5.2.v20140319-9ad6abd): org.eclipse.persistence.exceptions.DatabaseException
Internal Exception: java.sql.SQLNonTransientConnectionException: java.net.ConnectException: Error al conectarse al servidor localhost en el puerto 1.527 con el mensaje Connection refused: connect.
Error Code: 40000
	at org.eclipse.persistence.exceptions.DatabaseException.sqlException(DatabaseException.java:331)
	at org.eclipse.persistence.exceptions.DatabaseException.sqlException(DatabaseException.java:326)
	at org.eclipse.persistence.sessions.DefaultConnector.connect(DefaultConnector.java:138)
	at org.eclipse.persistence.sessions.DatasourceLogin.connectToDatasource(DatasourceLogin.java:162)
	at org.eclipse.persistence.internal.sessions.DatabaseSessionImpl.setOrDetectDatasource(DatabaseSessionImpl.java:204)
	at org.eclipse.persistence.internal.sessions.DatabaseSessionImpl.loginAndDetectDatasource(DatabaseSessionImpl.java:741)
	at org.eclipse.persistence.internal.jpa.EntityManagerFactoryProvider.login(EntityManagerFactoryProvider.java:239)
	at org.eclipse.persistence.internal.jpa.EntityManagerSetupImpl.deploy(EntityManagerSetupImpl.java:685)
Caused by: java.sql.SQLNonTransientConnectionException: java.net.ConnectException: Error al conectarse al servidor localhost en el puerto 1.527 con el mensaje Connection refused: connect.
	at org.apache.derby.client.am.SQLExceptionFactory.getSQLException(Unknown Source)
	at org.apache.derby.client.am.SqlException.getSQLException(Unknown Source)
	at org.apache.derby.jdbc.ClientDriver.connect(Unknown Source)
	at java.sql.DriverManager.getConnection(DriverManager.java:664)
	at java.sql.DriverManager.getConnection(DriverManager.java:208)
	at org.eclipse.persistence.sessions.DefaultConnector.connect(DefaultConnector.java:98)
Caused by: ERROR 08001: java.net.ConnectException: Error al conectarse al servidor localhost en el puerto 1.527 con el mensaje Connection refused: connect.
	at org.apache.derby.client.net.NetAgent.&lt;init&gt;(Unknown Source)
	at org.apache.derby.client.net.NetConnection.newAgent_(Unknown Source)
	at org.apache.derby.client.am.ClientConnection.&lt;init&gt;(Unknown Source)
	at org.apache.derby.client.net.NetConnection.&lt;init&gt;(Unknown Source)
	at org.apache.derby.client.net.ClientJDBCObjectFactoryImpl.newNetConnection(Unknown Source)
Caused by: java.net.ConnectException: Connection refused: connect
	at java.net.DualStackPlainSocketImpl.connect0(Native Method)
	at java.net.DualStackPlainSocketImpl.socketConnect(DualStackPlainSocketImpl.java:79)
	at java.net.AbstractPlainSocketImpl.doConnect(AbstractPlainSocketImpl.java:350)
	at java.net.AbstractPlainSocketImpl.connectToAddress(AbstractPlainSocketImpl.java:206)
	at java.net.AbstractPlainSocketImpl.connect(AbstractPlainSocketImpl.java:188)
	at java.net.PlainSocketImpl.connect(PlainSocketImpl.java:172)
	at java.net.SocksSocketImpl.connect(SocksSocketImpl.java:392)
	at java.net.Socket.connect(Socket.java:589)
	at java.net.Socket.connect(Socket.java:538)
	at java.net.Socket.&lt;init&gt;(Socket.java:434)
	at java.net.Socket.&lt;init&gt;(Socket.java:211)
	at javax.net.DefaultSocketFactory.createSocket(SocketFactory.java:271)
	at org.apache.derby.client.net.OpenSocketAction.run(Unknown Source)
	at org.apache.derby.client.net.OpenSocketAction.run(Unknown Source)
	at java.security.AccessController.doPrivileged(Native Method)
</error>
  </testcase>
  <testcase classname="Logica.ControladorTest" name="testAddListaParticular2" time="2.055">
    <error message="Exception [EclipseLink-4002] (Eclipse Persistence Services - 2.5.2.v20140319-9ad6abd): org.eclipse.persistence.exceptions.DatabaseException&#xd;&#xa;Internal Exception: java.sql.SQLNonTransientConnectionException: java.net.ConnectException: Error al conectarse al servidor localhost en el puerto 1.527 con el mensaje Connection refused: connect.&#xd;&#xa;Error Code: 40000" type="javax.persistence.PersistenceException">javax.persistence.PersistenceException: Exception [EclipseLink-4002] (Eclipse Persistence Services - 2.5.2.v20140319-9ad6abd): org.eclipse.persistence.exceptions.DatabaseException
Internal Exception: java.sql.SQLNonTransientConnectionException: java.net.ConnectException: Error al conectarse al servidor localhost en el puerto 1.527 con el mensaje Connection refused: connect.
Error Code: 40000
	at org.eclipse.persistence.internal.jpa.EntityManagerSetupImpl.deploy(EntityManagerSetupImpl.java:766)
	at org.eclipse.persistence.internal.jpa.EntityManagerFactoryDelegate.getAbstractSession(EntityManagerFactoryDelegate.java:204)
	at org.eclipse.persistence.internal.jpa.EntityManagerFactoryDelegate.getDatabaseSession(EntityManagerFactoryDelegate.java:182)
	at org.eclipse.persistence.internal.jpa.EntityManagerFactoryImpl.getDatabaseSession(EntityManagerFactoryImpl.java:527)
	at org.eclipse.persistence.jpa.PersistenceProvider.createEntityManagerFactoryImpl(PersistenceProvider.java:140)
	at org.eclipse.persistence.jpa.PersistenceProvider.createEntityManagerFactory(PersistenceProvider.java:177)
	at javax.persistence.Persistence.createEntityManagerFactory(Persistence.java:79)
	at javax.persistence.Persistence.createEntityManagerFactory(Persistence.java:54)
	at Logica.Manejador.&lt;init&gt;(Manejador.java:31)
	at Logica.Manejador.getinstance(Manejador.java:125)
	at Logica.Controlador.addListaParticular(Controlador.java:240)
	at Logica.ControladorTest.testAddListaParticular2(ControladorTest.java:563)
Caused by: Exception [EclipseLink-4002] (Eclipse Persistence Services - 2.5.2.v20140319-9ad6abd): org.eclipse.persistence.exceptions.DatabaseException
Internal Exception: java.sql.SQLNonTransientConnectionException: java.net.ConnectException: Error al conectarse al servidor localhost en el puerto 1.527 con el mensaje Connection refused: connect.
Error Code: 40000
	at org.eclipse.persistence.exceptions.DatabaseException.sqlException(DatabaseException.java:331)
	at org.eclipse.persistence.exceptions.DatabaseException.sqlException(DatabaseException.java:326)
	at org.eclipse.persistence.sessions.DefaultConnector.connect(DefaultConnector.java:138)
	at org.eclipse.persistence.sessions.DatasourceLogin.connectToDatasource(DatasourceLogin.java:162)
	at org.eclipse.persistence.internal.sessions.DatabaseSessionImpl.setOrDetectDatasource(DatabaseSessionImpl.java:204)
	at org.eclipse.persistence.internal.sessions.DatabaseSessionImpl.loginAndDetectDatasource(DatabaseSessionImpl.java:741)
	at org.eclipse.persistence.internal.jpa.EntityManagerFactoryProvider.login(EntityManagerFactoryProvider.java:239)
	at org.eclipse.persistence.internal.jpa.EntityManagerSetupImpl.deploy(EntityManagerSetupImpl.java:685)
Caused by: java.sql.SQLNonTransientConnectionException: java.net.ConnectException: Error al conectarse al servidor localhost en el puerto 1.527 con el mensaje Connection refused: connect.
	at org.apache.derby.client.am.SQLExceptionFactory.getSQLException(Unknown Source)
	at org.apache.derby.client.am.SqlException.getSQLException(Unknown Source)
	at org.apache.derby.jdbc.ClientDriver.connect(Unknown Source)
	at java.sql.DriverManager.getConnection(DriverManager.java:664)
	at java.sql.DriverManager.getConnection(DriverManager.java:208)
	at org.eclipse.persistence.sessions.DefaultConnector.connect(DefaultConnector.java:98)
Caused by: ERROR 08001: java.net.ConnectException: Error al conectarse al servidor localhost en el puerto 1.527 con el mensaje Connection refused: connect.
	at org.apache.derby.client.net.NetAgent.&lt;init&gt;(Unknown Source)
	at org.apache.derby.client.net.NetConnection.newAgent_(Unknown Source)
	at org.apache.derby.client.am.ClientConnection.&lt;init&gt;(Unknown Source)
	at org.apache.derby.client.net.NetConnection.&lt;init&gt;(Unknown Source)
	at org.apache.derby.client.net.ClientJDBCObjectFactoryImpl.newNetConnection(Unknown Source)
Caused by: java.net.ConnectException: Connection refused: connect
	at java.net.DualStackPlainSocketImpl.connect0(Native Method)
	at java.net.DualStackPlainSocketImpl.socketConnect(DualStackPlainSocketImpl.java:79)
	at java.net.AbstractPlainSocketImpl.doConnect(AbstractPlainSocketImpl.java:350)
	at java.net.AbstractPlainSocketImpl.connectToAddress(AbstractPlainSocketImpl.java:206)
	at java.net.AbstractPlainSocketImpl.connect(AbstractPlainSocketImpl.java:188)
	at java.net.PlainSocketImpl.connect(PlainSocketImpl.java:172)
	at java.net.SocksSocketImpl.connect(SocksSocketImpl.java:392)
	at java.net.Socket.connect(Socket.java:589)
	at java.net.Socket.connect(Socket.java:538)
	at java.net.Socket.&lt;init&gt;(Socket.java:434)
	at java.net.Socket.&lt;init&gt;(Socket.java:211)
	at javax.net.DefaultSocketFactory.createSocket(SocketFactory.java:271)
	at org.apache.derby.client.net.OpenSocketAction.run(Unknown Source)
	at org.apache.derby.client.net.OpenSocketAction.run(Unknown Source)
	at java.security.AccessController.doPrivileged(Native Method)
</error>
  </testcase>
  <testcase classname="Logica.ControladorTest" name="testCreateTemporalAlbum" time="2.066">
    <error message="Exception [EclipseLink-4002] (Eclipse Persistence Services - 2.5.2.v20140319-9ad6abd): org.eclipse.persistence.exceptions.DatabaseException&#xd;&#xa;Internal Exception: java.sql.SQLNonTransientConnectionException: java.net.ConnectException: Error al conectarse al servidor localhost en el puerto 1.527 con el mensaje Connection refused: connect.&#xd;&#xa;Error Code: 40000" type="javax.persistence.PersistenceException">javax.persistence.PersistenceException: Exception [EclipseLink-4002] (Eclipse Persistence Services - 2.5.2.v20140319-9ad6abd): org.eclipse.persistence.exceptions.DatabaseException
Internal Exception: java.sql.SQLNonTransientConnectionException: java.net.ConnectException: Error al conectarse al servidor localhost en el puerto 1.527 con el mensaje Connection refused: connect.
Error Code: 40000
	at org.eclipse.persistence.internal.jpa.EntityManagerSetupImpl.deploy(EntityManagerSetupImpl.java:766)
	at org.eclipse.persistence.internal.jpa.EntityManagerFactoryDelegate.getAbstractSession(EntityManagerFactoryDelegate.java:204)
	at org.eclipse.persistence.internal.jpa.EntityManagerFactoryDelegate.getDatabaseSession(EntityManagerFactoryDelegate.java:182)
	at org.eclipse.persistence.internal.jpa.EntityManagerFactoryImpl.getDatabaseSession(EntityManagerFactoryImpl.java:527)
	at org.eclipse.persistence.jpa.PersistenceProvider.createEntityManagerFactoryImpl(PersistenceProvider.java:140)
	at org.eclipse.persistence.jpa.PersistenceProvider.createEntityManagerFactory(PersistenceProvider.java:177)
	at javax.persistence.Persistence.createEntityManagerFactory(Persistence.java:79)
	at javax.persistence.Persistence.createEntityManagerFactory(Persistence.java:54)
	at Logica.Manejador.&lt;init&gt;(Manejador.java:31)
	at Logica.Manejador.getinstance(Manejador.java:125)
	at Logica.Controlador.createTemporalAlbum(Controlador.java:387)
	at Logica.ControladorTest.testCreateTemporalAlbum(ControladorTest.java:842)
Caused by: Exception [EclipseLink-4002] (Eclipse Persistence Services - 2.5.2.v20140319-9ad6abd): org.eclipse.persistence.exceptions.DatabaseException
Internal Exception: java.sql.SQLNonTransientConnectionException: java.net.ConnectException: Error al conectarse al servidor localhost en el puerto 1.527 con el mensaje Connection refused: connect.
Error Code: 40000
	at org.eclipse.persistence.exceptions.DatabaseException.sqlException(DatabaseException.java:331)
	at org.eclipse.persistence.exceptions.DatabaseException.sqlException(DatabaseException.java:326)
	at org.eclipse.persistence.sessions.DefaultConnector.connect(DefaultConnector.java:138)
	at org.eclipse.persistence.sessions.DatasourceLogin.connectToDatasource(DatasourceLogin.java:162)
	at org.eclipse.persistence.internal.sessions.DatabaseSessionImpl.setOrDetectDatasource(DatabaseSessionImpl.java:204)
	at org.eclipse.persistence.internal.sessions.DatabaseSessionImpl.loginAndDetectDatasource(DatabaseSessionImpl.java:741)
	at org.eclipse.persistence.internal.jpa.EntityManagerFactoryProvider.login(EntityManagerFactoryProvider.java:239)
	at org.eclipse.persistence.internal.jpa.EntityManagerSetupImpl.deploy(EntityManagerSetupImpl.java:685)
Caused by: java.sql.SQLNonTransientConnectionException: java.net.ConnectException: Error al conectarse al servidor localhost en el puerto 1.527 con el mensaje Connection refused: connect.
	at org.apache.derby.client.am.SQLExceptionFactory.getSQLException(Unknown Source)
	at org.apache.derby.client.am.SqlException.getSQLException(Unknown Source)
	at org.apache.derby.jdbc.ClientDriver.connect(Unknown Source)
	at java.sql.DriverManager.getConnection(DriverManager.java:664)
	at java.sql.DriverManager.getConnection(DriverManager.java:208)
	at org.eclipse.persistence.sessions.DefaultConnector.connect(DefaultConnector.java:98)
Caused by: ERROR 08001: java.net.ConnectException: Error al conectarse al servidor localhost en el puerto 1.527 con el mensaje Connection refused: connect.
	at org.apache.derby.client.net.NetAgent.&lt;init&gt;(Unknown Source)
	at org.apache.derby.client.net.NetConnection.newAgent_(Unknown Source)
	at org.apache.derby.client.am.ClientConnection.&lt;init&gt;(Unknown Source)
	at org.apache.derby.client.net.NetConnection.&lt;init&gt;(Unknown Source)
	at org.apache.derby.client.net.ClientJDBCObjectFactoryImpl.newNetConnection(Unknown Source)
Caused by: java.net.ConnectException: Connection refused: connect
	at java.net.DualStackPlainSocketImpl.connect0(Native Method)
	at java.net.DualStackPlainSocketImpl.socketConnect(DualStackPlainSocketImpl.java:79)
	at java.net.AbstractPlainSocketImpl.doConnect(AbstractPlainSocketImpl.java:350)
	at java.net.AbstractPlainSocketImpl.connectToAddress(AbstractPlainSocketImpl.java:206)
	at java.net.AbstractPlainSocketImpl.connect(AbstractPlainSocketImpl.java:188)
	at java.net.PlainSocketImpl.connect(PlainSocketImpl.java:172)
	at java.net.SocksSocketImpl.connect(SocksSocketImpl.java:392)
	at java.net.Socket.connect(Socket.java:589)
	at java.net.Socket.connect(Socket.java:538)
	at java.net.Socket.&lt;init&gt;(Socket.java:434)
	at java.net.Socket.&lt;init&gt;(Socket.java:211)
	at javax.net.DefaultSocketFactory.createSocket(SocketFactory.java:271)
	at org.apache.derby.client.net.OpenSocketAction.run(Unknown Source)
	at org.apache.derby.client.net.OpenSocketAction.run(Unknown Source)
	at java.security.AccessController.doPrivileged(Native Method)
</error>
  </testcase>
  <testcase classname="Logica.ControladorTest" name="testPrivatizarLista1" time="0.0" />
  <testcase classname="Logica.ControladorTest" name="testPrivatizarLista2" time="0.001" />
  <testcase classname="Logica.ControladorTest" name="testPrivatizarLista3" time="0.0" />
  <testcase classname="Logica.ControladorTest" name="testRegistrarArtista" time="2.078">
    <error message="Exception [EclipseLink-4002] (Eclipse Persistence Services - 2.5.2.v20140319-9ad6abd): org.eclipse.persistence.exceptions.DatabaseException&#xd;&#xa;Internal Exception: java.sql.SQLNonTransientConnectionException: java.net.ConnectException: Error al conectarse al servidor localhost en el puerto 1.527 con el mensaje Connection refused: connect.&#xd;&#xa;Error Code: 40000" type="javax.persistence.PersistenceException">javax.persistence.PersistenceException: Exception [EclipseLink-4002] (Eclipse Persistence Services - 2.5.2.v20140319-9ad6abd): org.eclipse.persistence.exceptions.DatabaseException
Internal Exception: java.sql.SQLNonTransientConnectionException: java.net.ConnectException: Error al conectarse al servidor localhost en el puerto 1.527 con el mensaje Connection refused: connect.
Error Code: 40000
	at org.eclipse.persistence.internal.jpa.EntityManagerSetupImpl.deploy(EntityManagerSetupImpl.java:766)
	at org.eclipse.persistence.internal.jpa.EntityManagerFactoryDelegate.getAbstractSession(EntityManagerFactoryDelegate.java:204)
	at org.eclipse.persistence.internal.jpa.EntityManagerFactoryDelegate.getDatabaseSession(EntityManagerFactoryDelegate.java:182)
	at org.eclipse.persistence.internal.jpa.EntityManagerFactoryImpl.getDatabaseSession(EntityManagerFactoryImpl.java:527)
	at org.eclipse.persistence.jpa.PersistenceProvider.createEntityManagerFactoryImpl(PersistenceProvider.java:140)
	at org.eclipse.persistence.jpa.PersistenceProvider.createEntityManagerFactory(PersistenceProvider.java:177)
	at javax.persistence.Persistence.createEntityManagerFactory(Persistence.java:79)
	at javax.persistence.Persistence.createEntityManagerFactory(Persistence.java:54)
	at Logica.Manejador.&lt;init&gt;(Manejador.java:31)
	at Logica.Manejador.getinstance(Manejador.java:125)
	at Logica.Controlador.getItemArtist(Controlador.java:228)
	at Logica.ControladorTest.testRegistrarArtista(ControladorTest.java:85)
Caused by: Exception [EclipseLink-4002] (Eclipse Persistence Services - 2.5.2.v20140319-9ad6abd): org.eclipse.persistence.exceptions.DatabaseException
Internal Exception: java.sql.SQLNonTransientConnectionException: java.net.ConnectException: Error al conectarse al servidor localhost en el puerto 1.527 con el mensaje Connection refused: connect.
Error Code: 40000
	at org.eclipse.persistence.exceptions.DatabaseException.sqlException(DatabaseException.java:331)
	at org.eclipse.persistence.exceptions.DatabaseException.sqlException(DatabaseException.java:326)
	at org.eclipse.persistence.sessions.DefaultConnector.connect(DefaultConnector.java:138)
	at org.eclipse.persistence.sessions.DatasourceLogin.connectToDatasource(DatasourceLogin.java:162)
	at org.eclipse.persistence.internal.sessions.DatabaseSessionImpl.setOrDetectDatasource(DatabaseSessionImpl.java:204)
	at org.eclipse.persistence.internal.sessions.DatabaseSessionImpl.loginAndDetectDatasource(DatabaseSessionImpl.java:741)
	at org.eclipse.persistence.internal.jpa.EntityManagerFactoryProvider.login(EntityManagerFactoryProvider.java:239)
	at org.eclipse.persistence.internal.jpa.EntityManagerSetupImpl.deploy(EntityManagerSetupImpl.java:685)
Caused by: java.sql.SQLNonTransientConnectionException: java.net.ConnectException: Error al conectarse al servidor localhost en el puerto 1.527 con el mensaje Connection refused: connect.
	at org.apache.derby.client.am.SQLExceptionFactory.getSQLException(Unknown Source)
	at org.apache.derby.client.am.SqlException.getSQLException(Unknown Source)
	at org.apache.derby.jdbc.ClientDriver.connect(Unknown Source)
	at java.sql.DriverManager.getConnection(DriverManager.java:664)
	at java.sql.DriverManager.getConnection(DriverManager.java:208)
	at org.eclipse.persistence.sessions.DefaultConnector.connect(DefaultConnector.java:98)
Caused by: ERROR 08001: java.net.ConnectException: Error al conectarse al servidor localhost en el puerto 1.527 con el mensaje Connection refused: connect.
	at org.apache.derby.client.net.NetAgent.&lt;init&gt;(Unknown Source)
	at org.apache.derby.client.net.NetConnection.newAgent_(Unknown Source)
	at org.apache.derby.client.am.ClientConnection.&lt;init&gt;(Unknown Source)
	at org.apache.derby.client.net.NetConnection.&lt;init&gt;(Unknown Source)
	at org.apache.derby.client.net.ClientJDBCObjectFactoryImpl.newNetConnection(Unknown Source)
Caused by: java.net.ConnectException: Connection refused: connect
	at java.net.DualStackPlainSocketImpl.connect0(Native Method)
	at java.net.DualStackPlainSocketImpl.socketConnect(DualStackPlainSocketImpl.java:79)
	at java.net.AbstractPlainSocketImpl.doConnect(AbstractPlainSocketImpl.java:350)
	at java.net.AbstractPlainSocketImpl.connectToAddress(AbstractPlainSocketImpl.java:206)
	at java.net.AbstractPlainSocketImpl.connect(AbstractPlainSocketImpl.java:188)
	at java.net.PlainSocketImpl.connect(PlainSocketImpl.java:172)
	at java.net.SocksSocketImpl.connect(SocksSocketImpl.java:392)
	at java.net.Socket.connect(Socket.java:589)
	at java.net.Socket.connect(Socket.java:538)
	at java.net.Socket.&lt;init&gt;(Socket.java:434)
	at java.net.Socket.&lt;init&gt;(Socket.java:211)
	at javax.net.DefaultSocketFactory.createSocket(SocketFactory.java:271)
	at org.apache.derby.client.net.OpenSocketAction.run(Unknown Source)
	at org.apache.derby.client.net.OpenSocketAction.run(Unknown Source)
	at java.security.AccessController.doPrivileged(Native Method)
</error>
  </testcase>
  <testcase classname="Logica.ControladorTest" name="testAbsolutePathToRelative" time="0.004">
    <failure message="expected:&lt;[]&gt; but was:&lt;[data/user_images/default.jpg]&gt;" type="junit.framework.AssertionFailedError">junit.framework.AssertionFailedError: expected:&lt;[]&gt; but was:&lt;[data/user_images/default.jpg]&gt;
	at Logica.ControladorTest.testAbsolutePathToRelative(ControladorTest.java:970)
</failure>
  </testcase>
  <testcase classname="Logica.ControladorTest" name="testAddListaPorDefecto1" time="2.057">
    <error message="Exception [EclipseLink-4002] (Eclipse Persistence Services - 2.5.2.v20140319-9ad6abd): org.eclipse.persistence.exceptions.DatabaseException&#xd;&#xa;Internal Exception: java.sql.SQLNonTransientConnectionException: java.net.ConnectException: Error al conectarse al servidor localhost en el puerto 1.527 con el mensaje Connection refused: connect.&#xd;&#xa;Error Code: 40000" type="javax.persistence.PersistenceException">javax.persistence.PersistenceException: Exception [EclipseLink-4002] (Eclipse Persistence Services - 2.5.2.v20140319-9ad6abd): org.eclipse.persistence.exceptions.DatabaseException
Internal Exception: java.sql.SQLNonTransientConnectionException: java.net.ConnectException: Error al conectarse al servidor localhost en el puerto 1.527 con el mensaje Connection refused: connect.
Error Code: 40000
	at org.eclipse.persistence.internal.jpa.EntityManagerSetupImpl.deploy(EntityManagerSetupImpl.java:766)
	at org.eclipse.persistence.internal.jpa.EntityManagerFactoryDelegate.getAbstractSession(EntityManagerFactoryDelegate.java:204)
	at org.eclipse.persistence.internal.jpa.EntityManagerFactoryDelegate.getDatabaseSession(EntityManagerFactoryDelegate.java:182)
	at org.eclipse.persistence.internal.jpa.EntityManagerFactoryImpl.getDatabaseSession(EntityManagerFactoryImpl.java:527)
	at org.eclipse.persistence.jpa.PersistenceProvider.createEntityManagerFactoryImpl(PersistenceProvider.java:140)
	at org.eclipse.persistence.jpa.PersistenceProvider.createEntityManagerFactory(PersistenceProvider.java:177)
	at javax.persistence.Persistence.createEntityManagerFactory(Persistence.java:79)
	at javax.persistence.Persistence.createEntityManagerFactory(Persistence.java:54)
	at Logica.Manejador.&lt;init&gt;(Manejador.java:31)
	at Logica.Manejador.getinstance(Manejador.java:125)
	at Logica.Controlador.addListaPorDefecto(Controlador.java:247)
	at Logica.ControladorTest.testAddListaPorDefecto1(ControladorTest.java:576)
Caused by: Exception [EclipseLink-4002] (Eclipse Persistence Services - 2.5.2.v20140319-9ad6abd): org.eclipse.persistence.exceptions.DatabaseException
Internal Exception: java.sql.SQLNonTransientConnectionException: java.net.ConnectException: Error al conectarse al servidor localhost en el puerto 1.527 con el mensaje Connection refused: connect.
Error Code: 40000
	at org.eclipse.persistence.exceptions.DatabaseException.sqlException(DatabaseException.java:331)
	at org.eclipse.persistence.exceptions.DatabaseException.sqlException(DatabaseException.java:326)
	at org.eclipse.persistence.sessions.DefaultConnector.connect(DefaultConnector.java:138)
	at org.eclipse.persistence.sessions.DatasourceLogin.connectToDatasource(DatasourceLogin.java:162)
	at org.eclipse.persistence.internal.sessions.DatabaseSessionImpl.setOrDetectDatasource(DatabaseSessionImpl.java:204)
	at org.eclipse.persistence.internal.sessions.DatabaseSessionImpl.loginAndDetectDatasource(DatabaseSessionImpl.java:741)
	at org.eclipse.persistence.internal.jpa.EntityManagerFactoryProvider.login(EntityManagerFactoryProvider.java:239)
	at org.eclipse.persistence.internal.jpa.EntityManagerSetupImpl.deploy(EntityManagerSetupImpl.java:685)
Caused by: java.sql.SQLNonTransientConnectionException: java.net.ConnectException: Error al conectarse al servidor localhost en el puerto 1.527 con el mensaje Connection refused: connect.
	at org.apache.derby.client.am.SQLExceptionFactory.getSQLException(Unknown Source)
	at org.apache.derby.client.am.SqlException.getSQLException(Unknown Source)
	at org.apache.derby.jdbc.ClientDriver.connect(Unknown Source)
	at java.sql.DriverManager.getConnection(DriverManager.java:664)
	at java.sql.DriverManager.getConnection(DriverManager.java:208)
	at org.eclipse.persistence.sessions.DefaultConnector.connect(DefaultConnector.java:98)
Caused by: ERROR 08001: java.net.ConnectException: Error al conectarse al servidor localhost en el puerto 1.527 con el mensaje Connection refused: connect.
	at org.apache.derby.client.net.NetAgent.&lt;init&gt;(Unknown Source)
	at org.apache.derby.client.net.NetConnection.newAgent_(Unknown Source)
	at org.apache.derby.client.am.ClientConnection.&lt;init&gt;(Unknown Source)
	at org.apache.derby.client.net.NetConnection.&lt;init&gt;(Unknown Source)
	at org.apache.derby.client.net.ClientJDBCObjectFactoryImpl.newNetConnection(Unknown Source)
Caused by: java.net.ConnectException: Connection refused: connect
	at java.net.DualStackPlainSocketImpl.connect0(Native Method)
	at java.net.DualStackPlainSocketImpl.socketConnect(DualStackPlainSocketImpl.java:79)
	at java.net.AbstractPlainSocketImpl.doConnect(AbstractPlainSocketImpl.java:350)
	at java.net.AbstractPlainSocketImpl.connectToAddress(AbstractPlainSocketImpl.java:206)
	at java.net.AbstractPlainSocketImpl.connect(AbstractPlainSocketImpl.java:188)
	at java.net.PlainSocketImpl.connect(PlainSocketImpl.java:172)
	at java.net.SocksSocketImpl.connect(SocksSocketImpl.java:392)
	at java.net.Socket.connect(Socket.java:589)
	at java.net.Socket.connect(Socket.java:538)
	at java.net.Socket.&lt;init&gt;(Socket.java:434)
	at java.net.Socket.&lt;init&gt;(Socket.java:211)
	at javax.net.DefaultSocketFactory.createSocket(SocketFactory.java:271)
	at org.apache.derby.client.net.OpenSocketAction.run(Unknown Source)
	at org.apache.derby.client.net.OpenSocketAction.run(Unknown Source)
	at java.security.AccessController.doPrivileged(Native Method)
</error>
  </testcase>
  <testcase classname="Logica.ControladorTest" name="testAddListaPorDefecto2" time="2.07">
    <error message="Exception [EclipseLink-4002] (Eclipse Persistence Services - 2.5.2.v20140319-9ad6abd): org.eclipse.persistence.exceptions.DatabaseException&#xd;&#xa;Internal Exception: java.sql.SQLNonTransientConnectionException: java.net.ConnectException: Error al conectarse al servidor localhost en el puerto 1.527 con el mensaje Connection refused: connect.&#xd;&#xa;Error Code: 40000" type="javax.persistence.PersistenceException">javax.persistence.PersistenceException: Exception [EclipseLink-4002] (Eclipse Persistence Services - 2.5.2.v20140319-9ad6abd): org.eclipse.persistence.exceptions.DatabaseException
Internal Exception: java.sql.SQLNonTransientConnectionException: java.net.ConnectException: Error al conectarse al servidor localhost en el puerto 1.527 con el mensaje Connection refused: connect.
Error Code: 40000
	at org.eclipse.persistence.internal.jpa.EntityManagerSetupImpl.deploy(EntityManagerSetupImpl.java:766)
	at org.eclipse.persistence.internal.jpa.EntityManagerFactoryDelegate.getAbstractSession(EntityManagerFactoryDelegate.java:204)
	at org.eclipse.persistence.internal.jpa.EntityManagerFactoryDelegate.getDatabaseSession(EntityManagerFactoryDelegate.java:182)
	at org.eclipse.persistence.internal.jpa.EntityManagerFactoryImpl.getDatabaseSession(EntityManagerFactoryImpl.java:527)
	at org.eclipse.persistence.jpa.PersistenceProvider.createEntityManagerFactoryImpl(PersistenceProvider.java:140)
	at org.eclipse.persistence.jpa.PersistenceProvider.createEntityManagerFactory(PersistenceProvider.java:177)
	at javax.persistence.Persistence.createEntityManagerFactory(Persistence.java:79)
	at javax.persistence.Persistence.createEntityManagerFactory(Persistence.java:54)
	at Logica.Manejador.&lt;init&gt;(Manejador.java:31)
	at Logica.Manejador.getinstance(Manejador.java:125)
	at Logica.Controlador.addListaPorDefecto(Controlador.java:247)
	at Logica.ControladorTest.testAddListaPorDefecto2(ControladorTest.java:586)
Caused by: Exception [EclipseLink-4002] (Eclipse Persistence Services - 2.5.2.v20140319-9ad6abd): org.eclipse.persistence.exceptions.DatabaseException
Internal Exception: java.sql.SQLNonTransientConnectionException: java.net.ConnectException: Error al conectarse al servidor localhost en el puerto 1.527 con el mensaje Connection refused: connect.
Error Code: 40000
	at org.eclipse.persistence.exceptions.DatabaseException.sqlException(DatabaseException.java:331)
	at org.eclipse.persistence.exceptions.DatabaseException.sqlException(DatabaseException.java:326)
	at org.eclipse.persistence.sessions.DefaultConnector.connect(DefaultConnector.java:138)
	at org.eclipse.persistence.sessions.DatasourceLogin.connectToDatasource(DatasourceLogin.java:162)
	at org.eclipse.persistence.internal.sessions.DatabaseSessionImpl.setOrDetectDatasource(DatabaseSessionImpl.java:204)
	at org.eclipse.persistence.internal.sessions.DatabaseSessionImpl.loginAndDetectDatasource(DatabaseSessionImpl.java:741)
	at org.eclipse.persistence.internal.jpa.EntityManagerFactoryProvider.login(EntityManagerFactoryProvider.java:239)
	at org.eclipse.persistence.internal.jpa.EntityManagerSetupImpl.deploy(EntityManagerSetupImpl.java:685)
Caused by: java.sql.SQLNonTransientConnectionException: java.net.ConnectException: Error al conectarse al servidor localhost en el puerto 1.527 con el mensaje Connection refused: connect.
	at org.apache.derby.client.am.SQLExceptionFactory.getSQLException(Unknown Source)
	at org.apache.derby.client.am.SqlException.getSQLException(Unknown Source)
	at org.apache.derby.jdbc.ClientDriver.connect(Unknown Source)
	at java.sql.DriverManager.getConnection(DriverManager.java:664)
	at java.sql.DriverManager.getConnection(DriverManager.java:208)
	at org.eclipse.persistence.sessions.DefaultConnector.connect(DefaultConnector.java:98)
Caused by: ERROR 08001: java.net.ConnectException: Error al conectarse al servidor localhost en el puerto 1.527 con el mensaje Connection refused: connect.
	at org.apache.derby.client.net.NetAgent.&lt;init&gt;(Unknown Source)
	at org.apache.derby.client.net.NetConnection.newAgent_(Unknown Source)
	at org.apache.derby.client.am.ClientConnection.&lt;init&gt;(Unknown Source)
	at org.apache.derby.client.net.NetConnection.&lt;init&gt;(Unknown Source)
	at org.apache.derby.client.net.ClientJDBCObjectFactoryImpl.newNetConnection(Unknown Source)
Caused by: java.net.ConnectException: Connection refused: connect
	at java.net.DualStackPlainSocketImpl.connect0(Native Method)
	at java.net.DualStackPlainSocketImpl.socketConnect(DualStackPlainSocketImpl.java:79)
	at java.net.AbstractPlainSocketImpl.doConnect(AbstractPlainSocketImpl.java:350)
	at java.net.AbstractPlainSocketImpl.connectToAddress(AbstractPlainSocketImpl.java:206)
	at java.net.AbstractPlainSocketImpl.connect(AbstractPlainSocketImpl.java:188)
	at java.net.PlainSocketImpl.connect(PlainSocketImpl.java:172)
	at java.net.SocksSocketImpl.connect(SocksSocketImpl.java:392)
	at java.net.Socket.connect(Socket.java:589)
	at java.net.Socket.connect(Socket.java:538)
	at java.net.Socket.&lt;init&gt;(Socket.java:434)
	at java.net.Socket.&lt;init&gt;(Socket.java:211)
	at javax.net.DefaultSocketFactory.createSocket(SocketFactory.java:271)
	at org.apache.derby.client.net.OpenSocketAction.run(Unknown Source)
	at org.apache.derby.client.net.OpenSocketAction.run(Unknown Source)
	at java.security.AccessController.doPrivileged(Native Method)
</error>
  </testcase>
  <testcase classname="Logica.ControladorTest" name="testAddTemaToM" time="2.051">
    <error message="Exception [EclipseLink-4002] (Eclipse Persistence Services - 2.5.2.v20140319-9ad6abd): org.eclipse.persistence.exceptions.DatabaseException&#xd;&#xa;Internal Exception: java.sql.SQLNonTransientConnectionException: java.net.ConnectException: Error al conectarse al servidor localhost en el puerto 1.527 con el mensaje Connection refused: connect.&#xd;&#xa;Error Code: 40000" type="javax.persistence.PersistenceException">javax.persistence.PersistenceException: Exception [EclipseLink-4002] (Eclipse Persistence Services - 2.5.2.v20140319-9ad6abd): org.eclipse.persistence.exceptions.DatabaseException
Internal Exception: java.sql.SQLNonTransientConnectionException: java.net.ConnectException: Error al conectarse al servidor localhost en el puerto 1.527 con el mensaje Connection refused: connect.
Error Code: 40000
	at org.eclipse.persistence.internal.jpa.EntityManagerSetupImpl.deploy(EntityManagerSetupImpl.java:766)
	at org.eclipse.persistence.internal.jpa.EntityManagerFactoryDelegate.getAbstractSession(EntityManagerFactoryDelegate.java:204)
	at org.eclipse.persistence.internal.jpa.EntityManagerFactoryDelegate.getDatabaseSession(EntityManagerFactoryDelegate.java:182)
	at org.eclipse.persistence.internal.jpa.EntityManagerFactoryImpl.getDatabaseSession(EntityManagerFactoryImpl.java:527)
	at org.eclipse.persistence.jpa.PersistenceProvider.createEntityManagerFactoryImpl(PersistenceProvider.java:140)
	at org.eclipse.persistence.jpa.PersistenceProvider.createEntityManagerFactory(PersistenceProvider.java:177)
	at javax.persistence.Persistence.createEntityManagerFactory(Persistence.java:79)
	at javax.persistence.Persistence.createEntityManagerFactory(Persistence.java:54)
	at Logica.Manejador.&lt;init&gt;(Manejador.java:31)
	at Logica.Manejador.getinstance(Manejador.java:125)
	at Logica.Controlador.addTemaToM(Controlador.java:406)
	at Logica.ControladorTest.testAddTemaToM(ControladorTest.java:877)
Caused by: Exception [EclipseLink-4002] (Eclipse Persistence Services - 2.5.2.v20140319-9ad6abd): org.eclipse.persistence.exceptions.DatabaseException
Internal Exception: java.sql.SQLNonTransientConnectionException: java.net.ConnectException: Error al conectarse al servidor localhost en el puerto 1.527 con el mensaje Connection refused: connect.
Error Code: 40000
	at org.eclipse.persistence.exceptions.DatabaseException.sqlException(DatabaseException.java:331)
	at org.eclipse.persistence.exceptions.DatabaseException.sqlException(DatabaseException.java:326)
	at org.eclipse.persistence.sessions.DefaultConnector.connect(DefaultConnector.java:138)
	at org.eclipse.persistence.sessions.DatasourceLogin.connectToDatasource(DatasourceLogin.java:162)
	at org.eclipse.persistence.internal.sessions.DatabaseSessionImpl.setOrDetectDatasource(DatabaseSessionImpl.java:204)
	at org.eclipse.persistence.internal.sessions.DatabaseSessionImpl.loginAndDetectDatasource(DatabaseSessionImpl.java:741)
	at org.eclipse.persistence.internal.jpa.EntityManagerFactoryProvider.login(EntityManagerFactoryProvider.java:239)
	at org.eclipse.persistence.internal.jpa.EntityManagerSetupImpl.deploy(EntityManagerSetupImpl.java:685)
Caused by: java.sql.SQLNonTransientConnectionException: java.net.ConnectException: Error al conectarse al servidor localhost en el puerto 1.527 con el mensaje Connection refused: connect.
	at org.apache.derby.client.am.SQLExceptionFactory.getSQLException(Unknown Source)
	at org.apache.derby.client.am.SqlException.getSQLException(Unknown Source)
	at org.apache.derby.jdbc.ClientDriver.connect(Unknown Source)
	at java.sql.DriverManager.getConnection(DriverManager.java:664)
	at java.sql.DriverManager.getConnection(DriverManager.java:208)
	at org.eclipse.persistence.sessions.DefaultConnector.connect(DefaultConnector.java:98)
Caused by: ERROR 08001: java.net.ConnectException: Error al conectarse al servidor localhost en el puerto 1.527 con el mensaje Connection refused: connect.
	at org.apache.derby.client.net.NetAgent.&lt;init&gt;(Unknown Source)
	at org.apache.derby.client.net.NetConnection.newAgent_(Unknown Source)
	at org.apache.derby.client.am.ClientConnection.&lt;init&gt;(Unknown Source)
	at org.apache.derby.client.net.NetConnection.&lt;init&gt;(Unknown Source)
	at org.apache.derby.client.net.ClientJDBCObjectFactoryImpl.newNetConnection(Unknown Source)
Caused by: java.net.ConnectException: Connection refused: connect
	at java.net.DualStackPlainSocketImpl.connect0(Native Method)
	at java.net.DualStackPlainSocketImpl.socketConnect(DualStackPlainSocketImpl.java:79)
	at java.net.AbstractPlainSocketImpl.doConnect(AbstractPlainSocketImpl.java:350)
	at java.net.AbstractPlainSocketImpl.connectToAddress(AbstractPlainSocketImpl.java:206)
	at java.net.AbstractPlainSocketImpl.connect(AbstractPlainSocketImpl.java:188)
	at java.net.PlainSocketImpl.connect(PlainSocketImpl.java:172)
	at java.net.SocksSocketImpl.connect(SocksSocketImpl.java:392)
	at java.net.Socket.connect(Socket.java:589)
	at java.net.Socket.connect(Socket.java:538)
	at java.net.Socket.&lt;init&gt;(Socket.java:434)
	at java.net.Socket.&lt;init&gt;(Socket.java:211)
	at javax.net.DefaultSocketFactory.createSocket(SocketFactory.java:271)
	at org.apache.derby.client.net.OpenSocketAction.run(Unknown Source)
	at org.apache.derby.client.net.OpenSocketAction.run(Unknown Source)
	at java.security.AccessController.doPrivileged(Native Method)
</error>
  </testcase>
  <testcase classname="Logica.ControladorTest" name="testWipeTemporalGenres" time="2.057">
    <error message="Exception [EclipseLink-4002] (Eclipse Persistence Services - 2.5.2.v20140319-9ad6abd): org.eclipse.persistence.exceptions.DatabaseException&#xd;&#xa;Internal Exception: java.sql.SQLNonTransientConnectionException: java.net.ConnectException: Error al conectarse al servidor localhost en el puerto 1.527 con el mensaje Connection refused: connect.&#xd;&#xa;Error Code: 40000" type="javax.persistence.PersistenceException">javax.persistence.PersistenceException: Exception [EclipseLink-4002] (Eclipse Persistence Services - 2.5.2.v20140319-9ad6abd): org.eclipse.persistence.exceptions.DatabaseException
Internal Exception: java.sql.SQLNonTransientConnectionException: java.net.ConnectException: Error al conectarse al servidor localhost en el puerto 1.527 con el mensaje Connection refused: connect.
Error Code: 40000
	at org.eclipse.persistence.internal.jpa.EntityManagerSetupImpl.deploy(EntityManagerSetupImpl.java:766)
	at org.eclipse.persistence.internal.jpa.EntityManagerFactoryDelegate.getAbstractSession(EntityManagerFactoryDelegate.java:204)
	at org.eclipse.persistence.internal.jpa.EntityManagerFactoryDelegate.getDatabaseSession(EntityManagerFactoryDelegate.java:182)
	at org.eclipse.persistence.internal.jpa.EntityManagerFactoryImpl.getDatabaseSession(EntityManagerFactoryImpl.java:527)
	at org.eclipse.persistence.jpa.PersistenceProvider.createEntityManagerFactoryImpl(PersistenceProvider.java:140)
	at org.eclipse.persistence.jpa.PersistenceProvider.createEntityManagerFactory(PersistenceProvider.java:177)
	at javax.persistence.Persistence.createEntityManagerFactory(Persistence.java:79)
	at javax.persistence.Persistence.createEntityManagerFactory(Persistence.java:54)
	at Logica.Manejador.&lt;init&gt;(Manejador.java:31)
	at Logica.Manejador.getinstance(Manejador.java:125)
	at Logica.Controlador.wipeTemporalGenres(Controlador.java:430)
	at Logica.ControladorTest.testWipeTemporalGenres(ControladorTest.java:927)
Caused by: Exception [EclipseLink-4002] (Eclipse Persistence Services - 2.5.2.v20140319-9ad6abd): org.eclipse.persistence.exceptions.DatabaseException
Internal Exception: java.sql.SQLNonTransientConnectionException: java.net.ConnectException: Error al conectarse al servidor localhost en el puerto 1.527 con el mensaje Connection refused: connect.
Error Code: 40000
	at org.eclipse.persistence.exceptions.DatabaseException.sqlException(DatabaseException.java:331)
	at org.eclipse.persistence.exceptions.DatabaseException.sqlException(DatabaseException.java:326)
	at org.eclipse.persistence.sessions.DefaultConnector.connect(DefaultConnector.java:138)
	at org.eclipse.persistence.sessions.DatasourceLogin.connectToDatasource(DatasourceLogin.java:162)
	at org.eclipse.persistence.internal.sessions.DatabaseSessionImpl.setOrDetectDatasource(DatabaseSessionImpl.java:204)
	at org.eclipse.persistence.internal.sessions.DatabaseSessionImpl.loginAndDetectDatasource(DatabaseSessionImpl.java:741)
	at org.eclipse.persistence.internal.jpa.EntityManagerFactoryProvider.login(EntityManagerFactoryProvider.java:239)
	at org.eclipse.persistence.internal.jpa.EntityManagerSetupImpl.deploy(EntityManagerSetupImpl.java:685)
Caused by: java.sql.SQLNonTransientConnectionException: java.net.ConnectException: Error al conectarse al servidor localhost en el puerto 1.527 con el mensaje Connection refused: connect.
	at org.apache.derby.client.am.SQLExceptionFactory.getSQLException(Unknown Source)
	at org.apache.derby.client.am.SqlException.getSQLException(Unknown Source)
	at org.apache.derby.jdbc.ClientDriver.connect(Unknown Source)
	at java.sql.DriverManager.getConnection(DriverManager.java:664)
	at java.sql.DriverManager.getConnection(DriverManager.java:208)
	at org.eclipse.persistence.sessions.DefaultConnector.connect(DefaultConnector.java:98)
Caused by: ERROR 08001: java.net.ConnectException: Error al conectarse al servidor localhost en el puerto 1.527 con el mensaje Connection refused: connect.
	at org.apache.derby.client.net.NetAgent.&lt;init&gt;(Unknown Source)
	at org.apache.derby.client.net.NetConnection.newAgent_(Unknown Source)
	at org.apache.derby.client.am.ClientConnection.&lt;init&gt;(Unknown Source)
	at org.apache.derby.client.net.NetConnection.&lt;init&gt;(Unknown Source)
	at org.apache.derby.client.net.ClientJDBCObjectFactoryImpl.newNetConnection(Unknown Source)
Caused by: java.net.ConnectException: Connection refused: connect
	at java.net.DualStackPlainSocketImpl.connect0(Native Method)
	at java.net.DualStackPlainSocketImpl.socketConnect(DualStackPlainSocketImpl.java:79)
	at java.net.AbstractPlainSocketImpl.doConnect(AbstractPlainSocketImpl.java:350)
	at java.net.AbstractPlainSocketImpl.connectToAddress(AbstractPlainSocketImpl.java:206)
	at java.net.AbstractPlainSocketImpl.connect(AbstractPlainSocketImpl.java:188)
	at java.net.PlainSocketImpl.connect(PlainSocketImpl.java:172)
	at java.net.SocksSocketImpl.connect(SocksSocketImpl.java:392)
	at java.net.Socket.connect(Socket.java:589)
	at java.net.Socket.connect(Socket.java:538)
	at java.net.Socket.&lt;init&gt;(Socket.java:434)
	at java.net.Socket.&lt;init&gt;(Socket.java:211)
	at javax.net.DefaultSocketFactory.createSocket(SocketFactory.java:271)
	at org.apache.derby.client.net.OpenSocketAction.run(Unknown Source)
	at org.apache.derby.client.net.OpenSocketAction.run(Unknown Source)
	at java.security.AccessController.doPrivileged(Native Method)
</error>
  </testcase>
  <testcase classname="Logica.ControladorTest" name="testGetGeneroPorNombre" time="2.096">
    <error message="Exception [EclipseLink-4002] (Eclipse Persistence Services - 2.5.2.v20140319-9ad6abd): org.eclipse.persistence.exceptions.DatabaseException&#xd;&#xa;Internal Exception: java.sql.SQLNonTransientConnectionException: java.net.ConnectException: Error al conectarse al servidor localhost en el puerto 1.527 con el mensaje Connection refused: connect.&#xd;&#xa;Error Code: 40000" type="javax.persistence.PersistenceException">javax.persistence.PersistenceException: Exception [EclipseLink-4002] (Eclipse Persistence Services - 2.5.2.v20140319-9ad6abd): org.eclipse.persistence.exceptions.DatabaseException
Internal Exception: java.sql.SQLNonTransientConnectionException: java.net.ConnectException: Error al conectarse al servidor localhost en el puerto 1.527 con el mensaje Connection refused: connect.
Error Code: 40000
	at org.eclipse.persistence.internal.jpa.EntityManagerSetupImpl.deploy(EntityManagerSetupImpl.java:766)
	at org.eclipse.persistence.internal.jpa.EntityManagerFactoryDelegate.getAbstractSession(EntityManagerFactoryDelegate.java:204)
	at org.eclipse.persistence.internal.jpa.EntityManagerFactoryDelegate.getDatabaseSession(EntityManagerFactoryDelegate.java:182)
	at org.eclipse.persistence.internal.jpa.EntityManagerFactoryImpl.getDatabaseSession(EntityManagerFactoryImpl.java:527)
	at org.eclipse.persistence.jpa.PersistenceProvider.createEntityManagerFactoryImpl(PersistenceProvider.java:140)
	at org.eclipse.persistence.jpa.PersistenceProvider.createEntityManagerFactory(PersistenceProvider.java:177)
	at javax.persistence.Persistence.createEntityManagerFactory(Persistence.java:79)
	at javax.persistence.Persistence.createEntityManagerFactory(Persistence.java:54)
	at Logica.Manejador.&lt;init&gt;(Manejador.java:31)
	at Logica.Manejador.getinstance(Manejador.java:125)
	at Logica.Controlador.getGeneroPorNombre(Controlador.java:88)
	at Logica.ControladorTest.testGetGeneroPorNombre(ControladorTest.java:223)
Caused by: Exception [EclipseLink-4002] (Eclipse Persistence Services - 2.5.2.v20140319-9ad6abd): org.eclipse.persistence.exceptions.DatabaseException
Internal Exception: java.sql.SQLNonTransientConnectionException: java.net.ConnectException: Error al conectarse al servidor localhost en el puerto 1.527 con el mensaje Connection refused: connect.
Error Code: 40000
	at org.eclipse.persistence.exceptions.DatabaseException.sqlException(DatabaseException.java:331)
	at org.eclipse.persistence.exceptions.DatabaseException.sqlException(DatabaseException.java:326)
	at org.eclipse.persistence.sessions.DefaultConnector.connect(DefaultConnector.java:138)
	at org.eclipse.persistence.sessions.DatasourceLogin.connectToDatasource(DatasourceLogin.java:162)
	at org.eclipse.persistence.internal.sessions.DatabaseSessionImpl.setOrDetectDatasource(DatabaseSessionImpl.java:204)
	at org.eclipse.persistence.internal.sessions.DatabaseSessionImpl.loginAndDetectDatasource(DatabaseSessionImpl.java:741)
	at org.eclipse.persistence.internal.jpa.EntityManagerFactoryProvider.login(EntityManagerFactoryProvider.java:239)
	at org.eclipse.persistence.internal.jpa.EntityManagerSetupImpl.deploy(EntityManagerSetupImpl.java:685)
Caused by: java.sql.SQLNonTransientConnectionException: java.net.ConnectException: Error al conectarse al servidor localhost en el puerto 1.527 con el mensaje Connection refused: connect.
	at org.apache.derby.client.am.SQLExceptionFactory.getSQLException(Unknown Source)
	at org.apache.derby.client.am.SqlException.getSQLException(Unknown Source)
	at org.apache.derby.jdbc.ClientDriver.connect(Unknown Source)
	at java.sql.DriverManager.getConnection(DriverManager.java:664)
	at java.sql.DriverManager.getConnection(DriverManager.java:208)
	at org.eclipse.persistence.sessions.DefaultConnector.connect(DefaultConnector.java:98)
Caused by: ERROR 08001: java.net.ConnectException: Error al conectarse al servidor localhost en el puerto 1.527 con el mensaje Connection refused: connect.
	at org.apache.derby.client.net.NetAgent.&lt;init&gt;(Unknown Source)
	at org.apache.derby.client.net.NetConnection.newAgent_(Unknown Source)
	at org.apache.derby.client.am.ClientConnection.&lt;init&gt;(Unknown Source)
	at org.apache.derby.client.net.NetConnection.&lt;init&gt;(Unknown Source)
	at org.apache.derby.client.net.ClientJDBCObjectFactoryImpl.newNetConnection(Unknown Source)
Caused by: java.net.ConnectException: Connection refused: connect
	at java.net.DualStackPlainSocketImpl.connect0(Native Method)
	at java.net.DualStackPlainSocketImpl.socketConnect(DualStackPlainSocketImpl.java:79)
	at java.net.AbstractPlainSocketImpl.doConnect(AbstractPlainSocketImpl.java:350)
	at java.net.AbstractPlainSocketImpl.connectToAddress(AbstractPlainSocketImpl.java:206)
	at java.net.AbstractPlainSocketImpl.connect(AbstractPlainSocketImpl.java:188)
	at java.net.PlainSocketImpl.connect(PlainSocketImpl.java:172)
	at java.net.SocksSocketImpl.connect(SocksSocketImpl.java:392)
	at java.net.Socket.connect(Socket.java:589)
	at java.net.Socket.connect(Socket.java:538)
	at java.net.Socket.&lt;init&gt;(Socket.java:434)
	at java.net.Socket.&lt;init&gt;(Socket.java:211)
	at javax.net.DefaultSocketFactory.createSocket(SocketFactory.java:271)
	at org.apache.derby.client.net.OpenSocketAction.run(Unknown Source)
	at org.apache.derby.client.net.OpenSocketAction.run(Unknown Source)
	at java.security.AccessController.doPrivileged(Native Method)
</error>
  </testcase>
  <testcase classname="Logica.ControladorTest" name="testConsultarCliente1" time="2.067">
    <error message="Exception [EclipseLink-4002] (Eclipse Persistence Services - 2.5.2.v20140319-9ad6abd): org.eclipse.persistence.exceptions.DatabaseException&#xd;&#xa;Internal Exception: java.sql.SQLNonTransientConnectionException: java.net.ConnectException: Error al conectarse al servidor localhost en el puerto 1.527 con el mensaje Connection refused: connect.&#xd;&#xa;Error Code: 40000" type="javax.persistence.PersistenceException">javax.persistence.PersistenceException: Exception [EclipseLink-4002] (Eclipse Persistence Services - 2.5.2.v20140319-9ad6abd): org.eclipse.persistence.exceptions.DatabaseException
Internal Exception: java.sql.SQLNonTransientConnectionException: java.net.ConnectException: Error al conectarse al servidor localhost en el puerto 1.527 con el mensaje Connection refused: connect.
Error Code: 40000
	at org.eclipse.persistence.internal.jpa.EntityManagerSetupImpl.deploy(EntityManagerSetupImpl.java:766)
	at org.eclipse.persistence.internal.jpa.EntityManagerFactoryDelegate.getAbstractSession(EntityManagerFactoryDelegate.java:204)
	at org.eclipse.persistence.internal.jpa.EntityManagerFactoryDelegate.getDatabaseSession(EntityManagerFactoryDelegate.java:182)
	at org.eclipse.persistence.internal.jpa.EntityManagerFactoryImpl.getDatabaseSession(EntityManagerFactoryImpl.java:527)
	at org.eclipse.persistence.jpa.PersistenceProvider.createEntityManagerFactoryImpl(PersistenceProvider.java:140)
	at org.eclipse.persistence.jpa.PersistenceProvider.createEntityManagerFactory(PersistenceProvider.java:177)
	at javax.persistence.Persistence.createEntityManagerFactory(Persistence.java:79)
	at javax.persistence.Persistence.createEntityManagerFactory(Persistence.java:54)
	at Logica.Manejador.&lt;init&gt;(Manejador.java:31)
	at Logica.Manejador.getinstance(Manejador.java:125)
	at Logica.Controlador.registrarCliente(Controlador.java:25)
	at Logica.ControladorTest.testConsultarCliente1(ControladorTest.java:366)
Caused by: Exception [EclipseLink-4002] (Eclipse Persistence Services - 2.5.2.v20140319-9ad6abd): org.eclipse.persistence.exceptions.DatabaseException
Internal Exception: java.sql.SQLNonTransientConnectionException: java.net.ConnectException: Error al conectarse al servidor localhost en el puerto 1.527 con el mensaje Connection refused: connect.
Error Code: 40000
	at org.eclipse.persistence.exceptions.DatabaseException.sqlException(DatabaseException.java:331)
	at org.eclipse.persistence.exceptions.DatabaseException.sqlException(DatabaseException.java:326)
	at org.eclipse.persistence.sessions.DefaultConnector.connect(DefaultConnector.java:138)
	at org.eclipse.persistence.sessions.DatasourceLogin.connectToDatasource(DatasourceLogin.java:162)
	at org.eclipse.persistence.internal.sessions.DatabaseSessionImpl.setOrDetectDatasource(DatabaseSessionImpl.java:204)
	at org.eclipse.persistence.internal.sessions.DatabaseSessionImpl.loginAndDetectDatasource(DatabaseSessionImpl.java:741)
	at org.eclipse.persistence.internal.jpa.EntityManagerFactoryProvider.login(EntityManagerFactoryProvider.java:239)
	at org.eclipse.persistence.internal.jpa.EntityManagerSetupImpl.deploy(EntityManagerSetupImpl.java:685)
Caused by: java.sql.SQLNonTransientConnectionException: java.net.ConnectException: Error al conectarse al servidor localhost en el puerto 1.527 con el mensaje Connection refused: connect.
	at org.apache.derby.client.am.SQLExceptionFactory.getSQLException(Unknown Source)
	at org.apache.derby.client.am.SqlException.getSQLException(Unknown Source)
	at org.apache.derby.jdbc.ClientDriver.connect(Unknown Source)
	at java.sql.DriverManager.getConnection(DriverManager.java:664)
	at java.sql.DriverManager.getConnection(DriverManager.java:208)
	at org.eclipse.persistence.sessions.DefaultConnector.connect(DefaultConnector.java:98)
Caused by: ERROR 08001: java.net.ConnectException: Error al conectarse al servidor localhost en el puerto 1.527 con el mensaje Connection refused: connect.
	at org.apache.derby.client.net.NetAgent.&lt;init&gt;(Unknown Source)
	at org.apache.derby.client.net.NetConnection.newAgent_(Unknown Source)
	at org.apache.derby.client.am.ClientConnection.&lt;init&gt;(Unknown Source)
	at org.apache.derby.client.net.NetConnection.&lt;init&gt;(Unknown Source)
	at org.apache.derby.client.net.ClientJDBCObjectFactoryImpl.newNetConnection(Unknown Source)
Caused by: java.net.ConnectException: Connection refused: connect
	at java.net.DualStackPlainSocketImpl.connect0(Native Method)
	at java.net.DualStackPlainSocketImpl.socketConnect(DualStackPlainSocketImpl.java:79)
	at java.net.AbstractPlainSocketImpl.doConnect(AbstractPlainSocketImpl.java:350)
	at java.net.AbstractPlainSocketImpl.connectToAddress(AbstractPlainSocketImpl.java:206)
	at java.net.AbstractPlainSocketImpl.connect(AbstractPlainSocketImpl.java:188)
	at java.net.PlainSocketImpl.connect(PlainSocketImpl.java:172)
	at java.net.SocksSocketImpl.connect(SocksSocketImpl.java:392)
	at java.net.Socket.connect(Socket.java:589)
	at java.net.Socket.connect(Socket.java:538)
	at java.net.Socket.&lt;init&gt;(Socket.java:434)
	at java.net.Socket.&lt;init&gt;(Socket.java:211)
	at javax.net.DefaultSocketFactory.createSocket(SocketFactory.java:271)
	at org.apache.derby.client.net.OpenSocketAction.run(Unknown Source)
	at org.apache.derby.client.net.OpenSocketAction.run(Unknown Source)
	at java.security.AccessController.doPrivileged(Native Method)
</error>
  </testcase>
  <testcase classname="Logica.ControladorTest" name="testConsultarCliente2" time="2.082">
    <error message="Exception [EclipseLink-4002] (Eclipse Persistence Services - 2.5.2.v20140319-9ad6abd): org.eclipse.persistence.exceptions.DatabaseException&#xd;&#xa;Internal Exception: java.sql.SQLNonTransientConnectionException: java.net.ConnectException: Error al conectarse al servidor localhost en el puerto 1.527 con el mensaje Connection refused: connect.&#xd;&#xa;Error Code: 40000" type="javax.persistence.PersistenceException">javax.persistence.PersistenceException: Exception [EclipseLink-4002] (Eclipse Persistence Services - 2.5.2.v20140319-9ad6abd): org.eclipse.persistence.exceptions.DatabaseException
Internal Exception: java.sql.SQLNonTransientConnectionException: java.net.ConnectException: Error al conectarse al servidor localhost en el puerto 1.527 con el mensaje Connection refused: connect.
Error Code: 40000
	at org.eclipse.persistence.internal.jpa.EntityManagerSetupImpl.deploy(EntityManagerSetupImpl.java:766)
	at org.eclipse.persistence.internal.jpa.EntityManagerFactoryDelegate.getAbstractSession(EntityManagerFactoryDelegate.java:204)
	at org.eclipse.persistence.internal.jpa.EntityManagerFactoryDelegate.getDatabaseSession(EntityManagerFactoryDelegate.java:182)
	at org.eclipse.persistence.internal.jpa.EntityManagerFactoryImpl.getDatabaseSession(EntityManagerFactoryImpl.java:527)
	at org.eclipse.persistence.jpa.PersistenceProvider.createEntityManagerFactoryImpl(PersistenceProvider.java:140)
	at org.eclipse.persistence.jpa.PersistenceProvider.createEntityManagerFactory(PersistenceProvider.java:177)
	at javax.persistence.Persistence.createEntityManagerFactory(Persistence.java:79)
	at javax.persistence.Persistence.createEntityManagerFactory(Persistence.java:54)
	at Logica.Manejador.&lt;init&gt;(Manejador.java:31)
	at Logica.Manejador.getinstance(Manejador.java:125)
	at Logica.Controlador.consultarCliente(Controlador.java:128)
	at Logica.ControladorTest.testConsultarCliente2(ControladorTest.java:379)
Caused by: Exception [EclipseLink-4002] (Eclipse Persistence Services - 2.5.2.v20140319-9ad6abd): org.eclipse.persistence.exceptions.DatabaseException
Internal Exception: java.sql.SQLNonTransientConnectionException: java.net.ConnectException: Error al conectarse al servidor localhost en el puerto 1.527 con el mensaje Connection refused: connect.
Error Code: 40000
	at org.eclipse.persistence.exceptions.DatabaseException.sqlException(DatabaseException.java:331)
	at org.eclipse.persistence.exceptions.DatabaseException.sqlException(DatabaseException.java:326)
	at org.eclipse.persistence.sessions.DefaultConnector.connect(DefaultConnector.java:138)
	at org.eclipse.persistence.sessions.DatasourceLogin.connectToDatasource(DatasourceLogin.java:162)
	at org.eclipse.persistence.internal.sessions.DatabaseSessionImpl.setOrDetectDatasource(DatabaseSessionImpl.java:204)
	at org.eclipse.persistence.internal.sessions.DatabaseSessionImpl.loginAndDetectDatasource(DatabaseSessionImpl.java:741)
	at org.eclipse.persistence.internal.jpa.EntityManagerFactoryProvider.login(EntityManagerFactoryProvider.java:239)
	at org.eclipse.persistence.internal.jpa.EntityManagerSetupImpl.deploy(EntityManagerSetupImpl.java:685)
Caused by: java.sql.SQLNonTransientConnectionException: java.net.ConnectException: Error al conectarse al servidor localhost en el puerto 1.527 con el mensaje Connection refused: connect.
	at org.apache.derby.client.am.SQLExceptionFactory.getSQLException(Unknown Source)
	at org.apache.derby.client.am.SqlException.getSQLException(Unknown Source)
	at org.apache.derby.jdbc.ClientDriver.connect(Unknown Source)
	at java.sql.DriverManager.getConnection(DriverManager.java:664)
	at java.sql.DriverManager.getConnection(DriverManager.java:208)
	at org.eclipse.persistence.sessions.DefaultConnector.connect(DefaultConnector.java:98)
Caused by: ERROR 08001: java.net.ConnectException: Error al conectarse al servidor localhost en el puerto 1.527 con el mensaje Connection refused: connect.
	at org.apache.derby.client.net.NetAgent.&lt;init&gt;(Unknown Source)
	at org.apache.derby.client.net.NetConnection.newAgent_(Unknown Source)
	at org.apache.derby.client.am.ClientConnection.&lt;init&gt;(Unknown Source)
	at org.apache.derby.client.net.NetConnection.&lt;init&gt;(Unknown Source)
	at org.apache.derby.client.net.ClientJDBCObjectFactoryImpl.newNetConnection(Unknown Source)
Caused by: java.net.ConnectException: Connection refused: connect
	at java.net.DualStackPlainSocketImpl.connect0(Native Method)
	at java.net.DualStackPlainSocketImpl.socketConnect(DualStackPlainSocketImpl.java:79)
	at java.net.AbstractPlainSocketImpl.doConnect(AbstractPlainSocketImpl.java:350)
	at java.net.AbstractPlainSocketImpl.connectToAddress(AbstractPlainSocketImpl.java:206)
	at java.net.AbstractPlainSocketImpl.connect(AbstractPlainSocketImpl.java:188)
	at java.net.PlainSocketImpl.connect(PlainSocketImpl.java:172)
	at java.net.SocksSocketImpl.connect(SocksSocketImpl.java:392)
	at java.net.Socket.connect(Socket.java:589)
	at java.net.Socket.connect(Socket.java:538)
	at java.net.Socket.&lt;init&gt;(Socket.java:434)
	at java.net.Socket.&lt;init&gt;(Socket.java:211)
	at javax.net.DefaultSocketFactory.createSocket(SocketFactory.java:271)
	at org.apache.derby.client.net.OpenSocketAction.run(Unknown Source)
	at org.apache.derby.client.net.OpenSocketAction.run(Unknown Source)
	at java.security.AccessController.doPrivileged(Native Method)
</error>
  </testcase>
  <testcase classname="Logica.ControladorTest" name="testRegistrarCliente" time="2.064">
    <error message="Exception [EclipseLink-4002] (Eclipse Persistence Services - 2.5.2.v20140319-9ad6abd): org.eclipse.persistence.exceptions.DatabaseException&#xd;&#xa;Internal Exception: java.sql.SQLNonTransientConnectionException: java.net.ConnectException: Error al conectarse al servidor localhost en el puerto 1.527 con el mensaje Connection refused: connect.&#xd;&#xa;Error Code: 40000" type="javax.persistence.PersistenceException">javax.persistence.PersistenceException: Exception [EclipseLink-4002] (Eclipse Persistence Services - 2.5.2.v20140319-9ad6abd): org.eclipse.persistence.exceptions.DatabaseException
Internal Exception: java.sql.SQLNonTransientConnectionException: java.net.ConnectException: Error al conectarse al servidor localhost en el puerto 1.527 con el mensaje Connection refused: connect.
Error Code: 40000
	at org.eclipse.persistence.internal.jpa.EntityManagerSetupImpl.deploy(EntityManagerSetupImpl.java:766)
	at org.eclipse.persistence.internal.jpa.EntityManagerFactoryDelegate.getAbstractSession(EntityManagerFactoryDelegate.java:204)
	at org.eclipse.persistence.internal.jpa.EntityManagerFactoryDelegate.getDatabaseSession(EntityManagerFactoryDelegate.java:182)
	at org.eclipse.persistence.internal.jpa.EntityManagerFactoryImpl.getDatabaseSession(EntityManagerFactoryImpl.java:527)
	at org.eclipse.persistence.jpa.PersistenceProvider.createEntityManagerFactoryImpl(PersistenceProvider.java:140)
	at org.eclipse.persistence.jpa.PersistenceProvider.createEntityManagerFactory(PersistenceProvider.java:177)
	at javax.persistence.Persistence.createEntityManagerFactory(Persistence.java:79)
	at javax.persistence.Persistence.createEntityManagerFactory(Persistence.java:54)
	at Logica.Manejador.&lt;init&gt;(Manejador.java:31)
	at Logica.Manejador.getinstance(Manejador.java:125)
	at Logica.Controlador.getItemCliente(Controlador.java:141)
	at Logica.ControladorTest.testRegistrarCliente(ControladorTest.java:59)
Caused by: Exception [EclipseLink-4002] (Eclipse Persistence Services - 2.5.2.v20140319-9ad6abd): org.eclipse.persistence.exceptions.DatabaseException
Internal Exception: java.sql.SQLNonTransientConnectionException: java.net.ConnectException: Error al conectarse al servidor localhost en el puerto 1.527 con el mensaje Connection refused: connect.
Error Code: 40000
	at org.eclipse.persistence.exceptions.DatabaseException.sqlException(DatabaseException.java:331)
	at org.eclipse.persistence.exceptions.DatabaseException.sqlException(DatabaseException.java:326)
	at org.eclipse.persistence.sessions.DefaultConnector.connect(DefaultConnector.java:138)
	at org.eclipse.persistence.sessions.DatasourceLogin.connectToDatasource(DatasourceLogin.java:162)
	at org.eclipse.persistence.internal.sessions.DatabaseSessionImpl.setOrDetectDatasource(DatabaseSessionImpl.java:204)
	at org.eclipse.persistence.internal.sessions.DatabaseSessionImpl.loginAndDetectDatasource(DatabaseSessionImpl.java:741)
	at org.eclipse.persistence.internal.jpa.EntityManagerFactoryProvider.login(EntityManagerFactoryProvider.java:239)
	at org.eclipse.persistence.internal.jpa.EntityManagerSetupImpl.deploy(EntityManagerSetupImpl.java:685)
Caused by: java.sql.SQLNonTransientConnectionException: java.net.ConnectException: Error al conectarse al servidor localhost en el puerto 1.527 con el mensaje Connection refused: connect.
	at org.apache.derby.client.am.SQLExceptionFactory.getSQLException(Unknown Source)
	at org.apache.derby.client.am.SqlException.getSQLException(Unknown Source)
	at org.apache.derby.jdbc.ClientDriver.connect(Unknown Source)
	at java.sql.DriverManager.getConnection(DriverManager.java:664)
	at java.sql.DriverManager.getConnection(DriverManager.java:208)
	at org.eclipse.persistence.sessions.DefaultConnector.connect(DefaultConnector.java:98)
Caused by: ERROR 08001: java.net.ConnectException: Error al conectarse al servidor localhost en el puerto 1.527 con el mensaje Connection refused: connect.
	at org.apache.derby.client.net.NetAgent.&lt;init&gt;(Unknown Source)
	at org.apache.derby.client.net.NetConnection.newAgent_(Unknown Source)
	at org.apache.derby.client.am.ClientConnection.&lt;init&gt;(Unknown Source)
	at org.apache.derby.client.net.NetConnection.&lt;init&gt;(Unknown Source)
	at org.apache.derby.client.net.ClientJDBCObjectFactoryImpl.newNetConnection(Unknown Source)
Caused by: java.net.ConnectException: Connection refused: connect
	at java.net.DualStackPlainSocketImpl.connect0(Native Method)
	at java.net.DualStackPlainSocketImpl.socketConnect(DualStackPlainSocketImpl.java:79)
	at java.net.AbstractPlainSocketImpl.doConnect(AbstractPlainSocketImpl.java:350)
	at java.net.AbstractPlainSocketImpl.connectToAddress(AbstractPlainSocketImpl.java:206)
	at java.net.AbstractPlainSocketImpl.connect(AbstractPlainSocketImpl.java:188)
	at java.net.PlainSocketImpl.connect(PlainSocketImpl.java:172)
	at java.net.SocksSocketImpl.connect(SocksSocketImpl.java:392)
	at java.net.Socket.connect(Socket.java:589)
	at java.net.Socket.connect(Socket.java:538)
	at java.net.Socket.&lt;init&gt;(Socket.java:434)
	at java.net.Socket.&lt;init&gt;(Socket.java:211)
	at javax.net.DefaultSocketFactory.createSocket(SocketFactory.java:271)
	at org.apache.derby.client.net.OpenSocketAction.run(Unknown Source)
	at org.apache.derby.client.net.OpenSocketAction.run(Unknown Source)
	at java.security.AccessController.doPrivileged(Native Method)
</error>
  </testcase>
  <testcase classname="Logica.ControladorTest" name="testArtistLibre1" time="2.053">
    <error message="Exception [EclipseLink-4002] (Eclipse Persistence Services - 2.5.2.v20140319-9ad6abd): org.eclipse.persistence.exceptions.DatabaseException&#xd;&#xa;Internal Exception: java.sql.SQLNonTransientConnectionException: java.net.ConnectException: Error al conectarse al servidor localhost en el puerto 1.527 con el mensaje Connection refused: connect.&#xd;&#xa;Error Code: 40000" type="javax.persistence.PersistenceException">javax.persistence.PersistenceException: Exception [EclipseLink-4002] (Eclipse Persistence Services - 2.5.2.v20140319-9ad6abd): org.eclipse.persistence.exceptions.DatabaseException
Internal Exception: java.sql.SQLNonTransientConnectionException: java.net.ConnectException: Error al conectarse al servidor localhost en el puerto 1.527 con el mensaje Connection refused: connect.
Error Code: 40000
	at org.eclipse.persistence.internal.jpa.EntityManagerSetupImpl.deploy(EntityManagerSetupImpl.java:766)
	at org.eclipse.persistence.internal.jpa.EntityManagerFactoryDelegate.getAbstractSession(EntityManagerFactoryDelegate.java:204)
	at org.eclipse.persistence.internal.jpa.EntityManagerFactoryDelegate.getDatabaseSession(EntityManagerFactoryDelegate.java:182)
	at org.eclipse.persistence.internal.jpa.EntityManagerFactoryImpl.getDatabaseSession(EntityManagerFactoryImpl.java:527)
	at org.eclipse.persistence.jpa.PersistenceProvider.createEntityManagerFactoryImpl(PersistenceProvider.java:140)
	at org.eclipse.persistence.jpa.PersistenceProvider.createEntityManagerFactory(PersistenceProvider.java:177)
	at javax.persistence.Persistence.createEntityManagerFactory(Persistence.java:79)
	at javax.persistence.Persistence.createEntityManagerFactory(Persistence.java:54)
	at Logica.Manejador.&lt;init&gt;(Manejador.java:31)
	at Logica.Manejador.getinstance(Manejador.java:125)
	at Logica.Controlador.artistLibre(Controlador.java:268)
	at Logica.ControladorTest.testArtistLibre1(ControladorTest.java:649)
Caused by: Exception [EclipseLink-4002] (Eclipse Persistence Services - 2.5.2.v20140319-9ad6abd): org.eclipse.persistence.exceptions.DatabaseException
Internal Exception: java.sql.SQLNonTransientConnectionException: java.net.ConnectException: Error al conectarse al servidor localhost en el puerto 1.527 con el mensaje Connection refused: connect.
Error Code: 40000
	at org.eclipse.persistence.exceptions.DatabaseException.sqlException(DatabaseException.java:331)
	at org.eclipse.persistence.exceptions.DatabaseException.sqlException(DatabaseException.java:326)
	at org.eclipse.persistence.sessions.DefaultConnector.connect(DefaultConnector.java:138)
	at org.eclipse.persistence.sessions.DatasourceLogin.connectToDatasource(DatasourceLogin.java:162)
	at org.eclipse.persistence.internal.sessions.DatabaseSessionImpl.setOrDetectDatasource(DatabaseSessionImpl.java:204)
	at org.eclipse.persistence.internal.sessions.DatabaseSessionImpl.loginAndDetectDatasource(DatabaseSessionImpl.java:741)
	at org.eclipse.persistence.internal.jpa.EntityManagerFactoryProvider.login(EntityManagerFactoryProvider.java:239)
	at org.eclipse.persistence.internal.jpa.EntityManagerSetupImpl.deploy(EntityManagerSetupImpl.java:685)
Caused by: java.sql.SQLNonTransientConnectionException: java.net.ConnectException: Error al conectarse al servidor localhost en el puerto 1.527 con el mensaje Connection refused: connect.
	at org.apache.derby.client.am.SQLExceptionFactory.getSQLException(Unknown Source)
	at org.apache.derby.client.am.SqlException.getSQLException(Unknown Source)
	at org.apache.derby.jdbc.ClientDriver.connect(Unknown Source)
	at java.sql.DriverManager.getConnection(DriverManager.java:664)
	at java.sql.DriverManager.getConnection(DriverManager.java:208)
	at org.eclipse.persistence.sessions.DefaultConnector.connect(DefaultConnector.java:98)
Caused by: ERROR 08001: java.net.ConnectException: Error al conectarse al servidor localhost en el puerto 1.527 con el mensaje Connection refused: connect.
	at org.apache.derby.client.net.NetAgent.&lt;init&gt;(Unknown Source)
	at org.apache.derby.client.net.NetConnection.newAgent_(Unknown Source)
	at org.apache.derby.client.am.ClientConnection.&lt;init&gt;(Unknown Source)
	at org.apache.derby.client.net.NetConnection.&lt;init&gt;(Unknown Source)
	at org.apache.derby.client.net.ClientJDBCObjectFactoryImpl.newNetConnection(Unknown Source)
Caused by: java.net.ConnectException: Connection refused: connect
	at java.net.DualStackPlainSocketImpl.connect0(Native Method)
	at java.net.DualStackPlainSocketImpl.socketConnect(DualStackPlainSocketImpl.java:79)
	at java.net.AbstractPlainSocketImpl.doConnect(AbstractPlainSocketImpl.java:350)
	at java.net.AbstractPlainSocketImpl.connectToAddress(AbstractPlainSocketImpl.java:206)
	at java.net.AbstractPlainSocketImpl.connect(AbstractPlainSocketImpl.java:188)
	at java.net.PlainSocketImpl.connect(PlainSocketImpl.java:172)
	at java.net.SocksSocketImpl.connect(SocksSocketImpl.java:392)
	at java.net.Socket.connect(Socket.java:589)
	at java.net.Socket.connect(Socket.java:538)
	at java.net.Socket.&lt;init&gt;(Socket.java:434)
	at java.net.Socket.&lt;init&gt;(Socket.java:211)
	at javax.net.DefaultSocketFactory.createSocket(SocketFactory.java:271)
	at org.apache.derby.client.net.OpenSocketAction.run(Unknown Source)
	at org.apache.derby.client.net.OpenSocketAction.run(Unknown Source)
	at java.security.AccessController.doPrivileged(Native Method)
</error>
  </testcase>
  <testcase classname="Logica.ControladorTest" name="testArtistLibre2" time="2.058">
    <error message="Exception [EclipseLink-4002] (Eclipse Persistence Services - 2.5.2.v20140319-9ad6abd): org.eclipse.persistence.exceptions.DatabaseException&#xd;&#xa;Internal Exception: java.sql.SQLNonTransientConnectionException: java.net.ConnectException: Error al conectarse al servidor localhost en el puerto 1.527 con el mensaje Connection refused: connect.&#xd;&#xa;Error Code: 40000" type="javax.persistence.PersistenceException">javax.persistence.PersistenceException: Exception [EclipseLink-4002] (Eclipse Persistence Services - 2.5.2.v20140319-9ad6abd): org.eclipse.persistence.exceptions.DatabaseException
Internal Exception: java.sql.SQLNonTransientConnectionException: java.net.ConnectException: Error al conectarse al servidor localhost en el puerto 1.527 con el mensaje Connection refused: connect.
Error Code: 40000
	at org.eclipse.persistence.internal.jpa.EntityManagerSetupImpl.deploy(EntityManagerSetupImpl.java:766)
	at org.eclipse.persistence.internal.jpa.EntityManagerFactoryDelegate.getAbstractSession(EntityManagerFactoryDelegate.java:204)
	at org.eclipse.persistence.internal.jpa.EntityManagerFactoryDelegate.getDatabaseSession(EntityManagerFactoryDelegate.java:182)
	at org.eclipse.persistence.internal.jpa.EntityManagerFactoryImpl.getDatabaseSession(EntityManagerFactoryImpl.java:527)
	at org.eclipse.persistence.jpa.PersistenceProvider.createEntityManagerFactoryImpl(PersistenceProvider.java:140)
	at org.eclipse.persistence.jpa.PersistenceProvider.createEntityManagerFactory(PersistenceProvider.java:177)
	at javax.persistence.Persistence.createEntityManagerFactory(Persistence.java:79)
	at javax.persistence.Persistence.createEntityManagerFactory(Persistence.java:54)
	at Logica.Manejador.&lt;init&gt;(Manejador.java:31)
	at Logica.Manejador.getinstance(Manejador.java:125)
	at Logica.Controlador.registrarArtista(Controlador.java:36)
	at Logica.ControladorTest.testArtistLibre2(ControladorTest.java:658)
Caused by: Exception [EclipseLink-4002] (Eclipse Persistence Services - 2.5.2.v20140319-9ad6abd): org.eclipse.persistence.exceptions.DatabaseException
Internal Exception: java.sql.SQLNonTransientConnectionException: java.net.ConnectException: Error al conectarse al servidor localhost en el puerto 1.527 con el mensaje Connection refused: connect.
Error Code: 40000
	at org.eclipse.persistence.exceptions.DatabaseException.sqlException(DatabaseException.java:331)
	at org.eclipse.persistence.exceptions.DatabaseException.sqlException(DatabaseException.java:326)
	at org.eclipse.persistence.sessions.DefaultConnector.connect(DefaultConnector.java:138)
	at org.eclipse.persistence.sessions.DatasourceLogin.connectToDatasource(DatasourceLogin.java:162)
	at org.eclipse.persistence.internal.sessions.DatabaseSessionImpl.setOrDetectDatasource(DatabaseSessionImpl.java:204)
	at org.eclipse.persistence.internal.sessions.DatabaseSessionImpl.loginAndDetectDatasource(DatabaseSessionImpl.java:741)
	at org.eclipse.persistence.internal.jpa.EntityManagerFactoryProvider.login(EntityManagerFactoryProvider.java:239)
	at org.eclipse.persistence.internal.jpa.EntityManagerSetupImpl.deploy(EntityManagerSetupImpl.java:685)
Caused by: java.sql.SQLNonTransientConnectionException: java.net.ConnectException: Error al conectarse al servidor localhost en el puerto 1.527 con el mensaje Connection refused: connect.
	at org.apache.derby.client.am.SQLExceptionFactory.getSQLException(Unknown Source)
	at org.apache.derby.client.am.SqlException.getSQLException(Unknown Source)
	at org.apache.derby.jdbc.ClientDriver.connect(Unknown Source)
	at java.sql.DriverManager.getConnection(DriverManager.java:664)
	at java.sql.DriverManager.getConnection(DriverManager.java:208)
	at org.eclipse.persistence.sessions.DefaultConnector.connect(DefaultConnector.java:98)
Caused by: ERROR 08001: java.net.ConnectException: Error al conectarse al servidor localhost en el puerto 1.527 con el mensaje Connection refused: connect.
	at org.apache.derby.client.net.NetAgent.&lt;init&gt;(Unknown Source)
	at org.apache.derby.client.net.NetConnection.newAgent_(Unknown Source)
	at org.apache.derby.client.am.ClientConnection.&lt;init&gt;(Unknown Source)
	at org.apache.derby.client.net.NetConnection.&lt;init&gt;(Unknown Source)
	at org.apache.derby.client.net.ClientJDBCObjectFactoryImpl.newNetConnection(Unknown Source)
Caused by: java.net.ConnectException: Connection refused: connect
	at java.net.DualStackPlainSocketImpl.connect0(Native Method)
	at java.net.DualStackPlainSocketImpl.socketConnect(DualStackPlainSocketImpl.java:79)
	at java.net.AbstractPlainSocketImpl.doConnect(AbstractPlainSocketImpl.java:350)
	at java.net.AbstractPlainSocketImpl.connectToAddress(AbstractPlainSocketImpl.java:206)
	at java.net.AbstractPlainSocketImpl.connect(AbstractPlainSocketImpl.java:188)
	at java.net.PlainSocketImpl.connect(PlainSocketImpl.java:172)
	at java.net.SocksSocketImpl.connect(SocksSocketImpl.java:392)
	at java.net.Socket.connect(Socket.java:589)
	at java.net.Socket.connect(Socket.java:538)
	at java.net.Socket.&lt;init&gt;(Socket.java:434)
	at java.net.Socket.&lt;init&gt;(Socket.java:211)
	at javax.net.DefaultSocketFactory.createSocket(SocketFactory.java:271)
	at org.apache.derby.client.net.OpenSocketAction.run(Unknown Source)
	at org.apache.derby.client.net.OpenSocketAction.run(Unknown Source)
	at java.security.AccessController.doPrivileged(Native Method)
</error>
  </testcase>
  <testcase classname="Logica.ControladorTest" name="testGetTemporalAlbum" time="2.048">
    <error message="Exception [EclipseLink-4002] (Eclipse Persistence Services - 2.5.2.v20140319-9ad6abd): org.eclipse.persistence.exceptions.DatabaseException&#xd;&#xa;Internal Exception: java.sql.SQLNonTransientConnectionException: java.net.ConnectException: Error al conectarse al servidor localhost en el puerto 1.527 con el mensaje Connection refused: connect.&#xd;&#xa;Error Code: 40000" type="javax.persistence.PersistenceException">javax.persistence.PersistenceException: Exception [EclipseLink-4002] (Eclipse Persistence Services - 2.5.2.v20140319-9ad6abd): org.eclipse.persistence.exceptions.DatabaseException
Internal Exception: java.sql.SQLNonTransientConnectionException: java.net.ConnectException: Error al conectarse al servidor localhost en el puerto 1.527 con el mensaje Connection refused: connect.
Error Code: 40000
	at org.eclipse.persistence.internal.jpa.EntityManagerSetupImpl.deploy(EntityManagerSetupImpl.java:766)
	at org.eclipse.persistence.internal.jpa.EntityManagerFactoryDelegate.getAbstractSession(EntityManagerFactoryDelegate.java:204)
	at org.eclipse.persistence.internal.jpa.EntityManagerFactoryDelegate.getDatabaseSession(EntityManagerFactoryDelegate.java:182)
	at org.eclipse.persistence.internal.jpa.EntityManagerFactoryImpl.getDatabaseSession(EntityManagerFactoryImpl.java:527)
	at org.eclipse.persistence.jpa.PersistenceProvider.createEntityManagerFactoryImpl(PersistenceProvider.java:140)
	at org.eclipse.persistence.jpa.PersistenceProvider.createEntityManagerFactory(PersistenceProvider.java:177)
	at javax.persistence.Persistence.createEntityManagerFactory(Persistence.java:79)
	at javax.persistence.Persistence.createEntityManagerFactory(Persistence.java:54)
	at Logica.Manejador.&lt;init&gt;(Manejador.java:31)
	at Logica.Manejador.getinstance(Manejador.java:125)
	at Logica.Controlador.getTemporalAlbum(Controlador.java:442)
	at Logica.ControladorTest.testGetTemporalAlbum(ControladorTest.java:954)
Caused by: Exception [EclipseLink-4002] (Eclipse Persistence Services - 2.5.2.v20140319-9ad6abd): org.eclipse.persistence.exceptions.DatabaseException
Internal Exception: java.sql.SQLNonTransientConnectionException: java.net.ConnectException: Error al conectarse al servidor localhost en el puerto 1.527 con el mensaje Connection refused: connect.
Error Code: 40000
	at org.eclipse.persistence.exceptions.DatabaseException.sqlException(DatabaseException.java:331)
	at org.eclipse.persistence.exceptions.DatabaseException.sqlException(DatabaseException.java:326)
	at org.eclipse.persistence.sessions.DefaultConnector.connect(DefaultConnector.java:138)
	at org.eclipse.persistence.sessions.DatasourceLogin.connectToDatasource(DatasourceLogin.java:162)
	at org.eclipse.persistence.internal.sessions.DatabaseSessionImpl.setOrDetectDatasource(DatabaseSessionImpl.java:204)
	at org.eclipse.persistence.internal.sessions.DatabaseSessionImpl.loginAndDetectDatasource(DatabaseSessionImpl.java:741)
	at org.eclipse.persistence.internal.jpa.EntityManagerFactoryProvider.login(EntityManagerFactoryProvider.java:239)
	at org.eclipse.persistence.internal.jpa.EntityManagerSetupImpl.deploy(EntityManagerSetupImpl.java:685)
Caused by: java.sql.SQLNonTransientConnectionException: java.net.ConnectException: Error al conectarse al servidor localhost en el puerto 1.527 con el mensaje Connection refused: connect.
	at org.apache.derby.client.am.SQLExceptionFactory.getSQLException(Unknown Source)
	at org.apache.derby.client.am.SqlException.getSQLException(Unknown Source)
	at org.apache.derby.jdbc.ClientDriver.connect(Unknown Source)
	at java.sql.DriverManager.getConnection(DriverManager.java:664)
	at java.sql.DriverManager.getConnection(DriverManager.java:208)
	at org.eclipse.persistence.sessions.DefaultConnector.connect(DefaultConnector.java:98)
Caused by: ERROR 08001: java.net.ConnectException: Error al conectarse al servidor localhost en el puerto 1.527 con el mensaje Connection refused: connect.
	at org.apache.derby.client.net.NetAgent.&lt;init&gt;(Unknown Source)
	at org.apache.derby.client.net.NetConnection.newAgent_(Unknown Source)
	at org.apache.derby.client.am.ClientConnection.&lt;init&gt;(Unknown Source)
	at org.apache.derby.client.net.NetConnection.&lt;init&gt;(Unknown Source)
	at org.apache.derby.client.net.ClientJDBCObjectFactoryImpl.newNetConnection(Unknown Source)
Caused by: java.net.ConnectException: Connection refused: connect
	at java.net.DualStackPlainSocketImpl.connect0(Native Method)
	at java.net.DualStackPlainSocketImpl.socketConnect(DualStackPlainSocketImpl.java:79)
	at java.net.AbstractPlainSocketImpl.doConnect(AbstractPlainSocketImpl.java:350)
	at java.net.AbstractPlainSocketImpl.connectToAddress(AbstractPlainSocketImpl.java:206)
	at java.net.AbstractPlainSocketImpl.connect(AbstractPlainSocketImpl.java:188)
	at java.net.PlainSocketImpl.connect(PlainSocketImpl.java:172)
	at java.net.SocksSocketImpl.connect(SocksSocketImpl.java:392)
	at java.net.Socket.connect(Socket.java:589)
	at java.net.Socket.connect(Socket.java:538)
	at java.net.Socket.&lt;init&gt;(Socket.java:434)
	at java.net.Socket.&lt;init&gt;(Socket.java:211)
	at javax.net.DefaultSocketFactory.createSocket(SocketFactory.java:271)
	at org.apache.derby.client.net.OpenSocketAction.run(Unknown Source)
	at org.apache.derby.client.net.OpenSocketAction.run(Unknown Source)
	at java.security.AccessController.doPrivileged(Native Method)
</error>
  </testcase>
  <testcase classname="Logica.ControladorTest" name="testAltaGenero2" time="2.049">
    <error message="Exception [EclipseLink-4002] (Eclipse Persistence Services - 2.5.2.v20140319-9ad6abd): org.eclipse.persistence.exceptions.DatabaseException&#xd;&#xa;Internal Exception: java.sql.SQLNonTransientConnectionException: java.net.ConnectException: Error al conectarse al servidor localhost en el puerto 1.527 con el mensaje Connection refused: connect.&#xd;&#xa;Error Code: 40000" type="javax.persistence.PersistenceException">javax.persistence.PersistenceException: Exception [EclipseLink-4002] (Eclipse Persistence Services - 2.5.2.v20140319-9ad6abd): org.eclipse.persistence.exceptions.DatabaseException
Internal Exception: java.sql.SQLNonTransientConnectionException: java.net.ConnectException: Error al conectarse al servidor localhost en el puerto 1.527 con el mensaje Connection refused: connect.
Error Code: 40000
	at org.eclipse.persistence.internal.jpa.EntityManagerSetupImpl.deploy(EntityManagerSetupImpl.java:766)
	at org.eclipse.persistence.internal.jpa.EntityManagerFactoryDelegate.getAbstractSession(EntityManagerFactoryDelegate.java:204)
	at org.eclipse.persistence.internal.jpa.EntityManagerFactoryDelegate.getDatabaseSession(EntityManagerFactoryDelegate.java:182)
	at org.eclipse.persistence.internal.jpa.EntityManagerFactoryImpl.getDatabaseSession(EntityManagerFactoryImpl.java:527)
	at org.eclipse.persistence.jpa.PersistenceProvider.createEntityManagerFactoryImpl(PersistenceProvider.java:140)
	at org.eclipse.persistence.jpa.PersistenceProvider.createEntityManagerFactory(PersistenceProvider.java:177)
	at javax.persistence.Persistence.createEntityManagerFactory(Persistence.java:79)
	at javax.persistence.Persistence.createEntityManagerFactory(Persistence.java:54)
	at Logica.Manejador.&lt;init&gt;(Manejador.java:31)
	at Logica.Manejador.getinstance(Manejador.java:125)
	at Logica.Controlador.AltaGenero(Controlador.java:59)
	at Logica.ControladorTest.testAltaGenero2(ControladorTest.java:129)
Caused by: Exception [EclipseLink-4002] (Eclipse Persistence Services - 2.5.2.v20140319-9ad6abd): org.eclipse.persistence.exceptions.DatabaseException
Internal Exception: java.sql.SQLNonTransientConnectionException: java.net.ConnectException: Error al conectarse al servidor localhost en el puerto 1.527 con el mensaje Connection refused: connect.
Error Code: 40000
	at org.eclipse.persistence.exceptions.DatabaseException.sqlException(DatabaseException.java:331)
	at org.eclipse.persistence.exceptions.DatabaseException.sqlException(DatabaseException.java:326)
	at org.eclipse.persistence.sessions.DefaultConnector.connect(DefaultConnector.java:138)
	at org.eclipse.persistence.sessions.DatasourceLogin.connectToDatasource(DatasourceLogin.java:162)
	at org.eclipse.persistence.internal.sessions.DatabaseSessionImpl.setOrDetectDatasource(DatabaseSessionImpl.java:204)
	at org.eclipse.persistence.internal.sessions.DatabaseSessionImpl.loginAndDetectDatasource(DatabaseSessionImpl.java:741)
	at org.eclipse.persistence.internal.jpa.EntityManagerFactoryProvider.login(EntityManagerFactoryProvider.java:239)
	at org.eclipse.persistence.internal.jpa.EntityManagerSetupImpl.deploy(EntityManagerSetupImpl.java:685)
Caused by: java.sql.SQLNonTransientConnectionException: java.net.ConnectException: Error al conectarse al servidor localhost en el puerto 1.527 con el mensaje Connection refused: connect.
	at org.apache.derby.client.am.SQLExceptionFactory.getSQLException(Unknown Source)
	at org.apache.derby.client.am.SqlException.getSQLException(Unknown Source)
	at org.apache.derby.jdbc.ClientDriver.connect(Unknown Source)
	at java.sql.DriverManager.getConnection(DriverManager.java:664)
	at java.sql.DriverManager.getConnection(DriverManager.java:208)
	at org.eclipse.persistence.sessions.DefaultConnector.connect(DefaultConnector.java:98)
Caused by: ERROR 08001: java.net.ConnectException: Error al conectarse al servidor localhost en el puerto 1.527 con el mensaje Connection refused: connect.
	at org.apache.derby.client.net.NetAgent.&lt;init&gt;(Unknown Source)
	at org.apache.derby.client.net.NetConnection.newAgent_(Unknown Source)
	at org.apache.derby.client.am.ClientConnection.&lt;init&gt;(Unknown Source)
	at org.apache.derby.client.net.NetConnection.&lt;init&gt;(Unknown Source)
	at org.apache.derby.client.net.ClientJDBCObjectFactoryImpl.newNetConnection(Unknown Source)
Caused by: java.net.ConnectException: Connection refused: connect
	at java.net.DualStackPlainSocketImpl.connect0(Native Method)
	at java.net.DualStackPlainSocketImpl.socketConnect(DualStackPlainSocketImpl.java:79)
	at java.net.AbstractPlainSocketImpl.doConnect(AbstractPlainSocketImpl.java:350)
	at java.net.AbstractPlainSocketImpl.connectToAddress(AbstractPlainSocketImpl.java:206)
	at java.net.AbstractPlainSocketImpl.connect(AbstractPlainSocketImpl.java:188)
	at java.net.PlainSocketImpl.connect(PlainSocketImpl.java:172)
	at java.net.SocksSocketImpl.connect(SocksSocketImpl.java:392)
	at java.net.Socket.connect(Socket.java:589)
	at java.net.Socket.connect(Socket.java:538)
	at java.net.Socket.&lt;init&gt;(Socket.java:434)
	at java.net.Socket.&lt;init&gt;(Socket.java:211)
	at javax.net.DefaultSocketFactory.createSocket(SocketFactory.java:271)
	at org.apache.derby.client.net.OpenSocketAction.run(Unknown Source)
	at org.apache.derby.client.net.OpenSocketAction.run(Unknown Source)
	at java.security.AccessController.doPrivileged(Native Method)
</error>
  </testcase>
  <testcase classname="Logica.ControladorTest" name="testAltaGenero3" time="2.26">
    <error message="Exception [EclipseLink-4002] (Eclipse Persistence Services - 2.5.2.v20140319-9ad6abd): org.eclipse.persistence.exceptions.DatabaseException&#xd;&#xa;Internal Exception: java.sql.SQLNonTransientConnectionException: java.net.ConnectException: Error al conectarse al servidor localhost en el puerto 1.527 con el mensaje Connection refused: connect.&#xd;&#xa;Error Code: 40000" type="javax.persistence.PersistenceException">javax.persistence.PersistenceException: Exception [EclipseLink-4002] (Eclipse Persistence Services - 2.5.2.v20140319-9ad6abd): org.eclipse.persistence.exceptions.DatabaseException
Internal Exception: java.sql.SQLNonTransientConnectionException: java.net.ConnectException: Error al conectarse al servidor localhost en el puerto 1.527 con el mensaje Connection refused: connect.
Error Code: 40000
	at org.eclipse.persistence.internal.jpa.EntityManagerSetupImpl.deploy(EntityManagerSetupImpl.java:766)
	at org.eclipse.persistence.internal.jpa.EntityManagerFactoryDelegate.getAbstractSession(EntityManagerFactoryDelegate.java:204)
	at org.eclipse.persistence.internal.jpa.EntityManagerFactoryDelegate.getDatabaseSession(EntityManagerFactoryDelegate.java:182)
	at org.eclipse.persistence.internal.jpa.EntityManagerFactoryImpl.getDatabaseSession(EntityManagerFactoryImpl.java:527)
	at org.eclipse.persistence.jpa.PersistenceProvider.createEntityManagerFactoryImpl(PersistenceProvider.java:140)
	at org.eclipse.persistence.jpa.PersistenceProvider.createEntityManagerFactory(PersistenceProvider.java:177)
	at javax.persistence.Persistence.createEntityManagerFactory(Persistence.java:79)
	at javax.persistence.Persistence.createEntityManagerFactory(Persistence.java:54)
	at Logica.Manejador.&lt;init&gt;(Manejador.java:31)
	at Logica.Manejador.getinstance(Manejador.java:125)
	at Logica.Controlador.AltaGenero(Controlador.java:59)
	at Logica.ControladorTest.testAltaGenero3(ControladorTest.java:142)
Caused by: Exception [EclipseLink-4002] (Eclipse Persistence Services - 2.5.2.v20140319-9ad6abd): org.eclipse.persistence.exceptions.DatabaseException
Internal Exception: java.sql.SQLNonTransientConnectionException: java.net.ConnectException: Error al conectarse al servidor localhost en el puerto 1.527 con el mensaje Connection refused: connect.
Error Code: 40000
	at org.eclipse.persistence.exceptions.DatabaseException.sqlException(DatabaseException.java:331)
	at org.eclipse.persistence.exceptions.DatabaseException.sqlException(DatabaseException.java:326)
	at org.eclipse.persistence.sessions.DefaultConnector.connect(DefaultConnector.java:138)
	at org.eclipse.persistence.sessions.DatasourceLogin.connectToDatasource(DatasourceLogin.java:162)
	at org.eclipse.persistence.internal.sessions.DatabaseSessionImpl.setOrDetectDatasource(DatabaseSessionImpl.java:204)
	at org.eclipse.persistence.internal.sessions.DatabaseSessionImpl.loginAndDetectDatasource(DatabaseSessionImpl.java:741)
	at org.eclipse.persistence.internal.jpa.EntityManagerFactoryProvider.login(EntityManagerFactoryProvider.java:239)
	at org.eclipse.persistence.internal.jpa.EntityManagerSetupImpl.deploy(EntityManagerSetupImpl.java:685)
Caused by: java.sql.SQLNonTransientConnectionException: java.net.ConnectException: Error al conectarse al servidor localhost en el puerto 1.527 con el mensaje Connection refused: connect.
	at org.apache.derby.client.am.SQLExceptionFactory.getSQLException(Unknown Source)
	at org.apache.derby.client.am.SqlException.getSQLException(Unknown Source)
	at org.apache.derby.jdbc.ClientDriver.connect(Unknown Source)
	at java.sql.DriverManager.getConnection(DriverManager.java:664)
	at java.sql.DriverManager.getConnection(DriverManager.java:208)
	at org.eclipse.persistence.sessions.DefaultConnector.connect(DefaultConnector.java:98)
Caused by: ERROR 08001: java.net.ConnectException: Error al conectarse al servidor localhost en el puerto 1.527 con el mensaje Connection refused: connect.
	at org.apache.derby.client.net.NetAgent.&lt;init&gt;(Unknown Source)
	at org.apache.derby.client.net.NetConnection.newAgent_(Unknown Source)
	at org.apache.derby.client.am.ClientConnection.&lt;init&gt;(Unknown Source)
	at org.apache.derby.client.net.NetConnection.&lt;init&gt;(Unknown Source)
	at org.apache.derby.client.net.ClientJDBCObjectFactoryImpl.newNetConnection(Unknown Source)
Caused by: java.net.ConnectException: Connection refused: connect
	at java.net.DualStackPlainSocketImpl.connect0(Native Method)
	at java.net.DualStackPlainSocketImpl.socketConnect(DualStackPlainSocketImpl.java:79)
	at java.net.AbstractPlainSocketImpl.doConnect(AbstractPlainSocketImpl.java:350)
	at java.net.AbstractPlainSocketImpl.connectToAddress(AbstractPlainSocketImpl.java:206)
	at java.net.AbstractPlainSocketImpl.connect(AbstractPlainSocketImpl.java:188)
	at java.net.PlainSocketImpl.connect(PlainSocketImpl.java:172)
	at java.net.SocksSocketImpl.connect(SocksSocketImpl.java:392)
	at java.net.Socket.connect(Socket.java:589)
	at java.net.Socket.connect(Socket.java:538)
	at java.net.Socket.&lt;init&gt;(Socket.java:434)
	at java.net.Socket.&lt;init&gt;(Socket.java:211)
	at javax.net.DefaultSocketFactory.createSocket(SocketFactory.java:271)
	at org.apache.derby.client.net.OpenSocketAction.run(Unknown Source)
	at org.apache.derby.client.net.OpenSocketAction.run(Unknown Source)
	at java.security.AccessController.doPrivileged(Native Method)
</error>
  </testcase>
  <testcase classname="Logica.ControladorTest" name="testAltaGenero4" time="2.086">
    <error message="Exception [EclipseLink-4002] (Eclipse Persistence Services - 2.5.2.v20140319-9ad6abd): org.eclipse.persistence.exceptions.DatabaseException&#xd;&#xa;Internal Exception: java.sql.SQLNonTransientConnectionException: java.net.ConnectException: Error al conectarse al servidor localhost en el puerto 1.527 con el mensaje Connection refused: connect.&#xd;&#xa;Error Code: 40000" type="javax.persistence.PersistenceException">javax.persistence.PersistenceException: Exception [EclipseLink-4002] (Eclipse Persistence Services - 2.5.2.v20140319-9ad6abd): org.eclipse.persistence.exceptions.DatabaseException
Internal Exception: java.sql.SQLNonTransientConnectionException: java.net.ConnectException: Error al conectarse al servidor localhost en el puerto 1.527 con el mensaje Connection refused: connect.
Error Code: 40000
	at org.eclipse.persistence.internal.jpa.EntityManagerSetupImpl.deploy(EntityManagerSetupImpl.java:766)
	at org.eclipse.persistence.internal.jpa.EntityManagerFactoryDelegate.getAbstractSession(EntityManagerFactoryDelegate.java:204)
	at org.eclipse.persistence.internal.jpa.EntityManagerFactoryDelegate.getDatabaseSession(EntityManagerFactoryDelegate.java:182)
	at org.eclipse.persistence.internal.jpa.EntityManagerFactoryImpl.getDatabaseSession(EntityManagerFactoryImpl.java:527)
	at org.eclipse.persistence.jpa.PersistenceProvider.createEntityManagerFactoryImpl(PersistenceProvider.java:140)
	at org.eclipse.persistence.jpa.PersistenceProvider.createEntityManagerFactory(PersistenceProvider.java:177)
	at javax.persistence.Persistence.createEntityManagerFactory(Persistence.java:79)
	at javax.persistence.Persistence.createEntityManagerFactory(Persistence.java:54)
	at Logica.Manejador.&lt;init&gt;(Manejador.java:31)
	at Logica.Manejador.getinstance(Manejador.java:125)
	at Logica.Controlador.AltaGenero(Controlador.java:59)
	at Logica.ControladorTest.testAltaGenero4(ControladorTest.java:155)
Caused by: Exception [EclipseLink-4002] (Eclipse Persistence Services - 2.5.2.v20140319-9ad6abd): org.eclipse.persistence.exceptions.DatabaseException
Internal Exception: java.sql.SQLNonTransientConnectionException: java.net.ConnectException: Error al conectarse al servidor localhost en el puerto 1.527 con el mensaje Connection refused: connect.
Error Code: 40000
	at org.eclipse.persistence.exceptions.DatabaseException.sqlException(DatabaseException.java:331)
	at org.eclipse.persistence.exceptions.DatabaseException.sqlException(DatabaseException.java:326)
	at org.eclipse.persistence.sessions.DefaultConnector.connect(DefaultConnector.java:138)
	at org.eclipse.persistence.sessions.DatasourceLogin.connectToDatasource(DatasourceLogin.java:162)
	at org.eclipse.persistence.internal.sessions.DatabaseSessionImpl.setOrDetectDatasource(DatabaseSessionImpl.java:204)
	at org.eclipse.persistence.internal.sessions.DatabaseSessionImpl.loginAndDetectDatasource(DatabaseSessionImpl.java:741)
	at org.eclipse.persistence.internal.jpa.EntityManagerFactoryProvider.login(EntityManagerFactoryProvider.java:239)
	at org.eclipse.persistence.internal.jpa.EntityManagerSetupImpl.deploy(EntityManagerSetupImpl.java:685)
Caused by: java.sql.SQLNonTransientConnectionException: java.net.ConnectException: Error al conectarse al servidor localhost en el puerto 1.527 con el mensaje Connection refused: connect.
	at org.apache.derby.client.am.SQLExceptionFactory.getSQLException(Unknown Source)
	at org.apache.derby.client.am.SqlException.getSQLException(Unknown Source)
	at org.apache.derby.jdbc.ClientDriver.connect(Unknown Source)
	at java.sql.DriverManager.getConnection(DriverManager.java:664)
	at java.sql.DriverManager.getConnection(DriverManager.java:208)
	at org.eclipse.persistence.sessions.DefaultConnector.connect(DefaultConnector.java:98)
Caused by: ERROR 08001: java.net.ConnectException: Error al conectarse al servidor localhost en el puerto 1.527 con el mensaje Connection refused: connect.
	at org.apache.derby.client.net.NetAgent.&lt;init&gt;(Unknown Source)
	at org.apache.derby.client.net.NetConnection.newAgent_(Unknown Source)
	at org.apache.derby.client.am.ClientConnection.&lt;init&gt;(Unknown Source)
	at org.apache.derby.client.net.NetConnection.&lt;init&gt;(Unknown Source)
	at org.apache.derby.client.net.ClientJDBCObjectFactoryImpl.newNetConnection(Unknown Source)
Caused by: java.net.ConnectException: Connection refused: connect
	at java.net.DualStackPlainSocketImpl.connect0(Native Method)
	at java.net.DualStackPlainSocketImpl.socketConnect(DualStackPlainSocketImpl.java:79)
	at java.net.AbstractPlainSocketImpl.doConnect(AbstractPlainSocketImpl.java:350)
	at java.net.AbstractPlainSocketImpl.connectToAddress(AbstractPlainSocketImpl.java:206)
	at java.net.AbstractPlainSocketImpl.connect(AbstractPlainSocketImpl.java:188)
	at java.net.PlainSocketImpl.connect(PlainSocketImpl.java:172)
	at java.net.SocksSocketImpl.connect(SocksSocketImpl.java:392)
	at java.net.Socket.connect(Socket.java:589)
	at java.net.Socket.connect(Socket.java:538)
	at java.net.Socket.&lt;init&gt;(Socket.java:434)
	at java.net.Socket.&lt;init&gt;(Socket.java:211)
	at javax.net.DefaultSocketFactory.createSocket(SocketFactory.java:271)
	at org.apache.derby.client.net.OpenSocketAction.run(Unknown Source)
	at org.apache.derby.client.net.OpenSocketAction.run(Unknown Source)
	at java.security.AccessController.doPrivileged(Native Method)
</error>
  </testcase>
  <testcase classname="Logica.ControladorTest" name="testAltaGenero5" time="2.165">
    <error message="Exception [EclipseLink-4002] (Eclipse Persistence Services - 2.5.2.v20140319-9ad6abd): org.eclipse.persistence.exceptions.DatabaseException&#xd;&#xa;Internal Exception: java.sql.SQLNonTransientConnectionException: java.net.ConnectException: Error al conectarse al servidor localhost en el puerto 1.527 con el mensaje Connection refused: connect.&#xd;&#xa;Error Code: 40000" type="javax.persistence.PersistenceException">javax.persistence.PersistenceException: Exception [EclipseLink-4002] (Eclipse Persistence Services - 2.5.2.v20140319-9ad6abd): org.eclipse.persistence.exceptions.DatabaseException
Internal Exception: java.sql.SQLNonTransientConnectionException: java.net.ConnectException: Error al conectarse al servidor localhost en el puerto 1.527 con el mensaje Connection refused: connect.
Error Code: 40000
	at org.eclipse.persistence.internal.jpa.EntityManagerSetupImpl.deploy(EntityManagerSetupImpl.java:766)
	at org.eclipse.persistence.internal.jpa.EntityManagerFactoryDelegate.getAbstractSession(EntityManagerFactoryDelegate.java:204)
	at org.eclipse.persistence.internal.jpa.EntityManagerFactoryDelegate.getDatabaseSession(EntityManagerFactoryDelegate.java:182)
	at org.eclipse.persistence.internal.jpa.EntityManagerFactoryImpl.getDatabaseSession(EntityManagerFactoryImpl.java:527)
	at org.eclipse.persistence.jpa.PersistenceProvider.createEntityManagerFactoryImpl(PersistenceProvider.java:140)
	at org.eclipse.persistence.jpa.PersistenceProvider.createEntityManagerFactory(PersistenceProvider.java:177)
	at javax.persistence.Persistence.createEntityManagerFactory(Persistence.java:79)
	at javax.persistence.Persistence.createEntityManagerFactory(Persistence.java:54)
	at Logica.Manejador.&lt;init&gt;(Manejador.java:31)
	at Logica.Manejador.getinstance(Manejador.java:125)
	at Logica.Controlador.AltaGenero(Controlador.java:59)
	at Logica.ControladorTest.testAltaGenero5(ControladorTest.java:168)
Caused by: Exception [EclipseLink-4002] (Eclipse Persistence Services - 2.5.2.v20140319-9ad6abd): org.eclipse.persistence.exceptions.DatabaseException
Internal Exception: java.sql.SQLNonTransientConnectionException: java.net.ConnectException: Error al conectarse al servidor localhost en el puerto 1.527 con el mensaje Connection refused: connect.
Error Code: 40000
	at org.eclipse.persistence.exceptions.DatabaseException.sqlException(DatabaseException.java:331)
	at org.eclipse.persistence.exceptions.DatabaseException.sqlException(DatabaseException.java:326)
	at org.eclipse.persistence.sessions.DefaultConnector.connect(DefaultConnector.java:138)
	at org.eclipse.persistence.sessions.DatasourceLogin.connectToDatasource(DatasourceLogin.java:162)
	at org.eclipse.persistence.internal.sessions.DatabaseSessionImpl.setOrDetectDatasource(DatabaseSessionImpl.java:204)
	at org.eclipse.persistence.internal.sessions.DatabaseSessionImpl.loginAndDetectDatasource(DatabaseSessionImpl.java:741)
	at org.eclipse.persistence.internal.jpa.EntityManagerFactoryProvider.login(EntityManagerFactoryProvider.java:239)
	at org.eclipse.persistence.internal.jpa.EntityManagerSetupImpl.deploy(EntityManagerSetupImpl.java:685)
Caused by: java.sql.SQLNonTransientConnectionException: java.net.ConnectException: Error al conectarse al servidor localhost en el puerto 1.527 con el mensaje Connection refused: connect.
	at org.apache.derby.client.am.SQLExceptionFactory.getSQLException(Unknown Source)
	at org.apache.derby.client.am.SqlException.getSQLException(Unknown Source)
	at org.apache.derby.jdbc.ClientDriver.connect(Unknown Source)
	at java.sql.DriverManager.getConnection(DriverManager.java:664)
	at java.sql.DriverManager.getConnection(DriverManager.java:208)
	at org.eclipse.persistence.sessions.DefaultConnector.connect(DefaultConnector.java:98)
Caused by: ERROR 08001: java.net.ConnectException: Error al conectarse al servidor localhost en el puerto 1.527 con el mensaje Connection refused: connect.
	at org.apache.derby.client.net.NetAgent.&lt;init&gt;(Unknown Source)
	at org.apache.derby.client.net.NetConnection.newAgent_(Unknown Source)
	at org.apache.derby.client.am.ClientConnection.&lt;init&gt;(Unknown Source)
	at org.apache.derby.client.net.NetConnection.&lt;init&gt;(Unknown Source)
	at org.apache.derby.client.net.ClientJDBCObjectFactoryImpl.newNetConnection(Unknown Source)
Caused by: java.net.ConnectException: Connection refused: connect
	at java.net.DualStackPlainSocketImpl.connect0(Native Method)
	at java.net.DualStackPlainSocketImpl.socketConnect(DualStackPlainSocketImpl.java:79)
	at java.net.AbstractPlainSocketImpl.doConnect(AbstractPlainSocketImpl.java:350)
	at java.net.AbstractPlainSocketImpl.connectToAddress(AbstractPlainSocketImpl.java:206)
	at java.net.AbstractPlainSocketImpl.connect(AbstractPlainSocketImpl.java:188)
	at java.net.PlainSocketImpl.connect(PlainSocketImpl.java:172)
	at java.net.SocksSocketImpl.connect(SocksSocketImpl.java:392)
	at java.net.Socket.connect(Socket.java:589)
	at java.net.Socket.connect(Socket.java:538)
	at java.net.Socket.&lt;init&gt;(Socket.java:434)
	at java.net.Socket.&lt;init&gt;(Socket.java:211)
	at javax.net.DefaultSocketFactory.createSocket(SocketFactory.java:271)
	at org.apache.derby.client.net.OpenSocketAction.run(Unknown Source)
	at org.apache.derby.client.net.OpenSocketAction.run(Unknown Source)
	at java.security.AccessController.doPrivileged(Native Method)
</error>
  </testcase>
  <testcase classname="Logica.ControladorTest" name="testAltaGenero6" time="2.077">
    <error message="Exception [EclipseLink-4002] (Eclipse Persistence Services - 2.5.2.v20140319-9ad6abd): org.eclipse.persistence.exceptions.DatabaseException&#xd;&#xa;Internal Exception: java.sql.SQLNonTransientConnectionException: java.net.ConnectException: Error al conectarse al servidor localhost en el puerto 1.527 con el mensaje Connection refused: connect.&#xd;&#xa;Error Code: 40000" type="javax.persistence.PersistenceException">javax.persistence.PersistenceException: Exception [EclipseLink-4002] (Eclipse Persistence Services - 2.5.2.v20140319-9ad6abd): org.eclipse.persistence.exceptions.DatabaseException
Internal Exception: java.sql.SQLNonTransientConnectionException: java.net.ConnectException: Error al conectarse al servidor localhost en el puerto 1.527 con el mensaje Connection refused: connect.
Error Code: 40000
	at org.eclipse.persistence.internal.jpa.EntityManagerSetupImpl.deploy(EntityManagerSetupImpl.java:766)
	at org.eclipse.persistence.internal.jpa.EntityManagerFactoryDelegate.getAbstractSession(EntityManagerFactoryDelegate.java:204)
	at org.eclipse.persistence.internal.jpa.EntityManagerFactoryDelegate.getDatabaseSession(EntityManagerFactoryDelegate.java:182)
	at org.eclipse.persistence.internal.jpa.EntityManagerFactoryImpl.getDatabaseSession(EntityManagerFactoryImpl.java:527)
	at org.eclipse.persistence.jpa.PersistenceProvider.createEntityManagerFactoryImpl(PersistenceProvider.java:140)
	at org.eclipse.persistence.jpa.PersistenceProvider.createEntityManagerFactory(PersistenceProvider.java:177)
	at javax.persistence.Persistence.createEntityManagerFactory(Persistence.java:79)
	at javax.persistence.Persistence.createEntityManagerFactory(Persistence.java:54)
	at Logica.Manejador.&lt;init&gt;(Manejador.java:31)
	at Logica.Manejador.getinstance(Manejador.java:125)
	at Logica.Controlador.AltaGenero(Controlador.java:59)
	at Logica.ControladorTest.testAltaGenero6(ControladorTest.java:181)
Caused by: Exception [EclipseLink-4002] (Eclipse Persistence Services - 2.5.2.v20140319-9ad6abd): org.eclipse.persistence.exceptions.DatabaseException
Internal Exception: java.sql.SQLNonTransientConnectionException: java.net.ConnectException: Error al conectarse al servidor localhost en el puerto 1.527 con el mensaje Connection refused: connect.
Error Code: 40000
	at org.eclipse.persistence.exceptions.DatabaseException.sqlException(DatabaseException.java:331)
	at org.eclipse.persistence.exceptions.DatabaseException.sqlException(DatabaseException.java:326)
	at org.eclipse.persistence.sessions.DefaultConnector.connect(DefaultConnector.java:138)
	at org.eclipse.persistence.sessions.DatasourceLogin.connectToDatasource(DatasourceLogin.java:162)
	at org.eclipse.persistence.internal.sessions.DatabaseSessionImpl.setOrDetectDatasource(DatabaseSessionImpl.java:204)
	at org.eclipse.persistence.internal.sessions.DatabaseSessionImpl.loginAndDetectDatasource(DatabaseSessionImpl.java:741)
	at org.eclipse.persistence.internal.jpa.EntityManagerFactoryProvider.login(EntityManagerFactoryProvider.java:239)
	at org.eclipse.persistence.internal.jpa.EntityManagerSetupImpl.deploy(EntityManagerSetupImpl.java:685)
Caused by: java.sql.SQLNonTransientConnectionException: java.net.ConnectException: Error al conectarse al servidor localhost en el puerto 1.527 con el mensaje Connection refused: connect.
	at org.apache.derby.client.am.SQLExceptionFactory.getSQLException(Unknown Source)
	at org.apache.derby.client.am.SqlException.getSQLException(Unknown Source)
	at org.apache.derby.jdbc.ClientDriver.connect(Unknown Source)
	at java.sql.DriverManager.getConnection(DriverManager.java:664)
	at java.sql.DriverManager.getConnection(DriverManager.java:208)
	at org.eclipse.persistence.sessions.DefaultConnector.connect(DefaultConnector.java:98)
Caused by: ERROR 08001: java.net.ConnectException: Error al conectarse al servidor localhost en el puerto 1.527 con el mensaje Connection refused: connect.
	at org.apache.derby.client.net.NetAgent.&lt;init&gt;(Unknown Source)
	at org.apache.derby.client.net.NetConnection.newAgent_(Unknown Source)
	at org.apache.derby.client.am.ClientConnection.&lt;init&gt;(Unknown Source)
	at org.apache.derby.client.net.NetConnection.&lt;init&gt;(Unknown Source)
	at org.apache.derby.client.net.ClientJDBCObjectFactoryImpl.newNetConnection(Unknown Source)
Caused by: java.net.ConnectException: Connection refused: connect
	at java.net.DualStackPlainSocketImpl.connect0(Native Method)
	at java.net.DualStackPlainSocketImpl.socketConnect(DualStackPlainSocketImpl.java:79)
	at java.net.AbstractPlainSocketImpl.doConnect(AbstractPlainSocketImpl.java:350)
	at java.net.AbstractPlainSocketImpl.connectToAddress(AbstractPlainSocketImpl.java:206)
	at java.net.AbstractPlainSocketImpl.connect(AbstractPlainSocketImpl.java:188)
	at java.net.PlainSocketImpl.connect(PlainSocketImpl.java:172)
	at java.net.SocksSocketImpl.connect(SocksSocketImpl.java:392)
	at java.net.Socket.connect(Socket.java:589)
	at java.net.Socket.connect(Socket.java:538)
	at java.net.Socket.&lt;init&gt;(Socket.java:434)
	at java.net.Socket.&lt;init&gt;(Socket.java:211)
	at javax.net.DefaultSocketFactory.createSocket(SocketFactory.java:271)
	at org.apache.derby.client.net.OpenSocketAction.run(Unknown Source)
	at org.apache.derby.client.net.OpenSocketAction.run(Unknown Source)
	at java.security.AccessController.doPrivileged(Native Method)
</error>
  </testcase>
  <testcase classname="Logica.ControladorTest" name="testAltaGenero7" time="2.069">
    <error message="Exception [EclipseLink-4002] (Eclipse Persistence Services - 2.5.2.v20140319-9ad6abd): org.eclipse.persistence.exceptions.DatabaseException&#xd;&#xa;Internal Exception: java.sql.SQLNonTransientConnectionException: java.net.ConnectException: Error al conectarse al servidor localhost en el puerto 1.527 con el mensaje Connection refused: connect.&#xd;&#xa;Error Code: 40000" type="javax.persistence.PersistenceException">javax.persistence.PersistenceException: Exception [EclipseLink-4002] (Eclipse Persistence Services - 2.5.2.v20140319-9ad6abd): org.eclipse.persistence.exceptions.DatabaseException
Internal Exception: java.sql.SQLNonTransientConnectionException: java.net.ConnectException: Error al conectarse al servidor localhost en el puerto 1.527 con el mensaje Connection refused: connect.
Error Code: 40000
	at org.eclipse.persistence.internal.jpa.EntityManagerSetupImpl.deploy(EntityManagerSetupImpl.java:766)
	at org.eclipse.persistence.internal.jpa.EntityManagerFactoryDelegate.getAbstractSession(EntityManagerFactoryDelegate.java:204)
	at org.eclipse.persistence.internal.jpa.EntityManagerFactoryDelegate.getDatabaseSession(EntityManagerFactoryDelegate.java:182)
	at org.eclipse.persistence.internal.jpa.EntityManagerFactoryImpl.getDatabaseSession(EntityManagerFactoryImpl.java:527)
	at org.eclipse.persistence.jpa.PersistenceProvider.createEntityManagerFactoryImpl(PersistenceProvider.java:140)
	at org.eclipse.persistence.jpa.PersistenceProvider.createEntityManagerFactory(PersistenceProvider.java:177)
	at javax.persistence.Persistence.createEntityManagerFactory(Persistence.java:79)
	at javax.persistence.Persistence.createEntityManagerFactory(Persistence.java:54)
	at Logica.Manejador.&lt;init&gt;(Manejador.java:31)
	at Logica.Manejador.getinstance(Manejador.java:125)
	at Logica.Controlador.getGeneroItem(Controlador.java:162)
	at Logica.ControladorTest.testAltaGenero7(ControladorTest.java:195)
Caused by: Exception [EclipseLink-4002] (Eclipse Persistence Services - 2.5.2.v20140319-9ad6abd): org.eclipse.persistence.exceptions.DatabaseException
Internal Exception: java.sql.SQLNonTransientConnectionException: java.net.ConnectException: Error al conectarse al servidor localhost en el puerto 1.527 con el mensaje Connection refused: connect.
Error Code: 40000
	at org.eclipse.persistence.exceptions.DatabaseException.sqlException(DatabaseException.java:331)
	at org.eclipse.persistence.exceptions.DatabaseException.sqlException(DatabaseException.java:326)
	at org.eclipse.persistence.sessions.DefaultConnector.connect(DefaultConnector.java:138)
	at org.eclipse.persistence.sessions.DatasourceLogin.connectToDatasource(DatasourceLogin.java:162)
	at org.eclipse.persistence.internal.sessions.DatabaseSessionImpl.setOrDetectDatasource(DatabaseSessionImpl.java:204)
	at org.eclipse.persistence.internal.sessions.DatabaseSessionImpl.loginAndDetectDatasource(DatabaseSessionImpl.java:741)
	at org.eclipse.persistence.internal.jpa.EntityManagerFactoryProvider.login(EntityManagerFactoryProvider.java:239)
	at org.eclipse.persistence.internal.jpa.EntityManagerSetupImpl.deploy(EntityManagerSetupImpl.java:685)
Caused by: java.sql.SQLNonTransientConnectionException: java.net.ConnectException: Error al conectarse al servidor localhost en el puerto 1.527 con el mensaje Connection refused: connect.
	at org.apache.derby.client.am.SQLExceptionFactory.getSQLException(Unknown Source)
	at org.apache.derby.client.am.SqlException.getSQLException(Unknown Source)
	at org.apache.derby.jdbc.ClientDriver.connect(Unknown Source)
	at java.sql.DriverManager.getConnection(DriverManager.java:664)
	at java.sql.DriverManager.getConnection(DriverManager.java:208)
	at org.eclipse.persistence.sessions.DefaultConnector.connect(DefaultConnector.java:98)
Caused by: ERROR 08001: java.net.ConnectException: Error al conectarse al servidor localhost en el puerto 1.527 con el mensaje Connection refused: connect.
	at org.apache.derby.client.net.NetAgent.&lt;init&gt;(Unknown Source)
	at org.apache.derby.client.net.NetConnection.newAgent_(Unknown Source)
	at org.apache.derby.client.am.ClientConnection.&lt;init&gt;(Unknown Source)
	at org.apache.derby.client.net.NetConnection.&lt;init&gt;(Unknown Source)
	at org.apache.derby.client.net.ClientJDBCObjectFactoryImpl.newNetConnection(Unknown Source)
Caused by: java.net.ConnectException: Connection refused: connect
	at java.net.DualStackPlainSocketImpl.connect0(Native Method)
	at java.net.DualStackPlainSocketImpl.socketConnect(DualStackPlainSocketImpl.java:79)
	at java.net.AbstractPlainSocketImpl.doConnect(AbstractPlainSocketImpl.java:350)
	at java.net.AbstractPlainSocketImpl.connectToAddress(AbstractPlainSocketImpl.java:206)
	at java.net.AbstractPlainSocketImpl.connect(AbstractPlainSocketImpl.java:188)
	at java.net.PlainSocketImpl.connect(PlainSocketImpl.java:172)
	at java.net.SocksSocketImpl.connect(SocksSocketImpl.java:392)
	at java.net.Socket.connect(Socket.java:589)
	at java.net.Socket.connect(Socket.java:538)
	at java.net.Socket.&lt;init&gt;(Socket.java:434)
	at java.net.Socket.&lt;init&gt;(Socket.java:211)
	at javax.net.DefaultSocketFactory.createSocket(SocketFactory.java:271)
	at org.apache.derby.client.net.OpenSocketAction.run(Unknown Source)
	at org.apache.derby.client.net.OpenSocketAction.run(Unknown Source)
	at java.security.AccessController.doPrivileged(Native Method)
</error>
  </testcase>
  <testcase classname="Logica.ControladorTest" name="testDeleteTemporalAlbum" time="2.104">
    <error message="Exception [EclipseLink-4002] (Eclipse Persistence Services - 2.5.2.v20140319-9ad6abd): org.eclipse.persistence.exceptions.DatabaseException&#xd;&#xa;Internal Exception: java.sql.SQLNonTransientConnectionException: java.net.ConnectException: Error al conectarse al servidor localhost en el puerto 1.527 con el mensaje Connection refused: connect.&#xd;&#xa;Error Code: 40000" type="javax.persistence.PersistenceException">javax.persistence.PersistenceException: Exception [EclipseLink-4002] (Eclipse Persistence Services - 2.5.2.v20140319-9ad6abd): org.eclipse.persistence.exceptions.DatabaseException
Internal Exception: java.sql.SQLNonTransientConnectionException: java.net.ConnectException: Error al conectarse al servidor localhost en el puerto 1.527 con el mensaje Connection refused: connect.
Error Code: 40000
	at org.eclipse.persistence.internal.jpa.EntityManagerSetupImpl.deploy(EntityManagerSetupImpl.java:766)
	at org.eclipse.persistence.internal.jpa.EntityManagerFactoryDelegate.getAbstractSession(EntityManagerFactoryDelegate.java:204)
	at org.eclipse.persistence.internal.jpa.EntityManagerFactoryDelegate.getDatabaseSession(EntityManagerFactoryDelegate.java:182)
	at org.eclipse.persistence.internal.jpa.EntityManagerFactoryImpl.getDatabaseSession(EntityManagerFactoryImpl.java:527)
	at org.eclipse.persistence.jpa.PersistenceProvider.createEntityManagerFactoryImpl(PersistenceProvider.java:140)
	at org.eclipse.persistence.jpa.PersistenceProvider.createEntityManagerFactory(PersistenceProvider.java:177)
	at javax.persistence.Persistence.createEntityManagerFactory(Persistence.java:79)
	at javax.persistence.Persistence.createEntityManagerFactory(Persistence.java:54)
	at Logica.Manejador.&lt;init&gt;(Manejador.java:31)
	at Logica.Manejador.getinstance(Manejador.java:125)
	at Logica.Controlador.deleteTemporalAlbum(Controlador.java:393)
	at Logica.ControladorTest.testDeleteTemporalAlbum(ControladorTest.java:849)
Caused by: Exception [EclipseLink-4002] (Eclipse Persistence Services - 2.5.2.v20140319-9ad6abd): org.eclipse.persistence.exceptions.DatabaseException
Internal Exception: java.sql.SQLNonTransientConnectionException: java.net.ConnectException: Error al conectarse al servidor localhost en el puerto 1.527 con el mensaje Connection refused: connect.
Error Code: 40000
	at org.eclipse.persistence.exceptions.DatabaseException.sqlException(DatabaseException.java:331)
	at org.eclipse.persistence.exceptions.DatabaseException.sqlException(DatabaseException.java:326)
	at org.eclipse.persistence.sessions.DefaultConnector.connect(DefaultConnector.java:138)
	at org.eclipse.persistence.sessions.DatasourceLogin.connectToDatasource(DatasourceLogin.java:162)
	at org.eclipse.persistence.internal.sessions.DatabaseSessionImpl.setOrDetectDatasource(DatabaseSessionImpl.java:204)
	at org.eclipse.persistence.internal.sessions.DatabaseSessionImpl.loginAndDetectDatasource(DatabaseSessionImpl.java:741)
	at org.eclipse.persistence.internal.jpa.EntityManagerFactoryProvider.login(EntityManagerFactoryProvider.java:239)
	at org.eclipse.persistence.internal.jpa.EntityManagerSetupImpl.deploy(EntityManagerSetupImpl.java:685)
Caused by: java.sql.SQLNonTransientConnectionException: java.net.ConnectException: Error al conectarse al servidor localhost en el puerto 1.527 con el mensaje Connection refused: connect.
	at org.apache.derby.client.am.SQLExceptionFactory.getSQLException(Unknown Source)
	at org.apache.derby.client.am.SqlException.getSQLException(Unknown Source)
	at org.apache.derby.jdbc.ClientDriver.connect(Unknown Source)
	at java.sql.DriverManager.getConnection(DriverManager.java:664)
	at java.sql.DriverManager.getConnection(DriverManager.java:208)
	at org.eclipse.persistence.sessions.DefaultConnector.connect(DefaultConnector.java:98)
Caused by: ERROR 08001: java.net.ConnectException: Error al conectarse al servidor localhost en el puerto 1.527 con el mensaje Connection refused: connect.
	at org.apache.derby.client.net.NetAgent.&lt;init&gt;(Unknown Source)
	at org.apache.derby.client.net.NetConnection.newAgent_(Unknown Source)
	at org.apache.derby.client.am.ClientConnection.&lt;init&gt;(Unknown Source)
	at org.apache.derby.client.net.NetConnection.&lt;init&gt;(Unknown Source)
	at org.apache.derby.client.net.ClientJDBCObjectFactoryImpl.newNetConnection(Unknown Source)
Caused by: java.net.ConnectException: Connection refused: connect
	at java.net.DualStackPlainSocketImpl.connect0(Native Method)
	at java.net.DualStackPlainSocketImpl.socketConnect(DualStackPlainSocketImpl.java:79)
	at java.net.AbstractPlainSocketImpl.doConnect(AbstractPlainSocketImpl.java:350)
	at java.net.AbstractPlainSocketImpl.connectToAddress(AbstractPlainSocketImpl.java:206)
	at java.net.AbstractPlainSocketImpl.connect(AbstractPlainSocketImpl.java:188)
	at java.net.PlainSocketImpl.connect(PlainSocketImpl.java:172)
	at java.net.SocksSocketImpl.connect(SocksSocketImpl.java:392)
	at java.net.Socket.connect(Socket.java:589)
	at java.net.Socket.connect(Socket.java:538)
	at java.net.Socket.&lt;init&gt;(Socket.java:434)
	at java.net.Socket.&lt;init&gt;(Socket.java:211)
	at javax.net.DefaultSocketFactory.createSocket(SocketFactory.java:271)
	at org.apache.derby.client.net.OpenSocketAction.run(Unknown Source)
	at org.apache.derby.client.net.OpenSocketAction.run(Unknown Source)
	at java.security.AccessController.doPrivileged(Native Method)
</error>
  </testcase>
  <testcase classname="Logica.ControladorTest" name="testFindUser2" time="2.053">
    <error message="Exception [EclipseLink-4002] (Eclipse Persistence Services - 2.5.2.v20140319-9ad6abd): org.eclipse.persistence.exceptions.DatabaseException&#xd;&#xa;Internal Exception: java.sql.SQLNonTransientConnectionException: java.net.ConnectException: Error al conectarse al servidor localhost en el puerto 1.527 con el mensaje Connection refused: connect.&#xd;&#xa;Error Code: 40000" type="javax.persistence.PersistenceException">javax.persistence.PersistenceException: Exception [EclipseLink-4002] (Eclipse Persistence Services - 2.5.2.v20140319-9ad6abd): org.eclipse.persistence.exceptions.DatabaseException
Internal Exception: java.sql.SQLNonTransientConnectionException: java.net.ConnectException: Error al conectarse al servidor localhost en el puerto 1.527 con el mensaje Connection refused: connect.
Error Code: 40000
	at org.eclipse.persistence.internal.jpa.EntityManagerSetupImpl.deploy(EntityManagerSetupImpl.java:766)
	at org.eclipse.persistence.internal.jpa.EntityManagerFactoryDelegate.getAbstractSession(EntityManagerFactoryDelegate.java:204)
	at org.eclipse.persistence.internal.jpa.EntityManagerFactoryDelegate.getDatabaseSession(EntityManagerFactoryDelegate.java:182)
	at org.eclipse.persistence.internal.jpa.EntityManagerFactoryImpl.getDatabaseSession(EntityManagerFactoryImpl.java:527)
	at org.eclipse.persistence.jpa.PersistenceProvider.createEntityManagerFactoryImpl(PersistenceProvider.java:140)
	at org.eclipse.persistence.jpa.PersistenceProvider.createEntityManagerFactory(PersistenceProvider.java:177)
	at javax.persistence.Persistence.createEntityManagerFactory(Persistence.java:79)
	at javax.persistence.Persistence.createEntityManagerFactory(Persistence.java:54)
	at Logica.Manejador.&lt;init&gt;(Manejador.java:31)
	at Logica.Manejador.getinstance(Manejador.java:125)
	at Logica.Controlador.FindUser(Controlador.java:99)
	at Logica.ControladorTest.testFindUser2(ControladorTest.java:275)
Caused by: Exception [EclipseLink-4002] (Eclipse Persistence Services - 2.5.2.v20140319-9ad6abd): org.eclipse.persistence.exceptions.DatabaseException
Internal Exception: java.sql.SQLNonTransientConnectionException: java.net.ConnectException: Error al conectarse al servidor localhost en el puerto 1.527 con el mensaje Connection refused: connect.
Error Code: 40000
	at org.eclipse.persistence.exceptions.DatabaseException.sqlException(DatabaseException.java:331)
	at org.eclipse.persistence.exceptions.DatabaseException.sqlException(DatabaseException.java:326)
	at org.eclipse.persistence.sessions.DefaultConnector.connect(DefaultConnector.java:138)
	at org.eclipse.persistence.sessions.DatasourceLogin.connectToDatasource(DatasourceLogin.java:162)
	at org.eclipse.persistence.internal.sessions.DatabaseSessionImpl.setOrDetectDatasource(DatabaseSessionImpl.java:204)
	at org.eclipse.persistence.internal.sessions.DatabaseSessionImpl.loginAndDetectDatasource(DatabaseSessionImpl.java:741)
	at org.eclipse.persistence.internal.jpa.EntityManagerFactoryProvider.login(EntityManagerFactoryProvider.java:239)
	at org.eclipse.persistence.internal.jpa.EntityManagerSetupImpl.deploy(EntityManagerSetupImpl.java:685)
Caused by: java.sql.SQLNonTransientConnectionException: java.net.ConnectException: Error al conectarse al servidor localhost en el puerto 1.527 con el mensaje Connection refused: connect.
	at org.apache.derby.client.am.SQLExceptionFactory.getSQLException(Unknown Source)
	at org.apache.derby.client.am.SqlException.getSQLException(Unknown Source)
	at org.apache.derby.jdbc.ClientDriver.connect(Unknown Source)
	at java.sql.DriverManager.getConnection(DriverManager.java:664)
	at java.sql.DriverManager.getConnection(DriverManager.java:208)
	at org.eclipse.persistence.sessions.DefaultConnector.connect(DefaultConnector.java:98)
Caused by: ERROR 08001: java.net.ConnectException: Error al conectarse al servidor localhost en el puerto 1.527 con el mensaje Connection refused: connect.
	at org.apache.derby.client.net.NetAgent.&lt;init&gt;(Unknown Source)
	at org.apache.derby.client.net.NetConnection.newAgent_(Unknown Source)
	at org.apache.derby.client.am.ClientConnection.&lt;init&gt;(Unknown Source)
	at org.apache.derby.client.net.NetConnection.&lt;init&gt;(Unknown Source)
	at org.apache.derby.client.net.ClientJDBCObjectFactoryImpl.newNetConnection(Unknown Source)
Caused by: java.net.ConnectException: Connection refused: connect
	at java.net.DualStackPlainSocketImpl.connect0(Native Method)
	at java.net.DualStackPlainSocketImpl.socketConnect(DualStackPlainSocketImpl.java:79)
	at java.net.AbstractPlainSocketImpl.doConnect(AbstractPlainSocketImpl.java:350)
	at java.net.AbstractPlainSocketImpl.connectToAddress(AbstractPlainSocketImpl.java:206)
	at java.net.AbstractPlainSocketImpl.connect(AbstractPlainSocketImpl.java:188)
	at java.net.PlainSocketImpl.connect(PlainSocketImpl.java:172)
	at java.net.SocksSocketImpl.connect(SocksSocketImpl.java:392)
	at java.net.Socket.connect(Socket.java:589)
	at java.net.Socket.connect(Socket.java:538)
	at java.net.Socket.&lt;init&gt;(Socket.java:434)
	at java.net.Socket.&lt;init&gt;(Socket.java:211)
	at javax.net.DefaultSocketFactory.createSocket(SocketFactory.java:271)
	at org.apache.derby.client.net.OpenSocketAction.run(Unknown Source)
	at org.apache.derby.client.net.OpenSocketAction.run(Unknown Source)
	at java.security.AccessController.doPrivileged(Native Method)
</error>
  </testcase>
  <testcase classname="Logica.ControladorTest" name="testGetListaClientes" time="2.054">
    <error message="Exception [EclipseLink-4002] (Eclipse Persistence Services - 2.5.2.v20140319-9ad6abd): org.eclipse.persistence.exceptions.DatabaseException&#xd;&#xa;Internal Exception: java.sql.SQLNonTransientConnectionException: java.net.ConnectException: Error al conectarse al servidor localhost en el puerto 1.527 con el mensaje Connection refused: connect.&#xd;&#xa;Error Code: 40000" type="javax.persistence.PersistenceException">javax.persistence.PersistenceException: Exception [EclipseLink-4002] (Eclipse Persistence Services - 2.5.2.v20140319-9ad6abd): org.eclipse.persistence.exceptions.DatabaseException
Internal Exception: java.sql.SQLNonTransientConnectionException: java.net.ConnectException: Error al conectarse al servidor localhost en el puerto 1.527 con el mensaje Connection refused: connect.
Error Code: 40000
	at org.eclipse.persistence.internal.jpa.EntityManagerSetupImpl.deploy(EntityManagerSetupImpl.java:766)
	at org.eclipse.persistence.internal.jpa.EntityManagerFactoryDelegate.getAbstractSession(EntityManagerFactoryDelegate.java:204)
	at org.eclipse.persistence.internal.jpa.EntityManagerFactoryDelegate.getDatabaseSession(EntityManagerFactoryDelegate.java:182)
	at org.eclipse.persistence.internal.jpa.EntityManagerFactoryImpl.getDatabaseSession(EntityManagerFactoryImpl.java:527)
	at org.eclipse.persistence.jpa.PersistenceProvider.createEntityManagerFactoryImpl(PersistenceProvider.java:140)
	at org.eclipse.persistence.jpa.PersistenceProvider.createEntityManagerFactory(PersistenceProvider.java:177)
	at javax.persistence.Persistence.createEntityManagerFactory(Persistence.java:79)
	at javax.persistence.Persistence.createEntityManagerFactory(Persistence.java:54)
	at Logica.Manejador.&lt;init&gt;(Manejador.java:31)
	at Logica.Manejador.getinstance(Manejador.java:125)
	at Logica.Controlador.getListaClientes(Controlador.java:44)
	at Logica.ControladorTest.testGetListaClientes(ControladorTest.java:102)
Caused by: Exception [EclipseLink-4002] (Eclipse Persistence Services - 2.5.2.v20140319-9ad6abd): org.eclipse.persistence.exceptions.DatabaseException
Internal Exception: java.sql.SQLNonTransientConnectionException: java.net.ConnectException: Error al conectarse al servidor localhost en el puerto 1.527 con el mensaje Connection refused: connect.
Error Code: 40000
	at org.eclipse.persistence.exceptions.DatabaseException.sqlException(DatabaseException.java:331)
	at org.eclipse.persistence.exceptions.DatabaseException.sqlException(DatabaseException.java:326)
	at org.eclipse.persistence.sessions.DefaultConnector.connect(DefaultConnector.java:138)
	at org.eclipse.persistence.sessions.DatasourceLogin.connectToDatasource(DatasourceLogin.java:162)
	at org.eclipse.persistence.internal.sessions.DatabaseSessionImpl.setOrDetectDatasource(DatabaseSessionImpl.java:204)
	at org.eclipse.persistence.internal.sessions.DatabaseSessionImpl.loginAndDetectDatasource(DatabaseSessionImpl.java:741)
	at org.eclipse.persistence.internal.jpa.EntityManagerFactoryProvider.login(EntityManagerFactoryProvider.java:239)
	at org.eclipse.persistence.internal.jpa.EntityManagerSetupImpl.deploy(EntityManagerSetupImpl.java:685)
Caused by: java.sql.SQLNonTransientConnectionException: java.net.ConnectException: Error al conectarse al servidor localhost en el puerto 1.527 con el mensaje Connection refused: connect.
	at org.apache.derby.client.am.SQLExceptionFactory.getSQLException(Unknown Source)
	at org.apache.derby.client.am.SqlException.getSQLException(Unknown Source)
	at org.apache.derby.jdbc.ClientDriver.connect(Unknown Source)
	at java.sql.DriverManager.getConnection(DriverManager.java:664)
	at java.sql.DriverManager.getConnection(DriverManager.java:208)
	at org.eclipse.persistence.sessions.DefaultConnector.connect(DefaultConnector.java:98)
Caused by: ERROR 08001: java.net.ConnectException: Error al conectarse al servidor localhost en el puerto 1.527 con el mensaje Connection refused: connect.
	at org.apache.derby.client.net.NetAgent.&lt;init&gt;(Unknown Source)
	at org.apache.derby.client.net.NetConnection.newAgent_(Unknown Source)
	at org.apache.derby.client.am.ClientConnection.&lt;init&gt;(Unknown Source)
	at org.apache.derby.client.net.NetConnection.&lt;init&gt;(Unknown Source)
	at org.apache.derby.client.net.ClientJDBCObjectFactoryImpl.newNetConnection(Unknown Source)
Caused by: java.net.ConnectException: Connection refused: connect
	at java.net.DualStackPlainSocketImpl.connect0(Native Method)
	at java.net.DualStackPlainSocketImpl.socketConnect(DualStackPlainSocketImpl.java:79)
	at java.net.AbstractPlainSocketImpl.doConnect(AbstractPlainSocketImpl.java:350)
	at java.net.AbstractPlainSocketImpl.connectToAddress(AbstractPlainSocketImpl.java:206)
	at java.net.AbstractPlainSocketImpl.connect(AbstractPlainSocketImpl.java:188)
	at java.net.PlainSocketImpl.connect(PlainSocketImpl.java:172)
	at java.net.SocksSocketImpl.connect(SocksSocketImpl.java:392)
	at java.net.Socket.connect(Socket.java:589)
	at java.net.Socket.connect(Socket.java:538)
	at java.net.Socket.&lt;init&gt;(Socket.java:434)
	at java.net.Socket.&lt;init&gt;(Socket.java:211)
	at javax.net.DefaultSocketFactory.createSocket(SocketFactory.java:271)
	at org.apache.derby.client.net.OpenSocketAction.run(Unknown Source)
	at org.apache.derby.client.net.OpenSocketAction.run(Unknown Source)
	at java.security.AccessController.doPrivileged(Native Method)
</error>
  </testcase>
  <testcase classname="Logica.ControladorTest" name="testGetGenero" time="2.054">
    <error message="Exception [EclipseLink-4002] (Eclipse Persistence Services - 2.5.2.v20140319-9ad6abd): org.eclipse.persistence.exceptions.DatabaseException&#xd;&#xa;Internal Exception: java.sql.SQLNonTransientConnectionException: java.net.ConnectException: Error al conectarse al servidor localhost en el puerto 1.527 con el mensaje Connection refused: connect.&#xd;&#xa;Error Code: 40000" type="javax.persistence.PersistenceException">javax.persistence.PersistenceException: Exception [EclipseLink-4002] (Eclipse Persistence Services - 2.5.2.v20140319-9ad6abd): org.eclipse.persistence.exceptions.DatabaseException
Internal Exception: java.sql.SQLNonTransientConnectionException: java.net.ConnectException: Error al conectarse al servidor localhost en el puerto 1.527 con el mensaje Connection refused: connect.
Error Code: 40000
	at org.eclipse.persistence.internal.jpa.EntityManagerSetupImpl.deploy(EntityManagerSetupImpl.java:766)
	at org.eclipse.persistence.internal.jpa.EntityManagerFactoryDelegate.getAbstractSession(EntityManagerFactoryDelegate.java:204)
	at org.eclipse.persistence.internal.jpa.EntityManagerFactoryDelegate.getDatabaseSession(EntityManagerFactoryDelegate.java:182)
	at org.eclipse.persistence.internal.jpa.EntityManagerFactoryImpl.getDatabaseSession(EntityManagerFactoryImpl.java:527)
	at org.eclipse.persistence.jpa.PersistenceProvider.createEntityManagerFactoryImpl(PersistenceProvider.java:140)
	at org.eclipse.persistence.jpa.PersistenceProvider.createEntityManagerFactory(PersistenceProvider.java:177)
	at javax.persistence.Persistence.createEntityManagerFactory(Persistence.java:79)
	at javax.persistence.Persistence.createEntityManagerFactory(Persistence.java:54)
	at Logica.Manejador.&lt;init&gt;(Manejador.java:31)
	at Logica.Manejador.getinstance(Manejador.java:125)
	at Logica.Controlador.GetGenero(Controlador.java:82)
	at Logica.ControladorTest.testGetGenero(ControladorTest.java:210)
Caused by: Exception [EclipseLink-4002] (Eclipse Persistence Services - 2.5.2.v20140319-9ad6abd): org.eclipse.persistence.exceptions.DatabaseException
Internal Exception: java.sql.SQLNonTransientConnectionException: java.net.ConnectException: Error al conectarse al servidor localhost en el puerto 1.527 con el mensaje Connection refused: connect.
Error Code: 40000
	at org.eclipse.persistence.exceptions.DatabaseException.sqlException(DatabaseException.java:331)
	at org.eclipse.persistence.exceptions.DatabaseException.sqlException(DatabaseException.java:326)
	at org.eclipse.persistence.sessions.DefaultConnector.connect(DefaultConnector.java:138)
	at org.eclipse.persistence.sessions.DatasourceLogin.connectToDatasource(DatasourceLogin.java:162)
	at org.eclipse.persistence.internal.sessions.DatabaseSessionImpl.setOrDetectDatasource(DatabaseSessionImpl.java:204)
	at org.eclipse.persistence.internal.sessions.DatabaseSessionImpl.loginAndDetectDatasource(DatabaseSessionImpl.java:741)
	at org.eclipse.persistence.internal.jpa.EntityManagerFactoryProvider.login(EntityManagerFactoryProvider.java:239)
	at org.eclipse.persistence.internal.jpa.EntityManagerSetupImpl.deploy(EntityManagerSetupImpl.java:685)
Caused by: java.sql.SQLNonTransientConnectionException: java.net.ConnectException: Error al conectarse al servidor localhost en el puerto 1.527 con el mensaje Connection refused: connect.
	at org.apache.derby.client.am.SQLExceptionFactory.getSQLException(Unknown Source)
	at org.apache.derby.client.am.SqlException.getSQLException(Unknown Source)
	at org.apache.derby.jdbc.ClientDriver.connect(Unknown Source)
	at java.sql.DriverManager.getConnection(DriverManager.java:664)
	at java.sql.DriverManager.getConnection(DriverManager.java:208)
	at org.eclipse.persistence.sessions.DefaultConnector.connect(DefaultConnector.java:98)
Caused by: ERROR 08001: java.net.ConnectException: Error al conectarse al servidor localhost en el puerto 1.527 con el mensaje Connection refused: connect.
	at org.apache.derby.client.net.NetAgent.&lt;init&gt;(Unknown Source)
	at org.apache.derby.client.net.NetConnection.newAgent_(Unknown Source)
	at org.apache.derby.client.am.ClientConnection.&lt;init&gt;(Unknown Source)
	at org.apache.derby.client.net.NetConnection.&lt;init&gt;(Unknown Source)
	at org.apache.derby.client.net.ClientJDBCObjectFactoryImpl.newNetConnection(Unknown Source)
Caused by: java.net.ConnectException: Connection refused: connect
	at java.net.DualStackPlainSocketImpl.connect0(Native Method)
	at java.net.DualStackPlainSocketImpl.socketConnect(DualStackPlainSocketImpl.java:79)
	at java.net.AbstractPlainSocketImpl.doConnect(AbstractPlainSocketImpl.java:350)
	at java.net.AbstractPlainSocketImpl.connectToAddress(AbstractPlainSocketImpl.java:206)
	at java.net.AbstractPlainSocketImpl.connect(AbstractPlainSocketImpl.java:188)
	at java.net.PlainSocketImpl.connect(PlainSocketImpl.java:172)
	at java.net.SocksSocketImpl.connect(SocksSocketImpl.java:392)
	at java.net.Socket.connect(Socket.java:589)
	at java.net.Socket.connect(Socket.java:538)
	at java.net.Socket.&lt;init&gt;(Socket.java:434)
	at java.net.Socket.&lt;init&gt;(Socket.java:211)
	at javax.net.DefaultSocketFactory.createSocket(SocketFactory.java:271)
	at org.apache.derby.client.net.OpenSocketAction.run(Unknown Source)
	at org.apache.derby.client.net.OpenSocketAction.run(Unknown Source)
	at java.security.AccessController.doPrivileged(Native Method)
</error>
  </testcase>
  <testcase classname="Logica.ControladorTest" name="testCreateTemporalGenres" time="2.087">
    <error message="Exception [EclipseLink-4002] (Eclipse Persistence Services - 2.5.2.v20140319-9ad6abd): org.eclipse.persistence.exceptions.DatabaseException&#xd;&#xa;Internal Exception: java.sql.SQLNonTransientConnectionException: java.net.ConnectException: Error al conectarse al servidor localhost en el puerto 1.527 con el mensaje Connection refused: connect.&#xd;&#xa;Error Code: 40000" type="javax.persistence.PersistenceException">javax.persistence.PersistenceException: Exception [EclipseLink-4002] (Eclipse Persistence Services - 2.5.2.v20140319-9ad6abd): org.eclipse.persistence.exceptions.DatabaseException
Internal Exception: java.sql.SQLNonTransientConnectionException: java.net.ConnectException: Error al conectarse al servidor localhost en el puerto 1.527 con el mensaje Connection refused: connect.
Error Code: 40000
	at org.eclipse.persistence.internal.jpa.EntityManagerSetupImpl.deploy(EntityManagerSetupImpl.java:766)
	at org.eclipse.persistence.internal.jpa.EntityManagerFactoryDelegate.getAbstractSession(EntityManagerFactoryDelegate.java:204)
	at org.eclipse.persistence.internal.jpa.EntityManagerFactoryDelegate.getDatabaseSession(EntityManagerFactoryDelegate.java:182)
	at org.eclipse.persistence.internal.jpa.EntityManagerFactoryImpl.getDatabaseSession(EntityManagerFactoryImpl.java:527)
	at org.eclipse.persistence.jpa.PersistenceProvider.createEntityManagerFactoryImpl(PersistenceProvider.java:140)
	at org.eclipse.persistence.jpa.PersistenceProvider.createEntityManagerFactory(PersistenceProvider.java:177)
	at javax.persistence.Persistence.createEntityManagerFactory(Persistence.java:79)
	at javax.persistence.Persistence.createEntityManagerFactory(Persistence.java:54)
	at Logica.Manejador.&lt;init&gt;(Manejador.java:31)
	at Logica.Manejador.getinstance(Manejador.java:125)
	at Logica.Controlador.createTemporalGenres(Controlador.java:418)
	at Logica.ControladorTest.testCreateTemporalGenres(ControladorTest.java:902)
Caused by: Exception [EclipseLink-4002] (Eclipse Persistence Services - 2.5.2.v20140319-9ad6abd): org.eclipse.persistence.exceptions.DatabaseException
Internal Exception: java.sql.SQLNonTransientConnectionException: java.net.ConnectException: Error al conectarse al servidor localhost en el puerto 1.527 con el mensaje Connection refused: connect.
Error Code: 40000
	at org.eclipse.persistence.exceptions.DatabaseException.sqlException(DatabaseException.java:331)
	at org.eclipse.persistence.exceptions.DatabaseException.sqlException(DatabaseException.java:326)
	at org.eclipse.persistence.sessions.DefaultConnector.connect(DefaultConnector.java:138)
	at org.eclipse.persistence.sessions.DatasourceLogin.connectToDatasource(DatasourceLogin.java:162)
	at org.eclipse.persistence.internal.sessions.DatabaseSessionImpl.setOrDetectDatasource(DatabaseSessionImpl.java:204)
	at org.eclipse.persistence.internal.sessions.DatabaseSessionImpl.loginAndDetectDatasource(DatabaseSessionImpl.java:741)
	at org.eclipse.persistence.internal.jpa.EntityManagerFactoryProvider.login(EntityManagerFactoryProvider.java:239)
	at org.eclipse.persistence.internal.jpa.EntityManagerSetupImpl.deploy(EntityManagerSetupImpl.java:685)
Caused by: java.sql.SQLNonTransientConnectionException: java.net.ConnectException: Error al conectarse al servidor localhost en el puerto 1.527 con el mensaje Connection refused: connect.
	at org.apache.derby.client.am.SQLExceptionFactory.getSQLException(Unknown Source)
	at org.apache.derby.client.am.SqlException.getSQLException(Unknown Source)
	at org.apache.derby.jdbc.ClientDriver.connect(Unknown Source)
	at java.sql.DriverManager.getConnection(DriverManager.java:664)
	at java.sql.DriverManager.getConnection(DriverManager.java:208)
	at org.eclipse.persistence.sessions.DefaultConnector.connect(DefaultConnector.java:98)
Caused by: ERROR 08001: java.net.ConnectException: Error al conectarse al servidor localhost en el puerto 1.527 con el mensaje Connection refused: connect.
	at org.apache.derby.client.net.NetAgent.&lt;init&gt;(Unknown Source)
	at org.apache.derby.client.net.NetConnection.newAgent_(Unknown Source)
	at org.apache.derby.client.am.ClientConnection.&lt;init&gt;(Unknown Source)
	at org.apache.derby.client.net.NetConnection.&lt;init&gt;(Unknown Source)
	at org.apache.derby.client.net.ClientJDBCObjectFactoryImpl.newNetConnection(Unknown Source)
Caused by: java.net.ConnectException: Connection refused: connect
	at java.net.DualStackPlainSocketImpl.connect0(Native Method)
	at java.net.DualStackPlainSocketImpl.socketConnect(DualStackPlainSocketImpl.java:79)
	at java.net.AbstractPlainSocketImpl.doConnect(AbstractPlainSocketImpl.java:350)
	at java.net.AbstractPlainSocketImpl.connectToAddress(AbstractPlainSocketImpl.java:206)
	at java.net.AbstractPlainSocketImpl.connect(AbstractPlainSocketImpl.java:188)
	at java.net.PlainSocketImpl.connect(PlainSocketImpl.java:172)
	at java.net.SocksSocketImpl.connect(SocksSocketImpl.java:392)
	at java.net.Socket.connect(Socket.java:589)
	at java.net.Socket.connect(Socket.java:538)
	at java.net.Socket.&lt;init&gt;(Socket.java:434)
	at java.net.Socket.&lt;init&gt;(Socket.java:211)
	at javax.net.DefaultSocketFactory.createSocket(SocketFactory.java:271)
	at org.apache.derby.client.net.OpenSocketAction.run(Unknown Source)
	at org.apache.derby.client.net.OpenSocketAction.run(Unknown Source)
	at java.security.AccessController.doPrivileged(Native Method)
</error>
  </testcase>
  <testcase classname="Logica.ControladorTest" name="testGetGeneroPorNombre2" time="2.176">
    <error message="Exception [EclipseLink-4002] (Eclipse Persistence Services - 2.5.2.v20140319-9ad6abd): org.eclipse.persistence.exceptions.DatabaseException&#xd;&#xa;Internal Exception: java.sql.SQLNonTransientConnectionException: java.net.ConnectException: Error al conectarse al servidor localhost en el puerto 1.527 con el mensaje Connection refused: connect.&#xd;&#xa;Error Code: 40000" type="javax.persistence.PersistenceException">javax.persistence.PersistenceException: Exception [EclipseLink-4002] (Eclipse Persistence Services - 2.5.2.v20140319-9ad6abd): org.eclipse.persistence.exceptions.DatabaseException
Internal Exception: java.sql.SQLNonTransientConnectionException: java.net.ConnectException: Error al conectarse al servidor localhost en el puerto 1.527 con el mensaje Connection refused: connect.
Error Code: 40000
	at org.eclipse.persistence.internal.jpa.EntityManagerSetupImpl.deploy(EntityManagerSetupImpl.java:766)
	at org.eclipse.persistence.internal.jpa.EntityManagerFactoryDelegate.getAbstractSession(EntityManagerFactoryDelegate.java:204)
	at org.eclipse.persistence.internal.jpa.EntityManagerFactoryDelegate.getDatabaseSession(EntityManagerFactoryDelegate.java:182)
	at org.eclipse.persistence.internal.jpa.EntityManagerFactoryImpl.getDatabaseSession(EntityManagerFactoryImpl.java:527)
	at org.eclipse.persistence.jpa.PersistenceProvider.createEntityManagerFactoryImpl(PersistenceProvider.java:140)
	at org.eclipse.persistence.jpa.PersistenceProvider.createEntityManagerFactory(PersistenceProvider.java:177)
	at javax.persistence.Persistence.createEntityManagerFactory(Persistence.java:79)
	at javax.persistence.Persistence.createEntityManagerFactory(Persistence.java:54)
	at Logica.Manejador.&lt;init&gt;(Manejador.java:31)
	at Logica.Manejador.getinstance(Manejador.java:125)
	at Logica.Controlador.getGeneroPorNombre(Controlador.java:88)
	at Logica.ControladorTest.testGetGeneroPorNombre2(ControladorTest.java:232)
Caused by: Exception [EclipseLink-4002] (Eclipse Persistence Services - 2.5.2.v20140319-9ad6abd): org.eclipse.persistence.exceptions.DatabaseException
Internal Exception: java.sql.SQLNonTransientConnectionException: java.net.ConnectException: Error al conectarse al servidor localhost en el puerto 1.527 con el mensaje Connection refused: connect.
Error Code: 40000
	at org.eclipse.persistence.exceptions.DatabaseException.sqlException(DatabaseException.java:331)
	at org.eclipse.persistence.exceptions.DatabaseException.sqlException(DatabaseException.java:326)
	at org.eclipse.persistence.sessions.DefaultConnector.connect(DefaultConnector.java:138)
	at org.eclipse.persistence.sessions.DatasourceLogin.connectToDatasource(DatasourceLogin.java:162)
	at org.eclipse.persistence.internal.sessions.DatabaseSessionImpl.setOrDetectDatasource(DatabaseSessionImpl.java:204)
	at org.eclipse.persistence.internal.sessions.DatabaseSessionImpl.loginAndDetectDatasource(DatabaseSessionImpl.java:741)
	at org.eclipse.persistence.internal.jpa.EntityManagerFactoryProvider.login(EntityManagerFactoryProvider.java:239)
	at org.eclipse.persistence.internal.jpa.EntityManagerSetupImpl.deploy(EntityManagerSetupImpl.java:685)
Caused by: java.sql.SQLNonTransientConnectionException: java.net.ConnectException: Error al conectarse al servidor localhost en el puerto 1.527 con el mensaje Connection refused: connect.
	at org.apache.derby.client.am.SQLExceptionFactory.getSQLException(Unknown Source)
	at org.apache.derby.client.am.SqlException.getSQLException(Unknown Source)
	at org.apache.derby.jdbc.ClientDriver.connect(Unknown Source)
	at java.sql.DriverManager.getConnection(DriverManager.java:664)
	at java.sql.DriverManager.getConnection(DriverManager.java:208)
	at org.eclipse.persistence.sessions.DefaultConnector.connect(DefaultConnector.java:98)
Caused by: ERROR 08001: java.net.ConnectException: Error al conectarse al servidor localhost en el puerto 1.527 con el mensaje Connection refused: connect.
	at org.apache.derby.client.net.NetAgent.&lt;init&gt;(Unknown Source)
	at org.apache.derby.client.net.NetConnection.newAgent_(Unknown Source)
	at org.apache.derby.client.am.ClientConnection.&lt;init&gt;(Unknown Source)
	at org.apache.derby.client.net.NetConnection.&lt;init&gt;(Unknown Source)
	at org.apache.derby.client.net.ClientJDBCObjectFactoryImpl.newNetConnection(Unknown Source)
Caused by: java.net.ConnectException: Connection refused: connect
	at java.net.DualStackPlainSocketImpl.connect0(Native Method)
	at java.net.DualStackPlainSocketImpl.socketConnect(DualStackPlainSocketImpl.java:79)
	at java.net.AbstractPlainSocketImpl.doConnect(AbstractPlainSocketImpl.java:350)
	at java.net.AbstractPlainSocketImpl.connectToAddress(AbstractPlainSocketImpl.java:206)
	at java.net.AbstractPlainSocketImpl.connect(AbstractPlainSocketImpl.java:188)
	at java.net.PlainSocketImpl.connect(PlainSocketImpl.java:172)
	at java.net.SocksSocketImpl.connect(SocksSocketImpl.java:392)
	at java.net.Socket.connect(Socket.java:589)
	at java.net.Socket.connect(Socket.java:538)
	at java.net.Socket.&lt;init&gt;(Socket.java:434)
	at java.net.Socket.&lt;init&gt;(Socket.java:211)
	at javax.net.DefaultSocketFactory.createSocket(SocketFactory.java:271)
	at org.apache.derby.client.net.OpenSocketAction.run(Unknown Source)
	at org.apache.derby.client.net.OpenSocketAction.run(Unknown Source)
	at java.security.AccessController.doPrivileged(Native Method)
</error>
  </testcase>
  <testcase classname="Logica.ControladorTest" name="testGetTemporalGenres" time="2.04">
    <error message="Exception [EclipseLink-4002] (Eclipse Persistence Services - 2.5.2.v20140319-9ad6abd): org.eclipse.persistence.exceptions.DatabaseException&#xd;&#xa;Internal Exception: java.sql.SQLNonTransientConnectionException: java.net.ConnectException: Error al conectarse al servidor localhost en el puerto 1.527 con el mensaje Connection refused: connect.&#xd;&#xa;Error Code: 40000" type="javax.persistence.PersistenceException">javax.persistence.PersistenceException: Exception [EclipseLink-4002] (Eclipse Persistence Services - 2.5.2.v20140319-9ad6abd): org.eclipse.persistence.exceptions.DatabaseException
Internal Exception: java.sql.SQLNonTransientConnectionException: java.net.ConnectException: Error al conectarse al servidor localhost en el puerto 1.527 con el mensaje Connection refused: connect.
Error Code: 40000
	at org.eclipse.persistence.internal.jpa.EntityManagerSetupImpl.deploy(EntityManagerSetupImpl.java:766)
	at org.eclipse.persistence.internal.jpa.EntityManagerFactoryDelegate.getAbstractSession(EntityManagerFactoryDelegate.java:204)
	at org.eclipse.persistence.internal.jpa.EntityManagerFactoryDelegate.getDatabaseSession(EntityManagerFactoryDelegate.java:182)
	at org.eclipse.persistence.internal.jpa.EntityManagerFactoryImpl.getDatabaseSession(EntityManagerFactoryImpl.java:527)
	at org.eclipse.persistence.jpa.PersistenceProvider.createEntityManagerFactoryImpl(PersistenceProvider.java:140)
	at org.eclipse.persistence.jpa.PersistenceProvider.createEntityManagerFactory(PersistenceProvider.java:177)
	at javax.persistence.Persistence.createEntityManagerFactory(Persistence.java:79)
	at javax.persistence.Persistence.createEntityManagerFactory(Persistence.java:54)
	at Logica.Manejador.&lt;init&gt;(Manejador.java:31)
	at Logica.Manejador.getinstance(Manejador.java:125)
	at Logica.Controlador.getTemporalGenres(Controlador.java:436)
	at Logica.ControladorTest.testGetTemporalGenres(ControladorTest.java:940)
Caused by: Exception [EclipseLink-4002] (Eclipse Persistence Services - 2.5.2.v20140319-9ad6abd): org.eclipse.persistence.exceptions.DatabaseException
Internal Exception: java.sql.SQLNonTransientConnectionException: java.net.ConnectException: Error al conectarse al servidor localhost en el puerto 1.527 con el mensaje Connection refused: connect.
Error Code: 40000
	at org.eclipse.persistence.exceptions.DatabaseException.sqlException(DatabaseException.java:331)
	at org.eclipse.persistence.exceptions.DatabaseException.sqlException(DatabaseException.java:326)
	at org.eclipse.persistence.sessions.DefaultConnector.connect(DefaultConnector.java:138)
	at org.eclipse.persistence.sessions.DatasourceLogin.connectToDatasource(DatasourceLogin.java:162)
	at org.eclipse.persistence.internal.sessions.DatabaseSessionImpl.setOrDetectDatasource(DatabaseSessionImpl.java:204)
	at org.eclipse.persistence.internal.sessions.DatabaseSessionImpl.loginAndDetectDatasource(DatabaseSessionImpl.java:741)
	at org.eclipse.persistence.internal.jpa.EntityManagerFactoryProvider.login(EntityManagerFactoryProvider.java:239)
	at org.eclipse.persistence.internal.jpa.EntityManagerSetupImpl.deploy(EntityManagerSetupImpl.java:685)
Caused by: java.sql.SQLNonTransientConnectionException: java.net.ConnectException: Error al conectarse al servidor localhost en el puerto 1.527 con el mensaje Connection refused: connect.
	at org.apache.derby.client.am.SQLExceptionFactory.getSQLException(Unknown Source)
	at org.apache.derby.client.am.SqlException.getSQLException(Unknown Source)
	at org.apache.derby.jdbc.ClientDriver.connect(Unknown Source)
	at java.sql.DriverManager.getConnection(DriverManager.java:664)
	at java.sql.DriverManager.getConnection(DriverManager.java:208)
	at org.eclipse.persistence.sessions.DefaultConnector.connect(DefaultConnector.java:98)
Caused by: ERROR 08001: java.net.ConnectException: Error al conectarse al servidor localhost en el puerto 1.527 con el mensaje Connection refused: connect.
	at org.apache.derby.client.net.NetAgent.&lt;init&gt;(Unknown Source)
	at org.apache.derby.client.net.NetConnection.newAgent_(Unknown Source)
	at org.apache.derby.client.am.ClientConnection.&lt;init&gt;(Unknown Source)
	at org.apache.derby.client.net.NetConnection.&lt;init&gt;(Unknown Source)
	at org.apache.derby.client.net.ClientJDBCObjectFactoryImpl.newNetConnection(Unknown Source)
Caused by: java.net.ConnectException: Connection refused: connect
	at java.net.DualStackPlainSocketImpl.connect0(Native Method)
	at java.net.DualStackPlainSocketImpl.socketConnect(DualStackPlainSocketImpl.java:79)
	at java.net.AbstractPlainSocketImpl.doConnect(AbstractPlainSocketImpl.java:350)
	at java.net.AbstractPlainSocketImpl.connectToAddress(AbstractPlainSocketImpl.java:206)
	at java.net.AbstractPlainSocketImpl.connect(AbstractPlainSocketImpl.java:188)
	at java.net.PlainSocketImpl.connect(PlainSocketImpl.java:172)
	at java.net.SocksSocketImpl.connect(SocksSocketImpl.java:392)
	at java.net.Socket.connect(Socket.java:589)
	at java.net.Socket.connect(Socket.java:538)
	at java.net.Socket.&lt;init&gt;(Socket.java:434)
	at java.net.Socket.&lt;init&gt;(Socket.java:211)
	at javax.net.DefaultSocketFactory.createSocket(SocketFactory.java:271)
	at org.apache.derby.client.net.OpenSocketAction.run(Unknown Source)
	at org.apache.derby.client.net.OpenSocketAction.run(Unknown Source)
	at java.security.AccessController.doPrivileged(Native Method)
</error>
  </testcase>
  <testcase classname="Logica.ControladorTest" name="testAddTemporalAlbum" time="2.077">
    <error message="Exception [EclipseLink-4002] (Eclipse Persistence Services - 2.5.2.v20140319-9ad6abd): org.eclipse.persistence.exceptions.DatabaseException&#xd;&#xa;Internal Exception: java.sql.SQLNonTransientConnectionException: java.net.ConnectException: Error al conectarse al servidor localhost en el puerto 1.527 con el mensaje Connection refused: connect.&#xd;&#xa;Error Code: 40000" type="javax.persistence.PersistenceException">javax.persistence.PersistenceException: Exception [EclipseLink-4002] (Eclipse Persistence Services - 2.5.2.v20140319-9ad6abd): org.eclipse.persistence.exceptions.DatabaseException
Internal Exception: java.sql.SQLNonTransientConnectionException: java.net.ConnectException: Error al conectarse al servidor localhost en el puerto 1.527 con el mensaje Connection refused: connect.
Error Code: 40000
	at org.eclipse.persistence.internal.jpa.EntityManagerSetupImpl.deploy(EntityManagerSetupImpl.java:766)
	at org.eclipse.persistence.internal.jpa.EntityManagerFactoryDelegate.getAbstractSession(EntityManagerFactoryDelegate.java:204)
	at org.eclipse.persistence.internal.jpa.EntityManagerFactoryDelegate.getDatabaseSession(EntityManagerFactoryDelegate.java:182)
	at org.eclipse.persistence.internal.jpa.EntityManagerFactoryImpl.getDatabaseSession(EntityManagerFactoryImpl.java:527)
	at org.eclipse.persistence.jpa.PersistenceProvider.createEntityManagerFactoryImpl(PersistenceProvider.java:140)
	at org.eclipse.persistence.jpa.PersistenceProvider.createEntityManagerFactory(PersistenceProvider.java:177)
	at javax.persistence.Persistence.createEntityManagerFactory(Persistence.java:79)
	at javax.persistence.Persistence.createEntityManagerFactory(Persistence.java:54)
	at Logica.Manejador.&lt;init&gt;(Manejador.java:31)
	at Logica.Manejador.getinstance(Manejador.java:125)
	at Logica.Controlador.addTemporalAlbum(Controlador.java:412)
	at Logica.ControladorTest.testAddTemporalAlbum(ControladorTest.java:890)
Caused by: Exception [EclipseLink-4002] (Eclipse Persistence Services - 2.5.2.v20140319-9ad6abd): org.eclipse.persistence.exceptions.DatabaseException
Internal Exception: java.sql.SQLNonTransientConnectionException: java.net.ConnectException: Error al conectarse al servidor localhost en el puerto 1.527 con el mensaje Connection refused: connect.
Error Code: 40000
	at org.eclipse.persistence.exceptions.DatabaseException.sqlException(DatabaseException.java:331)
	at org.eclipse.persistence.exceptions.DatabaseException.sqlException(DatabaseException.java:326)
	at org.eclipse.persistence.sessions.DefaultConnector.connect(DefaultConnector.java:138)
	at org.eclipse.persistence.sessions.DatasourceLogin.connectToDatasource(DatasourceLogin.java:162)
	at org.eclipse.persistence.internal.sessions.DatabaseSessionImpl.setOrDetectDatasource(DatabaseSessionImpl.java:204)
	at org.eclipse.persistence.internal.sessions.DatabaseSessionImpl.loginAndDetectDatasource(DatabaseSessionImpl.java:741)
	at org.eclipse.persistence.internal.jpa.EntityManagerFactoryProvider.login(EntityManagerFactoryProvider.java:239)
	at org.eclipse.persistence.internal.jpa.EntityManagerSetupImpl.deploy(EntityManagerSetupImpl.java:685)
Caused by: java.sql.SQLNonTransientConnectionException: java.net.ConnectException: Error al conectarse al servidor localhost en el puerto 1.527 con el mensaje Connection refused: connect.
	at org.apache.derby.client.am.SQLExceptionFactory.getSQLException(Unknown Source)
	at org.apache.derby.client.am.SqlException.getSQLException(Unknown Source)
	at org.apache.derby.jdbc.ClientDriver.connect(Unknown Source)
	at java.sql.DriverManager.getConnection(DriverManager.java:664)
	at java.sql.DriverManager.getConnection(DriverManager.java:208)
	at org.eclipse.persistence.sessions.DefaultConnector.connect(DefaultConnector.java:98)
Caused by: ERROR 08001: java.net.ConnectException: Error al conectarse al servidor localhost en el puerto 1.527 con el mensaje Connection refused: connect.
	at org.apache.derby.client.net.NetAgent.&lt;init&gt;(Unknown Source)
	at org.apache.derby.client.net.NetConnection.newAgent_(Unknown Source)
	at org.apache.derby.client.am.ClientConnection.&lt;init&gt;(Unknown Source)
	at org.apache.derby.client.net.NetConnection.&lt;init&gt;(Unknown Source)
	at org.apache.derby.client.net.ClientJDBCObjectFactoryImpl.newNetConnection(Unknown Source)
Caused by: java.net.ConnectException: Connection refused: connect
	at java.net.DualStackPlainSocketImpl.connect0(Native Method)
	at java.net.DualStackPlainSocketImpl.socketConnect(DualStackPlainSocketImpl.java:79)
	at java.net.AbstractPlainSocketImpl.doConnect(AbstractPlainSocketImpl.java:350)
	at java.net.AbstractPlainSocketImpl.connectToAddress(AbstractPlainSocketImpl.java:206)
	at java.net.AbstractPlainSocketImpl.connect(AbstractPlainSocketImpl.java:188)
	at java.net.PlainSocketImpl.connect(PlainSocketImpl.java:172)
	at java.net.SocksSocketImpl.connect(SocksSocketImpl.java:392)
	at java.net.Socket.connect(Socket.java:589)
	at java.net.Socket.connect(Socket.java:538)
	at java.net.Socket.&lt;init&gt;(Socket.java:434)
	at java.net.Socket.&lt;init&gt;(Socket.java:211)
	at javax.net.DefaultSocketFactory.createSocket(SocketFactory.java:271)
	at org.apache.derby.client.net.OpenSocketAction.run(Unknown Source)
	at org.apache.derby.client.net.OpenSocketAction.run(Unknown Source)
	at java.security.AccessController.doPrivileged(Native Method)
</error>
  </testcase>
  <testcase classname="Logica.ControladorTest" name="testMailLibre1" time="2.048">
    <error message="Exception [EclipseLink-4002] (Eclipse Persistence Services - 2.5.2.v20140319-9ad6abd): org.eclipse.persistence.exceptions.DatabaseException&#xd;&#xa;Internal Exception: java.sql.SQLNonTransientConnectionException: java.net.ConnectException: Error al conectarse al servidor localhost en el puerto 1.527 con el mensaje Connection refused: connect.&#xd;&#xa;Error Code: 40000" type="javax.persistence.PersistenceException">javax.persistence.PersistenceException: Exception [EclipseLink-4002] (Eclipse Persistence Services - 2.5.2.v20140319-9ad6abd): org.eclipse.persistence.exceptions.DatabaseException
Internal Exception: java.sql.SQLNonTransientConnectionException: java.net.ConnectException: Error al conectarse al servidor localhost en el puerto 1.527 con el mensaje Connection refused: connect.
Error Code: 40000
	at org.eclipse.persistence.internal.jpa.EntityManagerSetupImpl.deploy(EntityManagerSetupImpl.java:766)
	at org.eclipse.persistence.internal.jpa.EntityManagerFactoryDelegate.getAbstractSession(EntityManagerFactoryDelegate.java:204)
	at org.eclipse.persistence.internal.jpa.EntityManagerFactoryDelegate.getDatabaseSession(EntityManagerFactoryDelegate.java:182)
	at org.eclipse.persistence.internal.jpa.EntityManagerFactoryImpl.getDatabaseSession(EntityManagerFactoryImpl.java:527)
	at org.eclipse.persistence.jpa.PersistenceProvider.createEntityManagerFactoryImpl(PersistenceProvider.java:140)
	at org.eclipse.persistence.jpa.PersistenceProvider.createEntityManagerFactory(PersistenceProvider.java:177)
	at javax.persistence.Persistence.createEntityManagerFactory(Persistence.java:79)
	at javax.persistence.Persistence.createEntityManagerFactory(Persistence.java:54)
	at Logica.Manejador.&lt;init&gt;(Manejador.java:31)
	at Logica.Manejador.getinstance(Manejador.java:125)
	at Logica.Controlador.registrarCliente(Controlador.java:25)
	at Logica.ControladorTest.testMailLibre1(ControladorTest.java:343)
Caused by: Exception [EclipseLink-4002] (Eclipse Persistence Services - 2.5.2.v20140319-9ad6abd): org.eclipse.persistence.exceptions.DatabaseException
Internal Exception: java.sql.SQLNonTransientConnectionException: java.net.ConnectException: Error al conectarse al servidor localhost en el puerto 1.527 con el mensaje Connection refused: connect.
Error Code: 40000
	at org.eclipse.persistence.exceptions.DatabaseException.sqlException(DatabaseException.java:331)
	at org.eclipse.persistence.exceptions.DatabaseException.sqlException(DatabaseException.java:326)
	at org.eclipse.persistence.sessions.DefaultConnector.connect(DefaultConnector.java:138)
	at org.eclipse.persistence.sessions.DatasourceLogin.connectToDatasource(DatasourceLogin.java:162)
	at org.eclipse.persistence.internal.sessions.DatabaseSessionImpl.setOrDetectDatasource(DatabaseSessionImpl.java:204)
	at org.eclipse.persistence.internal.sessions.DatabaseSessionImpl.loginAndDetectDatasource(DatabaseSessionImpl.java:741)
	at org.eclipse.persistence.internal.jpa.EntityManagerFactoryProvider.login(EntityManagerFactoryProvider.java:239)
	at org.eclipse.persistence.internal.jpa.EntityManagerSetupImpl.deploy(EntityManagerSetupImpl.java:685)
Caused by: java.sql.SQLNonTransientConnectionException: java.net.ConnectException: Error al conectarse al servidor localhost en el puerto 1.527 con el mensaje Connection refused: connect.
	at org.apache.derby.client.am.SQLExceptionFactory.getSQLException(Unknown Source)
	at org.apache.derby.client.am.SqlException.getSQLException(Unknown Source)
	at org.apache.derby.jdbc.ClientDriver.connect(Unknown Source)
	at java.sql.DriverManager.getConnection(DriverManager.java:664)
	at java.sql.DriverManager.getConnection(DriverManager.java:208)
	at org.eclipse.persistence.sessions.DefaultConnector.connect(DefaultConnector.java:98)
Caused by: ERROR 08001: java.net.ConnectException: Error al conectarse al servidor localhost en el puerto 1.527 con el mensaje Connection refused: connect.
	at org.apache.derby.client.net.NetAgent.&lt;init&gt;(Unknown Source)
	at org.apache.derby.client.net.NetConnection.newAgent_(Unknown Source)
	at org.apache.derby.client.am.ClientConnection.&lt;init&gt;(Unknown Source)
	at org.apache.derby.client.net.NetConnection.&lt;init&gt;(Unknown Source)
	at org.apache.derby.client.net.ClientJDBCObjectFactoryImpl.newNetConnection(Unknown Source)
Caused by: java.net.ConnectException: Connection refused: connect
	at java.net.DualStackPlainSocketImpl.connect0(Native Method)
	at java.net.DualStackPlainSocketImpl.socketConnect(DualStackPlainSocketImpl.java:79)
	at java.net.AbstractPlainSocketImpl.doConnect(AbstractPlainSocketImpl.java:350)
	at java.net.AbstractPlainSocketImpl.connectToAddress(AbstractPlainSocketImpl.java:206)
	at java.net.AbstractPlainSocketImpl.connect(AbstractPlainSocketImpl.java:188)
	at java.net.PlainSocketImpl.connect(PlainSocketImpl.java:172)
	at java.net.SocksSocketImpl.connect(SocksSocketImpl.java:392)
	at java.net.Socket.connect(Socket.java:589)
	at java.net.Socket.connect(Socket.java:538)
	at java.net.Socket.&lt;init&gt;(Socket.java:434)
	at java.net.Socket.&lt;init&gt;(Socket.java:211)
	at javax.net.DefaultSocketFactory.createSocket(SocketFactory.java:271)
	at org.apache.derby.client.net.OpenSocketAction.run(Unknown Source)
	at org.apache.derby.client.net.OpenSocketAction.run(Unknown Source)
	at java.security.AccessController.doPrivileged(Native Method)
</error>
  </testcase>
  <testcase classname="Logica.ControladorTest" name="testMailLibre2" time="2.083">
    <error message="Exception [EclipseLink-4002] (Eclipse Persistence Services - 2.5.2.v20140319-9ad6abd): org.eclipse.persistence.exceptions.DatabaseException&#xd;&#xa;Internal Exception: java.sql.SQLNonTransientConnectionException: java.net.ConnectException: Error al conectarse al servidor localhost en el puerto 1.527 con el mensaje Connection refused: connect.&#xd;&#xa;Error Code: 40000" type="javax.persistence.PersistenceException">javax.persistence.PersistenceException: Exception [EclipseLink-4002] (Eclipse Persistence Services - 2.5.2.v20140319-9ad6abd): org.eclipse.persistence.exceptions.DatabaseException
Internal Exception: java.sql.SQLNonTransientConnectionException: java.net.ConnectException: Error al conectarse al servidor localhost en el puerto 1.527 con el mensaje Connection refused: connect.
Error Code: 40000
	at org.eclipse.persistence.internal.jpa.EntityManagerSetupImpl.deploy(EntityManagerSetupImpl.java:766)
	at org.eclipse.persistence.internal.jpa.EntityManagerFactoryDelegate.getAbstractSession(EntityManagerFactoryDelegate.java:204)
	at org.eclipse.persistence.internal.jpa.EntityManagerFactoryDelegate.getDatabaseSession(EntityManagerFactoryDelegate.java:182)
	at org.eclipse.persistence.internal.jpa.EntityManagerFactoryImpl.getDatabaseSession(EntityManagerFactoryImpl.java:527)
	at org.eclipse.persistence.jpa.PersistenceProvider.createEntityManagerFactoryImpl(PersistenceProvider.java:140)
	at org.eclipse.persistence.jpa.PersistenceProvider.createEntityManagerFactory(PersistenceProvider.java:177)
	at javax.persistence.Persistence.createEntityManagerFactory(Persistence.java:79)
	at javax.persistence.Persistence.createEntityManagerFactory(Persistence.java:54)
	at Logica.Manejador.&lt;init&gt;(Manejador.java:31)
	at Logica.Manejador.getinstance(Manejador.java:125)
	at Logica.Controlador.mailLibre(Controlador.java:122)
	at Logica.ControladorTest.testMailLibre2(ControladorTest.java:354)
Caused by: Exception [EclipseLink-4002] (Eclipse Persistence Services - 2.5.2.v20140319-9ad6abd): org.eclipse.persistence.exceptions.DatabaseException
Internal Exception: java.sql.SQLNonTransientConnectionException: java.net.ConnectException: Error al conectarse al servidor localhost en el puerto 1.527 con el mensaje Connection refused: connect.
Error Code: 40000
	at org.eclipse.persistence.exceptions.DatabaseException.sqlException(DatabaseException.java:331)
	at org.eclipse.persistence.exceptions.DatabaseException.sqlException(DatabaseException.java:326)
	at org.eclipse.persistence.sessions.DefaultConnector.connect(DefaultConnector.java:138)
	at org.eclipse.persistence.sessions.DatasourceLogin.connectToDatasource(DatasourceLogin.java:162)
	at org.eclipse.persistence.internal.sessions.DatabaseSessionImpl.setOrDetectDatasource(DatabaseSessionImpl.java:204)
	at org.eclipse.persistence.internal.sessions.DatabaseSessionImpl.loginAndDetectDatasource(DatabaseSessionImpl.java:741)
	at org.eclipse.persistence.internal.jpa.EntityManagerFactoryProvider.login(EntityManagerFactoryProvider.java:239)
	at org.eclipse.persistence.internal.jpa.EntityManagerSetupImpl.deploy(EntityManagerSetupImpl.java:685)
Caused by: java.sql.SQLNonTransientConnectionException: java.net.ConnectException: Error al conectarse al servidor localhost en el puerto 1.527 con el mensaje Connection refused: connect.
	at org.apache.derby.client.am.SQLExceptionFactory.getSQLException(Unknown Source)
	at org.apache.derby.client.am.SqlException.getSQLException(Unknown Source)
	at org.apache.derby.jdbc.ClientDriver.connect(Unknown Source)
	at java.sql.DriverManager.getConnection(DriverManager.java:664)
	at java.sql.DriverManager.getConnection(DriverManager.java:208)
	at org.eclipse.persistence.sessions.DefaultConnector.connect(DefaultConnector.java:98)
Caused by: ERROR 08001: java.net.ConnectException: Error al conectarse al servidor localhost en el puerto 1.527 con el mensaje Connection refused: connect.
	at org.apache.derby.client.net.NetAgent.&lt;init&gt;(Unknown Source)
	at org.apache.derby.client.net.NetConnection.newAgent_(Unknown Source)
	at org.apache.derby.client.am.ClientConnection.&lt;init&gt;(Unknown Source)
	at org.apache.derby.client.net.NetConnection.&lt;init&gt;(Unknown Source)
	at org.apache.derby.client.net.ClientJDBCObjectFactoryImpl.newNetConnection(Unknown Source)
Caused by: java.net.ConnectException: Connection refused: connect
	at java.net.DualStackPlainSocketImpl.connect0(Native Method)
	at java.net.DualStackPlainSocketImpl.socketConnect(DualStackPlainSocketImpl.java:79)
	at java.net.AbstractPlainSocketImpl.doConnect(AbstractPlainSocketImpl.java:350)
	at java.net.AbstractPlainSocketImpl.connectToAddress(AbstractPlainSocketImpl.java:206)
	at java.net.AbstractPlainSocketImpl.connect(AbstractPlainSocketImpl.java:188)
	at java.net.PlainSocketImpl.connect(PlainSocketImpl.java:172)
	at java.net.SocksSocketImpl.connect(SocksSocketImpl.java:392)
	at java.net.Socket.connect(Socket.java:589)
	at java.net.Socket.connect(Socket.java:538)
	at java.net.Socket.&lt;init&gt;(Socket.java:434)
	at java.net.Socket.&lt;init&gt;(Socket.java:211)
	at javax.net.DefaultSocketFactory.createSocket(SocketFactory.java:271)
	at org.apache.derby.client.net.OpenSocketAction.run(Unknown Source)
	at org.apache.derby.client.net.OpenSocketAction.run(Unknown Source)
	at java.security.AccessController.doPrivileged(Native Method)
</error>
  </testcase>
  <system-out><![CDATA[configTemporalAlbum
[EL Info]: 2017-10-23 21:30:46.992--ServerSession(773708944)--EclipseLink, version: Eclipse Persistence Services - 2.5.2.v20140319-9ad6abd
[EL Severe]: ejb: 2017-10-23 21:30:49.271--ServerSession(773708944)--Exception [EclipseLink-4002] (Eclipse Persistence Services - 2.5.2.v20140319-9ad6abd): org.eclipse.persistence.exceptions.DatabaseException
Internal Exception: java.sql.SQLNonTransientConnectionException: java.net.ConnectException: Error al conectarse al servidor localhost en el puerto 1.527 con el mensaje Connection refused: connect.
Error Code: 40000
addToTemporalGenres
[EL Info]: 2017-10-23 21:30:49.345--ServerSession(1505123790)--EclipseLink, version: Eclipse Persistence Services - 2.5.2.v20140319-9ad6abd
[EL Severe]: ejb: 2017-10-23 21:30:51.359--ServerSession(1505123790)--Exception [EclipseLink-4002] (Eclipse Persistence Services - 2.5.2.v20140319-9ad6abd): org.eclipse.persistence.exceptions.DatabaseException
Internal Exception: java.sql.SQLNonTransientConnectionException: java.net.ConnectException: Error al conectarse al servidor localhost en el puerto 1.527 con el mensaje Connection refused: connect.
Error Code: 40000
AltaGenero1
[EL Info]: 2017-10-23 21:30:51.441--ServerSession(1603662305)--EclipseLink, version: Eclipse Persistence Services - 2.5.2.v20140319-9ad6abd
[EL Severe]: ejb: 2017-10-23 21:30:53.443--ServerSession(1603662305)--Exception [EclipseLink-4002] (Eclipse Persistence Services - 2.5.2.v20140319-9ad6abd): org.eclipse.persistence.exceptions.DatabaseException
Internal Exception: java.sql.SQLNonTransientConnectionException: java.net.ConnectException: Error al conectarse al servidor localhost en el puerto 1.527 con el mensaje Connection refused: connect.
Error Code: 40000
consultarArtista1_artistaExiste
[EL Info]: 2017-10-23 21:30:53.499--ServerSession(1500151620)--EclipseLink, version: Eclipse Persistence Services - 2.5.2.v20140319-9ad6abd
[EL Severe]: ejb: 2017-10-23 21:30:55.499--ServerSession(1500151620)--Exception [EclipseLink-4002] (Eclipse Persistence Services - 2.5.2.v20140319-9ad6abd): org.eclipse.persistence.exceptions.DatabaseException
Internal Exception: java.sql.SQLNonTransientConnectionException: java.net.ConnectException: Error al conectarse al servidor localhost en el puerto 1.527 con el mensaje Connection refused: connect.
Error Code: 40000
addListaParticular1_clienteNull
[EL Info]: 2017-10-23 21:30:55.665--ServerSession(132644461)--EclipseLink, version: Eclipse Persistence Services - 2.5.2.v20140319-9ad6abd
[EL Severe]: ejb: 2017-10-23 21:30:57.667--ServerSession(132644461)--Exception [EclipseLink-4002] (Eclipse Persistence Services - 2.5.2.v20140319-9ad6abd): org.eclipse.persistence.exceptions.DatabaseException
Internal Exception: java.sql.SQLNonTransientConnectionException: java.net.ConnectException: Error al conectarse al servidor localhost en el puerto 1.527 con el mensaje Connection refused: connect.
Error Code: 40000
addListaParticular2_agregarCliente
[EL Info]: 2017-10-23 21:30:57.721--ServerSession(1399691256)--EclipseLink, version: Eclipse Persistence Services - 2.5.2.v20140319-9ad6abd
[EL Severe]: ejb: 2017-10-23 21:30:59.723--ServerSession(1399691256)--Exception [EclipseLink-4002] (Eclipse Persistence Services - 2.5.2.v20140319-9ad6abd): org.eclipse.persistence.exceptions.DatabaseException
Internal Exception: java.sql.SQLNonTransientConnectionException: java.net.ConnectException: Error al conectarse al servidor localhost en el puerto 1.527 con el mensaje Connection refused: connect.
Error Code: 40000
createTemporalAlbum
[EL Info]: 2017-10-23 21:30:59.785--ServerSession(430119837)--EclipseLink, version: Eclipse Persistence Services - 2.5.2.v20140319-9ad6abd
[EL Severe]: ejb: 2017-10-23 21:31:01.787--ServerSession(430119837)--Exception [EclipseLink-4002] (Eclipse Persistence Services - 2.5.2.v20140319-9ad6abd): org.eclipse.persistence.exceptions.DatabaseException
Internal Exception: java.sql.SQLNonTransientConnectionException: java.net.ConnectException: Error al conectarse al servidor localhost en el puerto 1.527 con el mensaje Connection refused: connect.
Error Code: 40000
privatizarLista1_listaEsNull_privada
privatizarLista2_privada
privatizarLista3_publica
registrarArtista
[EL Info]: 2017-10-23 21:31:01.864--ServerSession(1177427556)--EclipseLink, version: Eclipse Persistence Services - 2.5.2.v20140319-9ad6abd
[EL Severe]: ejb: 2017-10-23 21:31:03.871--ServerSession(1177427556)--Exception [EclipseLink-4002] (Eclipse Persistence Services - 2.5.2.v20140319-9ad6abd): org.eclipse.persistence.exceptions.DatabaseException
Internal Exception: java.sql.SQLNonTransientConnectionException: java.net.ConnectException: Error al conectarse al servidor localhost en el puerto 1.527 con el mensaje Connection refused: connect.
Error Code: 40000
absolutePathToRelative
addListaPorDefecto1_agregarGeneroNull
[EL Info]: 2017-10-23 21:31:03.928--ServerSession(997219303)--EclipseLink, version: Eclipse Persistence Services - 2.5.2.v20140319-9ad6abd
[EL Severe]: ejb: 2017-10-23 21:31:05.933--ServerSession(997219303)--Exception [EclipseLink-4002] (Eclipse Persistence Services - 2.5.2.v20140319-9ad6abd): org.eclipse.persistence.exceptions.DatabaseException
Internal Exception: java.sql.SQLNonTransientConnectionException: java.net.ConnectException: Error al conectarse al servidor localhost en el puerto 1.527 con el mensaje Connection refused: connect.
Error Code: 40000
addListaPorDefecto1_agregarGeneroNull
[EL Info]: 2017-10-23 21:31:05.991--ServerSession(1822651119)--EclipseLink, version: Eclipse Persistence Services - 2.5.2.v20140319-9ad6abd
[EL Severe]: ejb: 2017-10-23 21:31:08.003--ServerSession(1822651119)--Exception [EclipseLink-4002] (Eclipse Persistence Services - 2.5.2.v20140319-9ad6abd): org.eclipse.persistence.exceptions.DatabaseException
Internal Exception: java.sql.SQLNonTransientConnectionException: java.net.ConnectException: Error al conectarse al servidor localhost en el puerto 1.527 con el mensaje Connection refused: connect.
Error Code: 40000
addTemaToM
[EL Info]: 2017-10-23 21:31:08.057--ServerSession(917131986)--EclipseLink, version: Eclipse Persistence Services - 2.5.2.v20140319-9ad6abd
[EL Severe]: ejb: 2017-10-23 21:31:10.055--ServerSession(917131986)--Exception [EclipseLink-4002] (Eclipse Persistence Services - 2.5.2.v20140319-9ad6abd): org.eclipse.persistence.exceptions.DatabaseException
Internal Exception: java.sql.SQLNonTransientConnectionException: java.net.ConnectException: Error al conectarse al servidor localhost en el puerto 1.527 con el mensaje Connection refused: connect.
Error Code: 40000
wipeTemporalGenres
[EL Info]: 2017-10-23 21:31:10.103--ServerSession(630642676)--EclipseLink, version: Eclipse Persistence Services - 2.5.2.v20140319-9ad6abd
[EL Severe]: ejb: 2017-10-23 21:31:12.108--ServerSession(630642676)--Exception [EclipseLink-4002] (Eclipse Persistence Services - 2.5.2.v20140319-9ad6abd): org.eclipse.persistence.exceptions.DatabaseException
Internal Exception: java.sql.SQLNonTransientConnectionException: java.net.ConnectException: Error al conectarse al servidor localhost en el puerto 1.527 con el mensaje Connection refused: connect.
Error Code: 40000
getGeneroPorNombre
[EL Info]: 2017-10-23 21:31:12.209--ServerSession(1929506494)--EclipseLink, version: Eclipse Persistence Services - 2.5.2.v20140319-9ad6abd
[EL Severe]: ejb: 2017-10-23 21:31:14.211--ServerSession(1929506494)--Exception [EclipseLink-4002] (Eclipse Persistence Services - 2.5.2.v20140319-9ad6abd): org.eclipse.persistence.exceptions.DatabaseException
Internal Exception: java.sql.SQLNonTransientConnectionException: java.net.ConnectException: Error al conectarse al servidor localhost en el puerto 1.527 con el mensaje Connection refused: connect.
Error Code: 40000
consultarCliente1_clienteExiste
[EL Info]: 2017-10-23 21:31:14.261--ServerSession(253613492)--EclipseLink, version: Eclipse Persistence Services - 2.5.2.v20140319-9ad6abd
[EL Severe]: ejb: 2017-10-23 21:31:16.275--ServerSession(253613492)--Exception [EclipseLink-4002] (Eclipse Persistence Services - 2.5.2.v20140319-9ad6abd): org.eclipse.persistence.exceptions.DatabaseException
Internal Exception: java.sql.SQLNonTransientConnectionException: java.net.ConnectException: Error al conectarse al servidor localhost en el puerto 1.527 con el mensaje Connection refused: connect.
Error Code: 40000
consultarCliente1_clienteNoExiste
[EL Info]: 2017-10-23 21:31:16.359--ServerSession(760604710)--EclipseLink, version: Eclipse Persistence Services - 2.5.2.v20140319-9ad6abd
[EL Severe]: ejb: 2017-10-23 21:31:18.363--ServerSession(760604710)--Exception [EclipseLink-4002] (Eclipse Persistence Services - 2.5.2.v20140319-9ad6abd): org.eclipse.persistence.exceptions.DatabaseException
Internal Exception: java.sql.SQLNonTransientConnectionException: java.net.ConnectException: Error al conectarse al servidor localhost en el puerto 1.527 con el mensaje Connection refused: connect.
Error Code: 40000
registrarCliente
[EL Info]: 2017-10-23 21:31:18.424--ServerSession(1048274391)--EclipseLink, version: Eclipse Persistence Services - 2.5.2.v20140319-9ad6abd
[EL Severe]: ejb: 2017-10-23 21:31:20.427--ServerSession(1048274391)--Exception [EclipseLink-4002] (Eclipse Persistence Services - 2.5.2.v20140319-9ad6abd): org.eclipse.persistence.exceptions.DatabaseException
Internal Exception: java.sql.SQLNonTransientConnectionException: java.net.ConnectException: Error al conectarse al servidor localhost en el puerto 1.527 con el mensaje Connection refused: connect.
Error Code: 40000
artistLibre1_libre
[EL Info]: 2017-10-23 21:31:20.479--ServerSession(1727171103)--EclipseLink, version: Eclipse Persistence Services - 2.5.2.v20140319-9ad6abd
[EL Severe]: ejb: 2017-10-23 21:31:22.481--ServerSession(1727171103)--Exception [EclipseLink-4002] (Eclipse Persistence Services - 2.5.2.v20140319-9ad6abd): org.eclipse.persistence.exceptions.DatabaseException
Internal Exception: java.sql.SQLNonTransientConnectionException: java.net.ConnectException: Error al conectarse al servidor localhost en el puerto 1.527 con el mensaje Connection refused: connect.
Error Code: 40000
artistLibre1_ocupado
[EL Info]: 2017-10-23 21:31:22.534--ServerSession(1808584758)--EclipseLink, version: Eclipse Persistence Services - 2.5.2.v20140319-9ad6abd
[EL Severe]: ejb: 2017-10-23 21:31:24.54--ServerSession(1808584758)--Exception [EclipseLink-4002] (Eclipse Persistence Services - 2.5.2.v20140319-9ad6abd): org.eclipse.persistence.exceptions.DatabaseException
Internal Exception: java.sql.SQLNonTransientConnectionException: java.net.ConnectException: Error al conectarse al servidor localhost en el puerto 1.527 con el mensaje Connection refused: connect.
Error Code: 40000
getTemporalAlbum
[EL Info]: 2017-10-23 21:31:24.587--ServerSession(1902499120)--EclipseLink, version: Eclipse Persistence Services - 2.5.2.v20140319-9ad6abd
[EL Severe]: ejb: 2017-10-23 21:31:26.589--ServerSession(1902499120)--Exception [EclipseLink-4002] (Eclipse Persistence Services - 2.5.2.v20140319-9ad6abd): org.eclipse.persistence.exceptions.DatabaseException
Internal Exception: java.sql.SQLNonTransientConnectionException: java.net.ConnectException: Error al conectarse al servidor localhost en el puerto 1.527 con el mensaje Connection refused: connect.
Error Code: 40000
AltaGenero2
[EL Info]: 2017-10-23 21:31:26.636--ServerSession(1104820974)--EclipseLink, version: Eclipse Persistence Services - 2.5.2.v20140319-9ad6abd
[EL Severe]: ejb: 2017-10-23 21:31:28.637--ServerSession(1104820974)--Exception [EclipseLink-4002] (Eclipse Persistence Services - 2.5.2.v20140319-9ad6abd): org.eclipse.persistence.exceptions.DatabaseException
Internal Exception: java.sql.SQLNonTransientConnectionException: java.net.ConnectException: Error al conectarse al servidor localhost en el puerto 1.527 con el mensaje Connection refused: connect.
Error Code: 40000
AltaGenero3
[EL Info]: 2017-10-23 21:31:28.864--ServerSession(493690178)--EclipseLink, version: Eclipse Persistence Services - 2.5.2.v20140319-9ad6abd
[EL Severe]: ejb: 2017-10-23 21:31:30.901--ServerSession(493690178)--Exception [EclipseLink-4002] (Eclipse Persistence Services - 2.5.2.v20140319-9ad6abd): org.eclipse.persistence.exceptions.DatabaseException
Internal Exception: java.sql.SQLNonTransientConnectionException: java.net.ConnectException: Error al conectarse al servidor localhost en el puerto 1.527 con el mensaje Connection refused: connect.
Error Code: 40000
AltaGenero4
[EL Info]: 2017-10-23 21:31:30.951--ServerSession(1400324426)--EclipseLink, version: Eclipse Persistence Services - 2.5.2.v20140319-9ad6abd
[EL Severe]: ejb: 2017-10-23 21:31:32.982--ServerSession(1400324426)--Exception [EclipseLink-4002] (Eclipse Persistence Services - 2.5.2.v20140319-9ad6abd): org.eclipse.persistence.exceptions.DatabaseException
Internal Exception: java.sql.SQLNonTransientConnectionException: java.net.ConnectException: Error al conectarse al servidor localhost en el puerto 1.527 con el mensaje Connection refused: connect.
Error Code: 40000
AltaGenero5
[EL Info]: 2017-10-23 21:31:33.145--ServerSession(1656303750)--EclipseLink, version: Eclipse Persistence Services - 2.5.2.v20140319-9ad6abd
[EL Severe]: ejb: 2017-10-23 21:31:35.151--ServerSession(1656303750)--Exception [EclipseLink-4002] (Eclipse Persistence Services - 2.5.2.v20140319-9ad6abd): org.eclipse.persistence.exceptions.DatabaseException
Internal Exception: java.sql.SQLNonTransientConnectionException: java.net.ConnectException: Error al conectarse al servidor localhost en el puerto 1.527 con el mensaje Connection refused: connect.
Error Code: 40000
AltaGenero6
[EL Info]: 2017-10-23 21:31:35.226--ServerSession(572137576)--EclipseLink, version: Eclipse Persistence Services - 2.5.2.v20140319-9ad6abd
[EL Severe]: ejb: 2017-10-23 21:31:37.233--ServerSession(572137576)--Exception [EclipseLink-4002] (Eclipse Persistence Services - 2.5.2.v20140319-9ad6abd): org.eclipse.persistence.exceptions.DatabaseException
Internal Exception: java.sql.SQLNonTransientConnectionException: java.net.ConnectException: Error al conectarse al servidor localhost en el puerto 1.527 con el mensaje Connection refused: connect.
Error Code: 40000
AltaGenero7
[EL Info]: 2017-10-23 21:31:37.296--ServerSession(1490478426)--EclipseLink, version: Eclipse Persistence Services - 2.5.2.v20140319-9ad6abd
[EL Severe]: ejb: 2017-10-23 21:31:39.299--ServerSession(1490478426)--Exception [EclipseLink-4002] (Eclipse Persistence Services - 2.5.2.v20140319-9ad6abd): org.eclipse.persistence.exceptions.DatabaseException
Internal Exception: java.sql.SQLNonTransientConnectionException: java.net.ConnectException: Error al conectarse al servidor localhost en el puerto 1.527 con el mensaje Connection refused: connect.
Error Code: 40000
deleteTemporalAlbum
[EL Info]: 2017-10-23 21:31:39.391--ServerSession(1807896178)--EclipseLink, version: Eclipse Persistence Services - 2.5.2.v20140319-9ad6abd
[EL Severe]: ejb: 2017-10-23 21:31:41.408--ServerSession(1807896178)--Exception [EclipseLink-4002] (Eclipse Persistence Services - 2.5.2.v20140319-9ad6abd): org.eclipse.persistence.exceptions.DatabaseException
Internal Exception: java.sql.SQLNonTransientConnectionException: java.net.ConnectException: Error al conectarse al servidor localhost en el puerto 1.527 con el mensaje Connection refused: connect.
Error Code: 40000
FindUser2
[EL Info]: 2017-10-23 21:31:41.453--ServerSession(796168203)--EclipseLink, version: Eclipse Persistence Services - 2.5.2.v20140319-9ad6abd
[EL Severe]: ejb: 2017-10-23 21:31:43.461--ServerSession(796168203)--Exception [EclipseLink-4002] (Eclipse Persistence Services - 2.5.2.v20140319-9ad6abd): org.eclipse.persistence.exceptions.DatabaseException
Internal Exception: java.sql.SQLNonTransientConnectionException: java.net.ConnectException: Error al conectarse al servidor localhost en el puerto 1.527 con el mensaje Connection refused: connect.
Error Code: 40000
getListaClientes
[EL Info]: 2017-10-23 21:31:43.516--ServerSession(883087072)--EclipseLink, version: Eclipse Persistence Services - 2.5.2.v20140319-9ad6abd
[EL Severe]: ejb: 2017-10-23 21:31:45.517--ServerSession(883087072)--Exception [EclipseLink-4002] (Eclipse Persistence Services - 2.5.2.v20140319-9ad6abd): org.eclipse.persistence.exceptions.DatabaseException
Internal Exception: java.sql.SQLNonTransientConnectionException: java.net.ConnectException: Error al conectarse al servidor localhost en el puerto 1.527 con el mensaje Connection refused: connect.
Error Code: 40000
GetGenero
[EL Info]: 2017-10-23 21:31:45.568--ServerSession(1789376127)--EclipseLink, version: Eclipse Persistence Services - 2.5.2.v20140319-9ad6abd
[EL Severe]: ejb: 2017-10-23 21:31:47.569--ServerSession(1789376127)--Exception [EclipseLink-4002] (Eclipse Persistence Services - 2.5.2.v20140319-9ad6abd): org.eclipse.persistence.exceptions.DatabaseException
Internal Exception: java.sql.SQLNonTransientConnectionException: java.net.ConnectException: Error al conectarse al servidor localhost en el puerto 1.527 con el mensaje Connection refused: connect.
Error Code: 40000
createTemporalGenres
[EL Info]: 2017-10-23 21:31:47.657--ServerSession(1674550752)--EclipseLink, version: Eclipse Persistence Services - 2.5.2.v20140319-9ad6abd
[EL Severe]: ejb: 2017-10-23 21:31:49.661--ServerSession(1674550752)--Exception [EclipseLink-4002] (Eclipse Persistence Services - 2.5.2.v20140319-9ad6abd): org.eclipse.persistence.exceptions.DatabaseException
Internal Exception: java.sql.SQLNonTransientConnectionException: java.net.ConnectException: Error al conectarse al servidor localhost en el puerto 1.527 con el mensaje Connection refused: connect.
Error Code: 40000
getGeneroPorNombre
[EL Info]: 2017-10-23 21:31:49.744--ServerSession(122513206)--EclipseLink, version: Eclipse Persistence Services - 2.5.2.v20140319-9ad6abd
[EL Severe]: ejb: 2017-10-23 21:31:51.837--ServerSession(122513206)--Exception [EclipseLink-4002] (Eclipse Persistence Services - 2.5.2.v20140319-9ad6abd): org.eclipse.persistence.exceptions.DatabaseException
Internal Exception: java.sql.SQLNonTransientConnectionException: java.net.ConnectException: Error al conectarse al servidor localhost en el puerto 1.527 con el mensaje Connection refused: connect.
Error Code: 40000
getTemporalGenres
[EL Info]: 2017-10-23 21:31:51.88--ServerSession(41810270)--EclipseLink, version: Eclipse Persistence Services - 2.5.2.v20140319-9ad6abd
[EL Severe]: ejb: 2017-10-23 21:31:53.876--ServerSession(41810270)--Exception [EclipseLink-4002] (Eclipse Persistence Services - 2.5.2.v20140319-9ad6abd): org.eclipse.persistence.exceptions.DatabaseException
Internal Exception: java.sql.SQLNonTransientConnectionException: java.net.ConnectException: Error al conectarse al servidor localhost en el puerto 1.527 con el mensaje Connection refused: connect.
Error Code: 40000
addTemporalAlbum
[EL Info]: 2017-10-23 21:31:53.929--ServerSession(257749659)--EclipseLink, version: Eclipse Persistence Services - 2.5.2.v20140319-9ad6abd
[EL Severe]: ejb: 2017-10-23 21:31:55.954--ServerSession(257749659)--Exception [EclipseLink-4002] (Eclipse Persistence Services - 2.5.2.v20140319-9ad6abd): org.eclipse.persistence.exceptions.DatabaseException
Internal Exception: java.sql.SQLNonTransientConnectionException: java.net.ConnectException: Error al conectarse al servidor localhost en el puerto 1.527 con el mensaje Connection refused: connect.
Error Code: 40000
mailLibre1_mailNoEstaLibre
[EL Info]: 2017-10-23 21:31:56.003--ServerSession(1896000574)--EclipseLink, version: Eclipse Persistence Services - 2.5.2.v20140319-9ad6abd
[EL Severe]: ejb: 2017-10-23 21:31:58.002--ServerSession(1896000574)--Exception [EclipseLink-4002] (Eclipse Persistence Services - 2.5.2.v20140319-9ad6abd): org.eclipse.persistence.exceptions.DatabaseException
Internal Exception: java.sql.SQLNonTransientConnectionException: java.net.ConnectException: Error al conectarse al servidor localhost en el puerto 1.527 con el mensaje Connection refused: connect.
Error Code: 40000
mailLibre1_mailEstaLibre
[EL Info]: 2017-10-23 21:31:58.063--ServerSession(1930842682)--EclipseLink, version: Eclipse Persistence Services - 2.5.2.v20140319-9ad6abd
[EL Severe]: ejb: 2017-10-23 21:32:00.071--ServerSession(1930842682)--Exception [EclipseLink-4002] (Eclipse Persistence Services - 2.5.2.v20140319-9ad6abd): org.eclipse.persistence.exceptions.DatabaseException
Internal Exception: java.sql.SQLNonTransientConnectionException: java.net.ConnectException: Error al conectarse al servidor localhost en el puerto 1.527 con el mensaje Connection refused: connect.
Error Code: 40000
]]></system-out>
  <system-err><![CDATA[]]></system-err>
</testsuite>
